20200814.0841.19 info  MUD            CoffeeMud v5.9.10
20200814.0841.19 info  MUD            (C) 2000-2020 Bo Zimmerman
20200814.0841.19 info  MUD            http://www.coffeemud.org
20200814.0841.19 error CMSecurity     Unknown or duplicate enable flag: CLASS_COMMONER
20200814.0841.19 info  HOST0          Disabled subsystems: DBERRORQUESTART, COMMAND_POSE, QUITREASON, RETIREREASON
20200814.0841.20 info  MUD@5555       MUD Server started on port: 5555
java.lang.ClassNotFoundException: com.mysql.jdbc.Driver
	at java.base/jdk.internal.loader.BuiltinClassLoader.loadClass(BuiltinClassLoader.java:581)
	at java.base/jdk.internal.loader.ClassLoaders$AppClassLoader.loadClass(ClassLoaders.java:178)
	at java.base/java.lang.ClassLoader.loadClass(ClassLoader.java:522)
	at java.base/java.lang.Class.forName0(Native Method)
	at java.base/java.lang.Class.forName(Class.java:315)
	at com.planet_ink.coffee_mud.core.database.DBConnection.<init>(DBConnection.java:117)
	at com.planet_ink.coffee_mud.core.database.DBConnections.DBFetchAny(DBConnections.java:373)
	at com.planet_ink.coffee_mud.core.database.DBConnections.DBFetchTest(DBConnections.java:346)
	at com.planet_ink.coffee_mud.core.database.DBConnector.DBFetchTest(DBConnector.java:233)
	at com.planet_ink.coffee_mud.application.MUD$HostGroup.initHost(MUD.java:1498)
	at com.planet_ink.coffee_mud.application.MUD$HostGroup.run(MUD.java:1947)
20200814.0841.20 error DBConnections  No suitable driver found for jdbc:mysql://localhost/gronmud
java.sql.SQLException: No suitable driver found for jdbc:mysql://localhost/gronmud
	at java.sql/java.sql.DriverManager.getConnection(DriverManager.java:702)
	at java.sql/java.sql.DriverManager.getConnection(DriverManager.java:189)
	at com.planet_ink.coffee_mud.core.database.DBConnection.<init>(DBConnection.java:135)
	at com.planet_ink.coffee_mud.core.database.DBConnections.DBFetchAny(DBConnections.java:373)
	at com.planet_ink.coffee_mud.core.database.DBConnections.DBFetchTest(DBConnections.java:346)
	at com.planet_ink.coffee_mud.core.database.DBConnector.DBFetchTest(DBConnector.java:233)
	at com.planet_ink.coffee_mud.application.MUD$HostGroup.initHost(MUD.java:1498)
	at com.planet_ink.coffee_mud.application.MUD$HostGroup.run(MUD.java:1947)
20200814.0841.20 error HOST0          Fatal database error: <BR>#101 DBCONNECTIONS REPORTING A DISCONNECTED STATE<BR>Connections in use=0/0
20200814.0841.20 error MUD            CoffeeMud failed to start.
