20200812.1932.53 info  MUD            CoffeeMud v5.9.10
20200812.1932.53 info  MUD            (C) 2000-2020 Bo Zimmerman
20200812.1932.53 info  MUD            http://www.coffeemud.org
20200812.1932.53 error CMSecurity     Unknown or duplicate enable flag: CLASS_ARTISAN
20200812.1932.53 info  HOST0          Disabled subsystems: DBERRORQUESTART, COMMAND_POSE, QUITREASON, RETIREREASON
20200812.1932.53 info  MUD@5555       MUD Server started on port: 5555
20200812.1932.54 info  HOST0          Connected to jdbc:fakedb:resources/fakedb
20200812.1932.54 debug HOST0          SSL not configured.
20200812.1932.54 debug HOST0          SSL not configured.
20200812.1932.54 error SMTP           Set your coffeemud.ini parameter: DOMAIN
20200812.1932.54 info  cweb-admin0    Started http admin0 on port 27777
20200812.1932.54 info  cweb-pub0      Started http pub0 on port 27744
20200812.1932.54 info  cweb-pub0      Started http pub0 on port 80
20200812.1932.54 debug cweb-admin0Tim Timeout Thread started
20200812.1932.54 debug cweb-pub0Timeo Timeout Thread started
20200812.1932.55 info  HOST0          WebMacros loaded  : 193
20200812.1932.55 info  HOST0          MOB Types loaded  : 148
20200812.1932.55 info  HOST0          Exit Types loaded : 30
20200812.1932.55 info  HOST0          Area Types loaded : 14
20200812.1932.55 info  HOST0          Locales loaded    : 124
20200812.1932.56 info  HOST0          Fighter Skills    : 131
20200812.1932.56 info  HOST0          Chants loaded     : 315
20200812.1932.56 info  HOST0          Languages loaded  : 58
20200812.1932.56 info  HOST0          Properties loaded : 298
20200812.1932.56 info  HOST0          Prayers loaded    : 306
20200812.1932.57 info  HOST0          Thief Skills      : 154
20200812.1932.57 info  HOST0          Skills loaded     : 316
20200812.1932.57 info  HOST0          Songs loaded      : 156
20200812.1932.57 info  HOST0          Spells loaded     : 403
20200812.1932.57 info  HOST0          Heroics loaded    : 6
20200812.1932.57 info  HOST0          Tech Skills loaded: 2
20200812.1932.57 info  HOST0          Traps loaded      : 76
20200812.1932.57 info  HOST0          GenAbles loaded   : 1
20200812.1932.58 info  HOST0          Basic Items loaded: 128
20200812.1932.58 info  HOST0          Weapons loaded    : 60
20200812.1932.58 info  HOST0          Armor loaded      : 50
20200812.1932.58 info  HOST0          Magic Items loaded: 45
20200812.1932.58 info  HOST0          Clan Items loaded : 24
20200812.1932.58 info  HOST0          Electronics loaded: 81
20200812.1932.58 info  HOST0          Behaviors loaded  : 97
20200812.1932.58 info  HOST0          Commands loaded   : 286
20200812.1932.59 info  HOST0          Races loaded      : 227
20200812.1932.59 info  HOST0          Classes loaded    : 54
20200812.1933.07 info  HOST0          Expertises defined: 1817
20200812.1933.07 info  HOST0          Channels loaded   : 20
20200812.1933.07 info  HOST0          Socials loaded    : 312
20200812.1933.07 info  HOST0          Clans loaded      : 0
20200812.1933.07 info  I3Server       InterMud3 Core (c)1996 George Reese
20200812.1933.07 info  CM1Server0@277 Started CM1Server0@27733 on port 27733
20200812.1933.07 error Intermud       Please set ADMINEMAIL in your coffeemud.ini file.
20200812.1933.07 info  Intermud3      I3 client connection: 204.209.44.3@8080
20200812.1933.07 info  I3Server       InterMud3 Server started on port 27766
20200812.1933.07 info  HOST0          Loading catalog...
20200812.1933.07 info  HOST0          Loading map...
20200812.1933.08 error Room           Couldn't set 3 exit for unknown room 'ZFAAhouse2#14'
20200812.1933.08 error Room           Couldn't set 1 exit for unknown room 'ZFAAhouse2#14'
20200812.1933.11 info  HOST0          Preparing map...
20200812.1933.11 info  HOST0          Mapped rooms      : 438 in 10 areas
20200812.1933.11 info  HOST0          Quests loaded     : 9
20200812.1933.11 info  HOST0          Services and utilities started
20200812.1933.11 info  HOST0          Host#0 initializated.
20200812.1933.11 info  MUD            Initialization complete.
20200812.1933.20 info  MudChat        Chat Data by Chris Busch & Jeremy Vyska
20200812.1934.13 error Worker0#5      Error processing condition $target_int > 5: Unknown variable 'CURRENT_INTELLIGENCE' on '{ANY\.=com.planet_ink.coffee_mud.MOBS.GenMob@4bebaa21}' in 'SELECT:current_intelligence from $target'
20200812.1934.13 error Generate       Condition procesing failure: Undefined variable found: $TARGET_INT: $target_int > 5
20200812.1934.13 error Worker0#5      Error processing condition $target_int > 5: Unknown variable 'CURRENT_INTELLIGENCE' on '{ANY\.=com.planet_ink.coffee_mud.MOBS.GenMob@4bebaa21}' in 'SELECT:current_intelligence from $target'
20200812.1934.13 error Generate       Condition procesing failure: Undefined variable found: $TARGET_INT: $target_int > 5
20200812.1934.13 error Worker0#5      Error processing condition $target_int > 5: Unknown variable 'CURRENT_INTELLIGENCE' on '{ANY\.=com.planet_ink.coffee_mud.MOBS.GenMob@4bebaa21}' in 'SELECT:current_intelligence from $target'
20200812.1934.13 error Generate       Condition procesing failure: Undefined variable found: $TARGET_INT: $target_int > 5
20200812.1934.13 error Worker0#5      Error processing condition $target_int > 5: Unknown variable 'CURRENT_INTELLIGENCE' on '{ANY\.=com.planet_ink.coffee_mud.MOBS.GenMob@4bebaa21}' in 'SELECT:current_intelligence from $target'
20200812.1934.13 error Generate       Condition procesing failure: Undefined variable found: $TARGET_INT: $target_int > 5
20200812.1934.13 error Worker0#5      Error processing condition $target_int > 5: Unknown variable 'CURRENT_INTELLIGENCE' on '{ANY\.=com.planet_ink.coffee_mud.MOBS.GenMob@4bebaa21}' in 'SELECT:current_intelligence from $target'
20200812.1934.13 error Generate       Condition procesing failure: Undefined variable found: $TARGET_INT: $target_int > 5
20200812.1934.13 error Worker0#5      Error processing condition $target_int > 5 and $source_align > 5000: Unknown variable 'CURRENT_INTELLIGENCE' on '{ANY\.=com.planet_ink.coffee_mud.MOBS.GenMob@4bebaa21}' in 'SELECT:current_intelligence from $target'
20200812.1934.13 error Generate       Condition procesing failure: Undefined variable found: $TARGET_INT: $target_int > 5 and $source_align > 5000
20200812.1934.13 error Worker0#5      Error processing condition $target_int > 5: Unknown variable 'CURRENT_INTELLIGENCE' on '{ANY\.=com.planet_ink.coffee_mud.MOBS.GenMob@4bebaa21}' in 'SELECT:current_intelligence from $target'
20200812.1934.13 error Generate       Condition procesing failure: Undefined variable found: $TARGET_INT: $target_int > 5
20200812.1934.13 error Worker0#5      Error processing condition $target_int > 5: Unknown variable 'CURRENT_INTELLIGENCE' on '{ANY\.=com.planet_ink.coffee_mud.MOBS.GenMob@4bebaa21}' in 'SELECT:current_intelligence from $target'
20200812.1934.13 error Generate       Condition procesing failure: Undefined variable found: $TARGET_INT: $target_int > 5
20200812.1934.29 info  Worker0#1      Connection from 108.11.190.209
20200812.1934.37 info  ItemGeneration Starting master item generation
20200812.1934.43 error Achievements   Error: Missing or invalid STAT parameter: INTELLIGENCE!
20200812.1934.43 error Achievements   Error: Missing or invalid STAT parameter: INTELLIGENCE!
20200812.1934.43 debug Achievement    Unknown award type: INTELLIGENCE
20200812.1934.43 debug Achievement    Unknown award type: INTELLIGENCE
20200812.1934.43 debug Achievement    Unknown award type: INTELLIGENCE
20200812.1934.43 debug Achievement    Unknown award type: INTELLIGENCE
20200812.1934.43 debug Achievement    Unknown award type: INTELLIGENCE
20200812.1934.43 debug Achievement    Unknown award type: INTELLIGENCE
20200812.1934.43 debug Achievement    Unknown award type: INTELLIGENCE
20200812.1934.43 debug Achievement    Unknown award type: INTELLIGENCE
20200812.1934.43 debug Achievement    Unknown award type: INTELLIGENCE
20200812.1934.44 info  Worker0#5      108.11.190.209 Mudlet 4.8.0 MXP GMCP CMP ANSI, character login: Kurjak
20200812.1935.59 info  ItemGeneration Finished master item generation
20200812.1944.33 info  Worker0#2      Connection from 108.11.190.209
20200812.1944.41 info  Worker0#5      108.11.190.209 Mudlet 4.8.0 MXP GMCP CMP ANSI, character login: Ermiel
20200812.1951.39 info  Mobs           Ermiel created mob a citizen.
20200812.1952.21 info  Generate       Ermiel generated mob a subject
20200812.1952.21 info  Generate       Ermiel called generate command with parms: mob town_citizen
20200812.1952.23 info  Generate       Ermiel generated mob a serf
20200812.1952.23 info  Generate       Ermiel called generate command with parms: mob town_citizen
20200812.1952.25 info  Generate       Ermiel generated mob a serf
20200812.1952.25 info  Generate       Ermiel called generate command with parms: mob town_citizen
20200812.1952.25 info  Generate       Ermiel generated mob a villager
20200812.1952.25 info  Generate       Ermiel called generate command with parms: mob town_citizen
20200812.1953.03 info  Items          Ermiel created item GenPants.
20200812.1953.08 info  Items          Ermiel created item GenArmor.
20200812.1953.16 info  Items          Ermiel created item GenArmor.
20200812.1953.40 info  CreateEdit     Ermiel modified mob a villager (GenMob) in Silver Ford#36.
20200812.1954.54 info  CreateEdit     Ermiel modified mob a villager (GenMob) in Silver Ford#36.
20200812.1955.36 error Worker0#4      Error processing condition $target_int > 5: Unknown variable 'CURRENT_INTELLIGENCE' on '{ANY\.=com.planet_ink.coffee_mud.MOBS.GenMob@e0782bb}' in 'SELECT:current_intelligence from $target'
20200812.1955.36 error Generate       Condition procesing failure: Undefined variable found: $TARGET_INT: $target_int > 5
20200812.1955.36 error Worker0#4      Error processing condition $target_int > 5: Unknown variable 'CURRENT_INTELLIGENCE' on '{ANY\.=com.planet_ink.coffee_mud.MOBS.GenMob@e0782bb}' in 'SELECT:current_intelligence from $target'
20200812.1955.36 error Generate       Condition procesing failure: Undefined variable found: $TARGET_INT: $target_int > 5
20200812.1955.36 error Worker0#4      Error processing condition $target_int > 5: Unknown variable 'CURRENT_INTELLIGENCE' on '{ANY\.=com.planet_ink.coffee_mud.MOBS.GenMob@e0782bb}' in 'SELECT:current_intelligence from $target'
20200812.1955.36 error Generate       Condition procesing failure: Undefined variable found: $TARGET_INT: $target_int > 5
20200812.1955.36 error Worker0#4      Error processing condition $target_int > 5: Unknown variable 'CURRENT_INTELLIGENCE' on '{ANY\.=com.planet_ink.coffee_mud.MOBS.GenMob@e0782bb}' in 'SELECT:current_intelligence from $target'
20200812.1955.36 error Generate       Condition procesing failure: Undefined variable found: $TARGET_INT: $target_int > 5
20200812.1955.36 error Worker0#4      Error processing condition $target_int > 5: Unknown variable 'CURRENT_INTELLIGENCE' on '{ANY\.=com.planet_ink.coffee_mud.MOBS.GenMob@e0782bb}' in 'SELECT:current_intelligence from $target'
20200812.1955.36 error Generate       Condition procesing failure: Undefined variable found: $TARGET_INT: $target_int > 5
20200812.1955.36 error Worker0#4      Error processing condition $target_int > 5 and $source_align > 5000: Unknown variable 'CURRENT_INTELLIGENCE' on '{ANY\.=com.planet_ink.coffee_mud.MOBS.GenMob@e0782bb}' in 'SELECT:current_intelligence from $target'
20200812.1955.36 error Generate       Condition procesing failure: Undefined variable found: $TARGET_INT: $target_int > 5 and $source_align > 5000
20200812.1955.36 error Worker0#4      Error processing condition $target_int > 5: Unknown variable 'CURRENT_INTELLIGENCE' on '{ANY\.=com.planet_ink.coffee_mud.MOBS.GenMob@e0782bb}' in 'SELECT:current_intelligence from $target'
20200812.1955.36 error Generate       Condition procesing failure: Undefined variable found: $TARGET_INT: $target_int > 5
20200812.1955.36 error Worker0#4      Error processing condition $target_int > 5: Unknown variable 'CURRENT_INTELLIGENCE' on '{ANY\.=com.planet_ink.coffee_mud.MOBS.GenMob@e0782bb}' in 'SELECT:current_intelligence from $target'
20200812.1955.36 error Generate       Condition procesing failure: Undefined variable found: $TARGET_INT: $target_int > 5
20200812.1955.36 error Worker0#4      Error processing condition $target_int < 4: Unknown variable 'CURRENT_INTELLIGENCE' on '{ANY\.=com.planet_ink.coffee_mud.MOBS.GenMob@e0782bb}' in 'SELECT:current_intelligence from $target'
20200812.1955.36 error Generate       Condition procesing failure: Undefined variable found: $TARGET_INT: $target_int < 4
20200812.2019.18 info  Worker0#5      Connection from 36.37.124.100
20200812.2019.24 info  Worker0#2      Disconnect: 36.37.124.100 (5s)
20200812.2031.05 info  Worker0#4      Logout: Kurjak (56m)
20200812.2031.05 info  Worker0#4      Disconnect: Kurjak: 108.11.190.209 (56m)
20200812.2031.25 info  Worker0#1      Connection from 108.11.190.209
20200812.2031.30 info  Worker0#2      108.11.190.209 Mudlet 4.8.0 MXP GMCP CMP ANSI, character login: Kurjak
20200812.2033.16 error DBConnections  Minor failure obtaining DBConnection(2/2 in use).
20200812.2033.22 error DBConnections  Minor failure obtaining DBConnection(2/2 in use).
20200812.2033.29 error DBConnections  Minor failure obtaining DBConnection(2/2 in use).
20200812.2033.36 error DBConnections  Minor failure obtaining DBConnection(2/2 in use).
20200812.2033.42 error DBConnections  Minor failure obtaining DBConnection(2/2 in use).
20200812.2033.49 error DBConnections  Minor failure obtaining DBConnection(2/2 in use).
20200812.2033.55 error DBConnections  Minor failure obtaining DBConnection(2/2 in use).
20200812.2034.01 error DBConnections  Minor failure obtaining DBConnection(2/2 in use).
20200812.2034.08 error DBConnections  Minor failure obtaining DBConnection(2/2 in use).
20200812.2034.14 error DBConnections  Minor failure obtaining DBConnection(2/2 in use).
20200812.2034.21 error DBConnections  Minor failure obtaining DBConnection(2/2 in use).
20200812.2034.27 error DBConnections  Minor failure obtaining DBConnection(2/2 in use).
20200812.2034.34 error DBConnections  Minor failure obtaining DBConnection(2/2 in use).
20200812.2034.39 error DBConnections  Minor failure obtaining DBConnection(2/2 in use).
20200812.2034.46 error DBConnections  Minor failure obtaining DBConnection(2/2 in use).
20200812.2034.52 error DBConnections  Minor failure obtaining DBConnection(2/2 in use).
20200812.2034.59 error DBConnections  Minor failure obtaining DBConnection(2/2 in use).
20200812.2035.05 error DBConnections  Minor failure obtaining DBConnection(2/2 in use).
20200812.2035.10 error DBConnections  Minor failure obtaining DBConnection(2/2 in use).
20200812.2035.14 error DBConnections  Minor failure obtaining DBConnection(2/2 in use).
20200812.2035.18 error DBConnections  Minor failure obtaining DBConnection(2/2 in use).
20200812.2035.23 error DBConnections  Minor failure obtaining DBConnection(2/2 in use).
20200812.2035.27 error DBConnections  Minor failure obtaining DBConnection(2/2 in use).
20200812.2035.31 error DBConnections  Minor failure obtaining DBConnection(2/2 in use).
20200812.2035.35 error DBConnections  Minor failure obtaining DBConnection(2/2 in use).
20200812.2035.39 error DBConnections  Minor failure obtaining DBConnection(2/2 in use).
20200812.2035.43 error DBConnections  Minor failure obtaining DBConnection(2/2 in use).
20200812.2035.47 error DBConnections  Minor failure obtaining DBConnection(2/2 in use).
20200812.2035.52 error DBConnections  Minor failure obtaining DBConnection(2/2 in use).
20200812.2035.56 error DBConnections  Minor failure obtaining DBConnection(2/2 in use).
20200812.2036.00 error DBConnections  Minor failure obtaining DBConnection(2/2 in use).
20200812.2036.04 error DBConnections  Minor failure obtaining DBConnection(2/2 in use).
20200812.2036.09 error DBConnections  Minor failure obtaining DBConnection(2/2 in use).
20200812.2036.13 error DBConnections  Minor failure obtaining DBConnection(2/2 in use).
20200812.2036.17 error DBConnections  Minor failure obtaining DBConnection(2/2 in use).
20200812.2036.21 error DBConnections  Minor failure obtaining DBConnection(2/2 in use).
20200812.2036.25 error DBConnections  Minor failure obtaining DBConnection(2/2 in use).
20200812.2036.30 error DBConnections  Minor failure obtaining DBConnection(2/2 in use).
20200812.2036.33 error DBConnections  Minor failure obtaining DBConnection(2/2 in use).
20200812.2036.38 error DBConnections  Minor failure obtaining DBConnection(2/2 in use).
20200812.2036.42 error DBConnections  Minor failure obtaining DBConnection(2/2 in use).
20200812.2036.47 error DBConnections  Minor failure obtaining DBConnection(2/2 in use).
20200812.2036.51 error DBConnections  Minor failure obtaining DBConnection(2/2 in use).
20200812.2036.55 error DBConnections  Minor failure obtaining DBConnection(2/2 in use).
20200812.2036.59 error DBConnections  Minor failure obtaining DBConnection(2/2 in use).
20200812.2037.04 error DBConnections  Minor failure obtaining DBConnection(2/2 in use).
20200812.2037.08 error DBConnections  Minor failure obtaining DBConnection(2/2 in use).
20200812.2037.13 error DBConnections  Minor failure obtaining DBConnection(2/2 in use).
20200812.2037.17 error DBConnections  Minor failure obtaining DBConnection(2/2 in use).
20200812.2037.22 error DBConnections  Minor failure obtaining DBConnection(2/2 in use).
20200812.2037.26 error DBConnections  Minor failure obtaining DBConnection(2/2 in use).
20200812.2037.31 error DBConnections  Minor failure obtaining DBConnection(2/2 in use).
20200812.2037.35 error DBConnections  Minor failure obtaining DBConnection(2/2 in use).
20200812.2037.40 error DBConnections  Minor failure obtaining DBConnection(2/2 in use).
20200812.2037.43 error DBConnections  Minor failure obtaining DBConnection(2/2 in use).
20200812.2037.48 error DBConnections  Minor failure obtaining DBConnection(2/2 in use).
20200812.2037.53 error DBConnections  Minor failure obtaining DBConnection(2/2 in use).
20200812.2037.57 error DBConnections  Minor failure obtaining DBConnection(2/2 in use).
20200812.2038.01 error DBConnections  Minor failure obtaining DBConnection(2/2 in use).
20200812.2038.05 error DBConnections  Minor failure obtaining DBConnection(2/2 in use).
20200812.2038.10 error DBConnections  Minor failure obtaining DBConnection(2/2 in use).
20200812.2038.12 error DBConnections  Minor failure obtaining DBConnection(2/2 in use).
20200812.2038.15 error DBConnections  Minor failure obtaining DBConnection(2/2 in use).
20200812.2038.18 error DBConnections  Minor failure obtaining DBConnection(2/2 in use).
20200812.2038.21 error DBConnections  Minor failure obtaining DBConnection(2/2 in use).
20200812.2038.24 error DBConnections  Minor failure obtaining DBConnection(2/2 in use).
20200812.2038.27 error DBConnections  Minor failure obtaining DBConnection(2/2 in use).
20200812.2038.30 info  Worker0#5      Connection from 185.176.221.168
20200812.2038.31 error DBConnections  Minor failure obtaining DBConnection(2/2 in use).
20200812.2038.34 error DBConnections  Minor failure obtaining DBConnection(2/2 in use).
20200812.2038.36 info  Worker0#7      Disconnect: 185.176.221.168 (5s)
20200812.2038.37 error DBConnections  Minor failure obtaining DBConnection(2/2 in use).
20200812.2038.40 error DBConnections  Minor failure obtaining DBConnection(2/2 in use).
20200812.2038.44 error DBConnections  Minor failure obtaining DBConnection(2/2 in use).
20200812.2038.47 error DBConnections  Minor failure obtaining DBConnection(2/2 in use).
20200812.2038.50 error DBConnections  Minor failure obtaining DBConnection(2/2 in use).
20200812.2038.53 error DBConnections  Minor failure obtaining DBConnection(2/2 in use).
20200812.2038.57 error DBConnections  Minor failure obtaining DBConnection(2/2 in use).
20200812.2039.00 error DBConnections  Minor failure obtaining DBConnection(2/2 in use).
20200812.2039.03 error DBConnections  Minor failure obtaining DBConnection(2/2 in use).
20200812.2039.07 error DBConnections  Minor failure obtaining DBConnection(2/2 in use).
20200812.2039.11 error DBConnections  Minor failure obtaining DBConnection(2/2 in use).
20200812.2039.14 error DBConnections  Minor failure obtaining DBConnection(2/2 in use).
20200812.2039.17 error DBConnections  Minor failure obtaining DBConnection(2/2 in use).
20200812.2039.21 error DBConnections  Minor failure obtaining DBConnection(2/2 in use).
20200812.2039.24 error DBConnections  Minor failure obtaining DBConnection(2/2 in use).
20200812.2039.27 error DBConnections  Minor failure obtaining DBConnection(2/2 in use).
20200812.2039.30 error DBConnections  Minor failure obtaining DBConnection(2/2 in use).
20200812.2039.33 error DBConnections  Minor failure obtaining DBConnection(2/2 in use).
20200812.2039.37 error DBConnections  Minor failure obtaining DBConnection(2/2 in use).
20200812.2039.40 error DBConnections  Minor failure obtaining DBConnection(2/2 in use).
20200812.2039.43 error DBConnections  Minor failure obtaining DBConnection(2/2 in use).
20200812.2039.47 error DBConnections  Minor failure obtaining DBConnection(2/2 in use).
20200812.2039.51 error DBConnections  Minor failure obtaining DBConnection(2/2 in use).
20200812.2039.54 error DBConnections  Minor failure obtaining DBConnection(2/2 in use).
20200812.2039.57 error DBConnections  Minor failure obtaining DBConnection(2/2 in use).
20200812.2040.00 error DBConnections  Minor failure obtaining DBConnection(2/2 in use).
20200812.2040.04 error DBConnections  Minor failure obtaining DBConnection(2/2 in use).
20200812.2040.07 error DBConnections  Minor failure obtaining DBConnection(2/2 in use).
20200812.2040.10 error DBConnections  Minor failure obtaining DBConnection(2/2 in use).
20200812.2040.13 error DBConnections  Minor failure obtaining DBConnection(2/2 in use).
20200812.2040.16 error DBConnections  Minor failure obtaining DBConnection(2/2 in use).
20200812.2040.17 error THStats0       DB: <BR>#100 DBCONNECTIONS REPORTING A LOCKED STATE<BR>Connections in use=0/2
20200812.2040.17 info  Worker0#4      Neatherclaw has been deleted.
20200812.2040.17 info  THPlayers0     AutoPurged user Neatherclaw (0). Last logged in 8/1/2020 5:16 PM.
20200812.2040.18 info  Worker0#4      Quill has been deleted.
20200812.2040.18 info  THPlayers0     AutoPurged user Quill (0). Last logged in 8/1/2020 6:48 PM.
20200812.2043.00 info  Worker0#7      Logout: Kurjak (11m)
20200812.2043.00 info  Worker0#7      Disconnect: Kurjak: 108.11.190.209 (11m)
20200812.2043.07 error CommandProcess Ermiel starts system shutdown...
20200812.2043.07 info  Shutdown0      New Connections are now closed
20200812.2043.07 info  ServiceEngine  Scheduler stopped
20200812.2043.17 info  Shutdown0      All users saved.
20200812.2043.17 info  Shutdown0      Stats saved.
20200812.2043.17 info  Shutdown0      Notifying all objects of shutdown...
20200812.2043.17 info  QuestBound     SHUTDOWN message for a harsh kobold guard caused Adventure_House_Den_a_harsh_kobold_guard_normal_killer2_R291584226 to reset.
20200812.2043.17 info  QuestBound     SHUTDOWN message for a grim kobold guard caused Adventure_House_Den_a_grim_kobold_guard_normal_protect1_R943397198 to reset.
20200812.2043.17 info  QuestBound     SHUTDOWN message for a whimpering prisoner caused zfahprison_demon to reset.
20200812.2043.17 info  QuestBound     SHUTDOWN message for a nasty gray rat caused Dragons_Belly_a_nasty_gray_rat_normal_killer2_R953071017 to reset.
20200812.2043.17 info  QuestBound     SHUTDOWN message for an eerie gray rat caused Dragonmaw_Mine_an_eerie_gray_rat_normal_collect2_R488921824 to reset.
20200812.2043.17 info  QuestBound     SHUTDOWN message for the giant snail caused Mud_School_the_giant_snail_normal_collect2_R986570348 to reset.
20200812.2043.17 info  QuestBound     SHUTDOWN message for Aldustough caused Silver_Ford_Zilor_Fice_normal_mystery2_R916292196 to reset.
20200812.2043.17 info  QuestBound     SHUTDOWN message for Nysycha caused Silver_Ford_Zilor_Fice_normal_mystery2_R956560707 to reset.
20200812.2043.17 info  QuestBound     SHUTDOWN message for an Iron Dragon guard caused Silver_Ford_an_Iron_Dragon_guard_normal_killer2_R230334245 to reset.
20200812.2043.17 info  QuestBound     SHUTDOWN message for the soldier caused dragmine_killer_1 to reset.
20200812.2043.17 info  QuestBound     SHUTDOWN message for Ormen caused Silver_Ford_Ormen_normal_capture2_R901644372 to reset.
20200812.2043.17 info  QuestBound     SHUTDOWN message for a villager caused Silver_Ford_a_villager_normal_capture4_R627189091 to reset.
20200812.2043.18 info  CM1Server      Shutdown complete
20200812.2043.20 info  Shutdown0      CM1Server0@27733 stopped
20200812.2043.20 info  Intermud       Shutdown!!!
20200812.2043.21 info  Shutdown0      I3Server stopped
20200812.2043.24 info  Shutdown0      All users logged off.
20200812.2043.24 info  SMTP           Shutting down.
20200812.2043.26 info  Shutdown0      SMTP Server stopped.
20200812.2043.28 info  ServiceEngine  Shutdown complete.
20200812.2043.28 info  Shutdown0      Map Threads Stopped.
20200812.2043.29 info  Shutdown0      Resources Cleared.
20200812.2043.29 info  Shutdown0      Database connections closed.
20200812.2043.29 info  cweb-pub0      Shutdown complete
20200812.2043.29 info  cweb-pub0Timeo Timeout Thread shutdown
20200812.2043.29 info  Shutdown0      Web server cweb-pub0 stopped.
20200812.2043.29 info  cweb-admin0    Shutdown complete
20200812.2043.29 info  cweb-admin0Tim Timeout Thread shutdown
20200812.2043.29 info  Shutdown0      Web server cweb-admin0 stopped.
20200812.2043.29 info  Shutdown0      CoffeeMud shutdown complete.
20200812.2043.31 info  MUD@5555       Server cleaning up.
20200812.2043.31 info  MUD@5555       MUD on port 5555 stopped!
20200812.2043.31 debug Shutdown0      Used memory = 105842336
