20200729.1130.32 info  MUD            CoffeeMud v5.9.10
20200729.1130.32 info  MUD            (C) 2000-2020 Bo Zimmerman
20200729.1130.32 info  MUD            http://www.coffeemud.org
20200729.1130.33 error CMSecurity     Unknown or duplicate enable flag: CLASS_ARTISAN
20200729.1130.33 info  HOST0          Disabled subsystems: DBERRORQUESTART, COMMAND_POSE, QUITREASON, RETIREREASON
20200729.1130.33 info  MUD@5555       MUD Server started on port: 5555
20200729.1130.33 info  HOST0          Connected to jdbc:fakedb:resources/fakedb
20200729.1130.33 debug HOST0          SSL not configured.
20200729.1130.33 debug HOST0          SSL not configured.
20200729.1130.33 error SMTP           Set your coffeemud.ini parameter: DOMAIN
20200729.1130.34 info  cweb-admin0    Started http admin0 on port 27777
20200729.1130.34 info  cweb-pub0      Started http pub0 on port 27744
20200729.1130.34 info  cweb-pub0      Started http pub0 on port 80
20200729.1130.34 debug cweb-admin0Tim Timeout Thread started
20200729.1130.34 debug cweb-pub0Timeo Timeout Thread started
20200729.1130.35 info  HOST0          WebMacros loaded  : 193
20200729.1130.36 info  HOST0          MOB Types loaded  : 148
20200729.1130.37 info  HOST0          Exit Types loaded : 30
20200729.1130.37 info  HOST0          Area Types loaded : 14
20200729.1130.38 info  HOST0          Locales loaded    : 124
20200729.1130.38 info  HOST0          Fighter Skills    : 131
20200729.1130.39 info  HOST0          Chants loaded     : 315
20200729.1130.39 info  HOST0          Languages loaded  : 58
20200729.1130.40 info  HOST0          Properties loaded : 298
20200729.1130.40 info  HOST0          Prayers loaded    : 306
20200729.1130.41 info  HOST0          Thief Skills      : 154
20200729.1130.42 info  HOST0          Skills loaded     : 316
20200729.1130.42 info  HOST0          Songs loaded      : 156
20200729.1130.43 info  HOST0          Spells loaded     : 403
20200729.1130.43 info  HOST0          Heroics loaded    : 6
20200729.1130.43 info  HOST0          Tech Skills loaded: 2
20200729.1130.43 info  HOST0          Traps loaded      : 76
20200729.1130.43 info  HOST0          Basic Items loaded: 128
20200729.1130.43 info  HOST0          Weapons loaded    : 60
20200729.1130.43 info  HOST0          Armor loaded      : 50
20200729.1130.43 info  HOST0          Magic Items loaded: 45
20200729.1130.43 info  HOST0          Clan Items loaded : 24
20200729.1130.44 info  HOST0          Electronics loaded: 81
20200729.1130.44 info  HOST0          Behaviors loaded  : 97
20200729.1130.45 info  HOST0          Commands loaded   : 286
20200729.1130.45 info  HOST0          Races loaded      : 224
20200729.1130.45 info  HOST0          Classes loaded    : 53
20200729.1130.56 info  HOST0          Expertises defined: 1817
20200729.1130.56 info  HOST0          Channels loaded   : 20
20200729.1130.56 info  HOST0          Socials loaded    : 312
20200729.1130.56 info  HOST0          Clans loaded      : 0
20200729.1130.56 info  I3Server       InterMud3 Core (c)1996 George Reese
20200729.1130.56 info  CM1Server0@277 Started CM1Server0@27733 on port 27733
20200729.1130.56 error Intermud       Please set ADMINEMAIL in your coffeemud.ini file.
20200729.1130.56 info  Intermud3      I3 client connection: 204.209.44.3@8080
20200729.1130.56 info  I3Server       InterMud3 Server started on port 27766
20200729.1130.56 info  HOST0          Loading catalog...
20200729.1130.56 info  HOST0          Loading map...
20200729.1131.03 info  HOST0          Preparing map...
20200729.1131.03 info  HOST0          Mapped rooms      : 219 in 10 areas
20200729.1131.03 info  HOST0          Services and utilities started
20200729.1131.03 info  HOST0          Host#0 initializated.
20200729.1131.03 info  MUD            Initialization complete.
20200729.1131.11 info  MudChat        Chat Data by Chris Busch & Jeremy Vyska
20200729.1131.34 info  Worker0#2      Connection from 74.110.125.186
20200729.1131.42 info  Worker0#1      74.110.125.186 Mudlet 4.8.0 MXP GMCP CMP ANSI, character login: Kurjak
20200729.1132.57 info  Worker0#5      Connection from 74.110.125.186
20200729.1133.03 info  Worker0#1      74.110.125.186 Mudlet 4.8.0 MXP GMCP CMP ANSI, character login: Ermiel
20200729.1201.32 info  Worker0#1      Connection from 172.92.143.166
20200729.1211.04 info  THSessions0    Kicking out login session after 9m 30s 536ms.
20200729.1211.04 info  Worker0#1      Disconnect: 172.92.143.166 (9m)
20200729.1225.59 info  Worker0#1      Connection from 174.226.4.61
20200729.1226.50 info  Worker0#2      Creating user: Kurjaksmom
20200729.1234.34 info  Worker0#1      Created user: Kurjaksmom
20200729.1234.35 info  Worker0#1      174.226.4.61 BlowTorch CMP, character login: Kurjaksmom
20200729.1236.40 info  CMGenEditor    Ermiel edited user Kurjaksmom
20200729.1307.07 info  SysopUtils     Ermiel 1 copied GenReadable item.
20200729.1310.34 info  Rooms          Ermiel created room Silver Ford#33.
20200729.1310.53 info  Rooms          Ermiel created room Silver Ford#34.
20200729.1312.13 info  Rooms          Ermiel modified room Silver Ford#34.
20200729.1314.16 info  Generate       Ermiel generated room Silver Ford#35
20200729.1314.16 info  Generate       Ermiel called generate command with parms: room forest_street_room areaname=Silver Ford north
20200729.1314.59 info  Generate       Ermiel generated room Silver Ford#36
20200729.1314.59 info  Generate       Ermiel called generate command with parms: room forest_street_room areaname=the haunted forest north
20200729.1316.54 info  Rooms          Ermiel modified room Silver Ford#35.
20200729.1335.01 info  Worker0#4      Connection from 23.31.96.97
20200729.1336.08 info  Worker0#6      Disconnect: 23.31.96.97 (1m 7s)
20200729.1440.32 info  Worker0#3      Logout: Kurjak (3h)
20200729.1440.32 info  Worker0#3      Disconnect: Kurjak: 74.110.125.186 (3h)
20200729.1446.47 info  Worker0#3      Connection from 210.179.38.232
20200729.1446.47 info  Worker0#8      Connection from 210.179.38.232
20200729.1446.49 info  Worker0#6      Connection from 210.179.38.232
20200729.1446.51 info  Worker0#6      Connection from 210.179.38.232
20200729.1446.53 info  Worker0#3      Disconnect: 210.179.38.232 (5s)
20200729.1446.53 info  Worker0#7      Disconnect: 210.179.38.232 (5s)
20200729.1446.54 info  Worker0#4      Connection from 210.179.38.232
20200729.1446.55 info  Worker0#5      Disconnect: 210.179.38.232 (5s)
20200729.1446.57 info  Worker0#6      Disconnect: 210.179.38.232 (5s)
20200729.1446.59 info  Worker0#1      Disconnect: 210.179.38.232 (5s)
20200729.1501.31 info  Worker0#4      Connection from 172.92.143.166
20200729.1511.09 info  THSessions0    Kicking out login session after 9m 36s 36ms.
20200729.1511.09 info  Worker0#6      Disconnect: 172.92.143.166 (9m)
20200729.1519.30 info  Worker0#1      Connection from 23.31.96.97
20200729.1520.37 info  Worker0#4      Disconnect: 23.31.96.97 (1m 6s)
20200729.1531.10 error DBConnections  Minor failure obtaining DBConnection(2/2 in use).
20200729.1531.12 error DBConnections  Minor failure obtaining DBConnection(2/2 in use).
20200729.1531.15 error DBConnections  Minor failure obtaining DBConnection(2/2 in use).
20200729.1531.17 error DBConnections  Minor failure obtaining DBConnection(2/2 in use).
20200729.1531.20 error DBConnections  Minor failure obtaining DBConnection(2/2 in use).
20200729.1531.23 error DBConnections  Minor failure obtaining DBConnection(2/2 in use).
20200729.1531.25 error DBConnections  Minor failure obtaining DBConnection(2/2 in use).
20200729.1531.27 error DBConnections  Minor failure obtaining DBConnection(2/2 in use).
20200729.1531.30 error DBConnections  Minor failure obtaining DBConnection(2/2 in use).
20200729.1531.32 error DBConnections  Minor failure obtaining DBConnection(2/2 in use).
20200729.1531.35 error DBConnections  Minor failure obtaining DBConnection(2/2 in use).
20200729.1531.38 error DBConnections  Minor failure obtaining DBConnection(2/2 in use).
20200729.1531.40 error DBConnections  Minor failure obtaining DBConnection(2/2 in use).
20200729.1531.43 error DBConnections  Minor failure obtaining DBConnection(2/2 in use).
20200729.1531.45 error DBConnections  Minor failure obtaining DBConnection(2/2 in use).
20200729.1531.47 error DBConnections  Minor failure obtaining DBConnection(2/2 in use).
20200729.1531.50 error DBConnections  Minor failure obtaining DBConnection(2/2 in use).
20200729.1531.53 error DBConnections  Minor failure obtaining DBConnection(2/2 in use).
20200729.1531.55 error DBConnections  Minor failure obtaining DBConnection(2/2 in use).
20200729.1531.57 error DBConnections  Minor failure obtaining DBConnection(2/2 in use).
20200729.1532.00 error DBConnections  Minor failure obtaining DBConnection(2/2 in use).
20200729.1532.02 error DBConnections  Minor failure obtaining DBConnection(2/2 in use).
20200729.1532.04 error DBConnections  Minor failure obtaining DBConnection(2/2 in use).
20200729.1532.07 error DBConnections  Minor failure obtaining DBConnection(2/2 in use).
20200729.1532.09 error DBConnections  Minor failure obtaining DBConnection(2/2 in use).
20200729.1532.12 error DBConnections  Minor failure obtaining DBConnection(2/2 in use).
20200729.1532.14 error DBConnections  Minor failure obtaining DBConnection(2/2 in use).
20200729.1532.17 error DBConnections  Minor failure obtaining DBConnection(2/2 in use).
20200729.1532.19 error DBConnections  Minor failure obtaining DBConnection(2/2 in use).
20200729.1532.21 error DBConnections  Minor failure obtaining DBConnection(2/2 in use).
20200729.1532.24 error DBConnections  Minor failure obtaining DBConnection(2/2 in use).
20200729.1532.26 error DBConnections  Minor failure obtaining DBConnection(2/2 in use).
20200729.1532.29 error DBConnections  Minor failure obtaining DBConnection(2/2 in use).
20200729.1532.32 error DBConnections  Minor failure obtaining DBConnection(2/2 in use).
20200729.1532.35 error DBConnections  Minor failure obtaining DBConnection(2/2 in use).
20200729.1532.35 info  Worker0#4      Connection from 74.110.125.186
20200729.1532.37 error DBConnections  Minor failure obtaining DBConnection(2/2 in use).
20200729.1532.39 error DBConnections  Minor failure obtaining DBConnection(2/2 in use).
20200729.1532.42 error DBConnections  Minor failure obtaining DBConnection(2/2 in use).
20200729.1532.44 error DBConnections  Minor failure obtaining DBConnection(2/2 in use).
20200729.1532.47 error DBConnections  Minor failure obtaining DBConnection(2/2 in use).
20200729.1532.50 error DBConnections  Minor failure obtaining DBConnection(2/2 in use).
20200729.1532.52 error DBConnections  Minor failure obtaining DBConnection(2/2 in use).
20200729.1532.55 error DBConnections  Minor failure obtaining DBConnection(2/2 in use).
20200729.1532.57 error DBConnections  Minor failure obtaining DBConnection(2/2 in use).
20200729.1533.00 error DBConnections  Minor failure obtaining DBConnection(2/2 in use).
20200729.1533.03 error DBConnections  Minor failure obtaining DBConnection(2/2 in use).
20200729.1533.05 error DBConnections  Minor failure obtaining DBConnection(2/2 in use).
20200729.1533.08 error DBConnections  Minor failure obtaining DBConnection(2/2 in use).
20200729.1533.11 error DBConnections  Minor failure obtaining DBConnection(2/2 in use).
20200729.1533.13 error DBConnections  Minor failure obtaining DBConnection(2/2 in use).
20200729.1533.15 error DBConnections  Minor failure obtaining DBConnection(2/2 in use).
20200729.1533.17 error DBConnections  Minor failure obtaining DBConnection(2/2 in use).
20200729.1533.20 error DBConnections  Minor failure obtaining DBConnection(2/2 in use).
20200729.1533.22 error DBConnections  Minor failure obtaining DBConnection(2/2 in use).
20200729.1533.24 error DBConnections  Minor failure obtaining DBConnection(2/2 in use).
20200729.1533.26 error DBConnections  Minor failure obtaining DBConnection(2/2 in use).
20200729.1533.28 error DBConnections  Minor failure obtaining DBConnection(2/2 in use).
20200729.1533.30 error DBConnections  Minor failure obtaining DBConnection(2/2 in use).
20200729.1533.33 error DBConnections  Minor failure obtaining DBConnection(2/2 in use).
20200729.1533.35 error DBConnections  Minor failure obtaining DBConnection(2/2 in use).
20200729.1533.37 error DBConnections  Minor failure obtaining DBConnection(2/2 in use).
20200729.1533.39 error DBConnections  Minor failure obtaining DBConnection(2/2 in use).
20200729.1533.41 error DBConnections  Minor failure obtaining DBConnection(2/2 in use).
20200729.1533.43 error DBConnections  Minor failure obtaining DBConnection(2/2 in use).
20200729.1533.46 error DBConnections  Minor failure obtaining DBConnection(2/2 in use).
20200729.1533.48 error DBConnections  Minor failure obtaining DBConnection(2/2 in use).
20200729.1533.50 error DBConnections  Minor failure obtaining DBConnection(2/2 in use).
20200729.1533.52 error DBConnections  Minor failure obtaining DBConnection(2/2 in use).
20200729.1533.55 error DBConnections  Minor failure obtaining DBConnection(2/2 in use).
20200729.1533.57 error DBConnections  Minor failure obtaining DBConnection(2/2 in use).
20200729.1533.59 error DBConnections  Minor failure obtaining DBConnection(2/2 in use).
20200729.1534.01 error DBConnections  Minor failure obtaining DBConnection(2/2 in use).
20200729.1534.03 error DBConnections  Minor failure obtaining DBConnection(2/2 in use).
20200729.1534.05 error DBConnections  Minor failure obtaining DBConnection(2/2 in use).
20200729.1534.08 error DBConnections  Minor failure obtaining DBConnection(2/2 in use).
20200729.1534.09 info  Worker0#7      Connection from 74.110.125.186
20200729.1534.10 error DBConnections  Minor failure obtaining DBConnection(2/2 in use).
20200729.1534.12 error DBConnections  Minor failure obtaining DBConnection(2/2 in use).
20200729.1534.13 info  Worker0#7      Disconnect: 74.110.125.186 (4s)
20200729.1534.15 error DBConnections  Minor failure obtaining DBConnection(2/2 in use).
20200729.1534.16 error DBConnections  Minor failure obtaining DBConnection(2/2 in use).
20200729.1534.17 info  Worker0#10     Connection from 74.110.125.186
20200729.1534.18 error DBConnections  Minor failure obtaining DBConnection(2/2 in use).
20200729.1534.19 info  Worker0#11     Disconnect: 74.110.125.186 (2s)
20200729.1534.20 error DBConnections  Minor failure obtaining DBConnection(2/2 in use).
20200729.1534.22 error DBConnections  Minor failure obtaining DBConnection(2/2 in use).
20200729.1534.25 error DBConnections  Minor failure obtaining DBConnection(2/2 in use).
20200729.1534.27 error DBConnections  Minor failure obtaining DBConnection(2/2 in use).
20200729.1534.29 error DBConnections  Minor failure obtaining DBConnection(2/2 in use).
20200729.1534.31 error DBConnections  Minor failure obtaining DBConnection(2/2 in use).
20200729.1534.33 error DBConnections  Minor failure obtaining DBConnection(2/2 in use).
20200729.1534.36 error DBConnections  Minor failure obtaining DBConnection(2/2 in use).
20200729.1534.37 error DBConnections  Minor failure obtaining DBConnection(2/2 in use).
20200729.1534.39 error DBConnections  Minor failure obtaining DBConnection(2/2 in use).
20200729.1534.41 error DBConnections  Minor failure obtaining DBConnection(2/2 in use).
20200729.1534.43 error DBConnections  Minor failure obtaining DBConnection(2/2 in use).
20200729.1534.45 error DBConnections  Minor failure obtaining DBConnection(2/2 in use).
20200729.1534.47 error DBConnections  Minor failure obtaining DBConnection(2/2 in use).
20200729.1534.49 error DBConnections  Minor failure obtaining DBConnection(2/2 in use).
20200729.1534.50 error DBConnections  Minor failure obtaining DBConnection(2/2 in use).
20200729.1534.52 error DBConnections  Minor failure obtaining DBConnection(2/2 in use).
20200729.1534.54 error DBConnections  Minor failure obtaining DBConnection(2/2 in use).
20200729.1534.56 error DBConnections  Minor failure obtaining DBConnection(2/2 in use).
20200729.1534.58 error DBConnections  Minor failure obtaining DBConnection(2/2 in use).
20200729.1535.00 error DBConnections  Minor failure obtaining DBConnection(2/2 in use).
20200729.1535.02 error DBConnections  Minor failure obtaining DBConnection(2/2 in use).
20200729.1535.03 error DBConnections  Minor failure obtaining DBConnection(2/2 in use).
20200729.1535.05 error DBConnections  Minor failure obtaining DBConnection(2/2 in use).
20200729.1535.07 error DBConnections  Minor failure obtaining DBConnection(2/2 in use).
20200729.1535.08 error DBConnections  Minor failure obtaining DBConnection(2/2 in use).
20200729.1535.10 error DBConnections  Minor failure obtaining DBConnection(2/2 in use).
20200729.1535.12 error DBConnections  Minor failure obtaining DBConnection(2/2 in use).
20200729.1535.14 error DBConnections  Minor failure obtaining DBConnection(2/2 in use).
20200729.1535.16 error DBConnections  Minor failure obtaining DBConnection(2/2 in use).
20200729.1535.17 error DBConnections  Minor failure obtaining DBConnection(2/2 in use).
20200729.1535.20 error DBConnections  Minor failure obtaining DBConnection(2/2 in use).
20200729.1535.21 error DBConnections  Minor failure obtaining DBConnection(2/2 in use).
20200729.1535.23 error DBConnections  Minor failure obtaining DBConnection(2/2 in use).
20200729.1535.25 error DBConnections  Minor failure obtaining DBConnection(2/2 in use).
20200729.1535.26 error DBConnections  Minor failure obtaining DBConnection(2/2 in use).
20200729.1535.28 info  Worker0#11     Connection from 74.110.125.186
20200729.1535.28 error DBConnections  Minor failure obtaining DBConnection(2/2 in use).
20200729.1535.30 error DBConnections  Minor failure obtaining DBConnection(2/2 in use).
20200729.1535.32 error DBConnections  Minor failure obtaining DBConnection(2/2 in use).
20200729.1535.33 error DBConnections  Minor failure obtaining DBConnection(2/2 in use).
20200729.1535.35 error DBConnections  Minor failure obtaining DBConnection(2/2 in use).
20200729.1535.36 error DBConnections  Minor failure obtaining DBConnection(2/2 in use).
20200729.1535.38 error DBConnections  Minor failure obtaining DBConnection(2/2 in use).
20200729.1535.39 error DBConnections  Minor failure obtaining DBConnection(2/2 in use).
20200729.1535.41 error DBConnections  Minor failure obtaining DBConnection(2/2 in use).
20200729.1535.43 error DBConnections  Minor failure obtaining DBConnection(2/2 in use).
20200729.1535.45 error DBConnections  Minor failure obtaining DBConnection(2/2 in use).
20200729.1535.46 error DBConnections  Minor failure obtaining DBConnection(2/2 in use).
20200729.1535.48 error DBConnections  Minor failure obtaining DBConnection(2/2 in use).
20200729.1535.49 error DBConnections  Minor failure obtaining DBConnection(2/2 in use).
20200729.1535.51 error DBConnections  Minor failure obtaining DBConnection(2/2 in use).
20200729.1535.52 error DBConnections  Minor failure obtaining DBConnection(2/2 in use).
20200729.1535.54 error DBConnections  Minor failure obtaining DBConnection(2/2 in use).
20200729.1535.56 error DBConnections  Minor failure obtaining DBConnection(2/2 in use).
20200729.1535.57 error DBConnections  Minor failure obtaining DBConnection(2/2 in use).
20200729.1535.59 error DBConnections  Minor failure obtaining DBConnection(2/2 in use).
20200729.1536.01 error DBConnections  Minor failure obtaining DBConnection(2/2 in use).
20200729.1536.02 error DBConnections  Minor failure obtaining DBConnection(2/2 in use).
20200729.1536.04 error DBConnections  Minor failure obtaining DBConnection(2/2 in use).
20200729.1536.05 error DBConnections  Minor failure obtaining DBConnection(2/2 in use).
20200729.1536.07 error DBConnections  Minor failure obtaining DBConnection(2/2 in use).
20200729.1536.09 error DBConnections  Minor failure obtaining DBConnection(2/2 in use).
20200729.1536.10 error DBConnections  Minor failure obtaining DBConnection(2/2 in use).
20200729.1536.12 error DBConnections  Minor failure obtaining DBConnection(2/2 in use).
20200729.1536.13 error DBConnections  Minor failure obtaining DBConnection(2/2 in use).
20200729.1536.15 error DBConnections  Minor failure obtaining DBConnection(2/2 in use).
20200729.1536.17 error DBConnections  Minor failure obtaining DBConnection(2/2 in use).
20200729.1536.18 error DBConnections  Minor failure obtaining DBConnection(2/2 in use).
20200729.1536.20 error DBConnections  Minor failure obtaining DBConnection(2/2 in use).
20200729.1536.21 error DBConnections  Minor failure obtaining DBConnection(2/2 in use).
20200729.1536.23 error DBConnections  Minor failure obtaining DBConnection(2/2 in use).
20200729.1536.24 error DBConnections  Minor failure obtaining DBConnection(2/2 in use).
20200729.1536.26 error DBConnections  Minor failure obtaining DBConnection(2/2 in use).
20200729.1536.28 error DBConnections  Minor failure obtaining DBConnection(2/2 in use).
20200729.1536.30 error DBConnections  Minor failure obtaining DBConnection(2/2 in use).
20200729.1536.31 error DBConnections  Minor failure obtaining DBConnection(2/2 in use).
20200729.1536.33 error DBConnections  Minor failure obtaining DBConnection(2/2 in use).
20200729.1536.34 error DBConnections  Minor failure obtaining DBConnection(2/2 in use).
20200729.1536.36 error DBConnections  Minor failure obtaining DBConnection(2/2 in use).
20200729.1536.38 error DBConnections  Minor failure obtaining DBConnection(2/2 in use).
20200729.1536.40 error DBConnections  Minor failure obtaining DBConnection(2/2 in use).
20200729.1536.41 error DBConnections  Minor failure obtaining DBConnection(2/2 in use).
20200729.1536.43 error DBConnections  Minor failure obtaining DBConnection(2/2 in use).
20200729.1536.44 error DBConnections  Minor failure obtaining DBConnection(2/2 in use).
20200729.1536.46 error DBConnections  Minor failure obtaining DBConnection(2/2 in use).
20200729.1536.48 error DBConnections  Minor failure obtaining DBConnection(2/2 in use).
20200729.1536.49 error DBConnections  Minor failure obtaining DBConnection(2/2 in use).
20200729.1536.51 error DBConnections  Minor failure obtaining DBConnection(2/2 in use).
20200729.1536.53 error DBConnections  Minor failure obtaining DBConnection(2/2 in use).
20200729.1536.54 error DBConnections  Minor failure obtaining DBConnection(2/2 in use).
20200729.1536.56 error DBConnections  Minor failure obtaining DBConnection(2/2 in use).
20200729.1536.57 error DBConnections  Minor failure obtaining DBConnection(2/2 in use).
20200729.1536.59 error DBConnections  Minor failure obtaining DBConnection(2/2 in use).
20200729.1537.00 error DBConnections  Minor failure obtaining DBConnection(2/2 in use).
20200729.1537.02 error DBConnections  Minor failure obtaining DBConnection(2/2 in use).
20200729.1537.03 error DBConnections  Minor failure obtaining DBConnection(2/2 in use).
20200729.1537.05 error DBConnections  Minor failure obtaining DBConnection(2/2 in use).
20200729.1537.07 error DBConnections  Minor failure obtaining DBConnection(2/2 in use).
20200729.1537.08 error DBConnections  Minor failure obtaining DBConnection(2/2 in use).
20200729.1537.10 error DBConnections  Minor failure obtaining DBConnection(2/2 in use).
20200729.1537.12 error DBConnections  Minor failure obtaining DBConnection(2/2 in use).
20200729.1537.14 error DBConnections  Minor failure obtaining DBConnection(2/2 in use).
20200729.1537.15 error DBConnections  Minor failure obtaining DBConnection(2/2 in use).
20200729.1537.16 error DBConnections  Minor failure obtaining DBConnection(2/2 in use).
20200729.1537.18 info  Items          Ermiel created item ManualArchon.
20200729.1537.18 error DBConnections  Minor failure obtaining DBConnection(2/2 in use).
20200729.1537.20 error DBConnections  Minor failure obtaining DBConnection(2/2 in use).
20200729.1537.21 error DBConnections  Minor failure obtaining DBConnection(2/2 in use).
20200729.1537.23 error DBConnections  Minor failure obtaining DBConnection(2/2 in use).
20200729.1537.24 error DBConnections  Minor failure obtaining DBConnection(2/2 in use).
20200729.1537.26 error DBConnections  Minor failure obtaining DBConnection(2/2 in use).
20200729.1537.27 error DBConnections  Minor failure obtaining DBConnection(2/2 in use).
20200729.1537.29 error DBConnections  Minor failure obtaining DBConnection(2/2 in use).
20200729.1537.31 error DBConnections  Minor failure obtaining DBConnection(2/2 in use).
20200729.1537.32 error DBConnections  Minor failure obtaining DBConnection(2/2 in use).
20200729.1537.34 error DBConnections  Minor failure obtaining DBConnection(2/2 in use).
20200729.1537.35 error DBConnections  Minor failure obtaining DBConnection(2/2 in use).
20200729.1537.37 error DBConnections  Minor failure obtaining DBConnection(2/2 in use).
20200729.1537.38 error DBConnections  Minor failure obtaining DBConnection(2/2 in use).
20200729.1537.40 error DBConnections  Minor failure obtaining DBConnection(2/2 in use).
20200729.1537.42 error DBConnections  Minor failure obtaining DBConnection(2/2 in use).
20200729.1537.43 error DBConnections  Minor failure obtaining DBConnection(2/2 in use).
20200729.1537.45 error DBConnections  Minor failure obtaining DBConnection(2/2 in use).
20200729.1537.46 error DBConnections  Minor failure obtaining DBConnection(2/2 in use).
20200729.1537.48 error DBConnections  Minor failure obtaining DBConnection(2/2 in use).
20200729.1537.50 error DBConnections  Minor failure obtaining DBConnection(2/2 in use).
20200729.1537.51 error DBConnections  Minor failure obtaining DBConnection(2/2 in use).
20200729.1537.53 error DBConnections  Minor failure obtaining DBConnection(2/2 in use).
20200729.1537.54 error DBConnections  Minor failure obtaining DBConnection(2/2 in use).
20200729.1537.56 error DBConnections  Minor failure obtaining DBConnection(2/2 in use).
20200729.1537.58 error DBConnections  Minor failure obtaining DBConnection(2/2 in use).
20200729.1537.59 error DBConnections  Minor failure obtaining DBConnection(2/2 in use).
20200729.1538.01 error DBConnections  Minor failure obtaining DBConnection(2/2 in use).
20200729.1538.03 error DBConnections  Minor failure obtaining DBConnection(2/2 in use).
20200729.1538.04 error DBConnections  Minor failure obtaining DBConnection(2/2 in use).
20200729.1538.06 error DBConnections  Minor failure obtaining DBConnection(2/2 in use).
20200729.1538.07 error DBConnections  Minor failure obtaining DBConnection(2/2 in use).
20200729.1538.09 error DBConnections  Minor failure obtaining DBConnection(2/2 in use).
20200729.1538.11 error DBConnections  Minor failure obtaining DBConnection(2/2 in use).
20200729.1538.12 error DBConnections  Minor failure obtaining DBConnection(2/2 in use).
20200729.1538.14 error DBConnections  Minor failure obtaining DBConnection(2/2 in use).
20200729.1538.16 error DBConnections  Minor failure obtaining DBConnection(2/2 in use).
20200729.1538.17 error DBConnections  Minor failure obtaining DBConnection(2/2 in use).
20200729.1538.19 error DBConnections  Minor failure obtaining DBConnection(2/2 in use).
20200729.1538.21 error DBConnections  Minor failure obtaining DBConnection(2/2 in use).
20200729.1538.22 error DBConnections  Minor failure obtaining DBConnection(2/2 in use).
20200729.1538.24 error DBConnections  Minor failure obtaining DBConnection(2/2 in use).
20200729.1538.26 error DBConnections  Minor failure obtaining DBConnection(2/2 in use).
20200729.1538.27 error DBConnections  Minor failure obtaining DBConnection(2/2 in use).
20200729.1538.29 error DBConnections  Minor failure obtaining DBConnection(2/2 in use).
20200729.1538.31 error DBConnections  Minor failure obtaining DBConnection(2/2 in use).
20200729.1538.32 error DBConnections  Minor failure obtaining DBConnection(2/2 in use).
20200729.1538.34 error DBConnections  Minor failure obtaining DBConnection(2/2 in use).
20200729.1538.36 error DBConnections  Minor failure obtaining DBConnection(2/2 in use).
20200729.1538.37 error DBConnections  Minor failure obtaining DBConnection(2/2 in use).
20200729.1538.38 error DBConnections  Minor failure obtaining DBConnection(2/2 in use).
20200729.1538.40 error DBConnections  Minor failure obtaining DBConnection(2/2 in use).
20200729.1538.41 error DBConnections  Minor failure obtaining DBConnection(2/2 in use).
20200729.1538.43 error DBConnections  Minor failure obtaining DBConnection(2/2 in use).
20200729.1538.44 error DBConnections  Minor failure obtaining DBConnection(2/2 in use).
20200729.1538.46 error DBConnections  Minor failure obtaining DBConnection(2/2 in use).
20200729.1538.47 error DBConnections  Minor failure obtaining DBConnection(2/2 in use).
20200729.1538.49 error DBConnections  Minor failure obtaining DBConnection(2/2 in use).
20200729.1538.51 error DBConnections  Minor failure obtaining DBConnection(2/2 in use).
20200729.1538.52 error DBConnections  Minor failure obtaining DBConnection(2/2 in use).
20200729.1538.54 error DBConnections  Minor failure obtaining DBConnection(2/2 in use).
20200729.1538.55 error DBConnections  Minor failure obtaining DBConnection(2/2 in use).
20200729.1538.57 error DBConnections  Minor failure obtaining DBConnection(2/2 in use).
20200729.1538.58 error DBConnections  Minor failure obtaining DBConnection(2/2 in use).
20200729.1539.00 error DBConnections  Minor failure obtaining DBConnection(2/2 in use).
20200729.1539.02 error DBConnections  Minor failure obtaining DBConnection(2/2 in use).
20200729.1539.03 error DBConnections  Minor failure obtaining DBConnection(2/2 in use).
20200729.1539.04 error DBConnections  Minor failure obtaining DBConnection(2/2 in use).
20200729.1539.06 error DBConnections  Minor failure obtaining DBConnection(2/2 in use).
20200729.1539.08 error DBConnections  Minor failure obtaining DBConnection(2/2 in use).
20200729.1539.09 error DBConnections  Minor failure obtaining DBConnection(2/2 in use).
20200729.1539.11 error DBConnections  Minor failure obtaining DBConnection(2/2 in use).
20200729.1539.13 error DBConnections  Minor failure obtaining DBConnection(2/2 in use).
20200729.1539.14 error DBConnections  Minor failure obtaining DBConnection(2/2 in use).
20200729.1539.16 error DBConnections  Minor failure obtaining DBConnection(2/2 in use).
20200729.1539.18 error DBConnections  Minor failure obtaining DBConnection(2/2 in use).
20200729.1539.19 error DBConnections  Minor failure obtaining DBConnection(2/2 in use).
20200729.1539.21 error DBConnections  Minor failure obtaining DBConnection(2/2 in use).
20200729.1539.22 error DBConnections  Minor failure obtaining DBConnection(2/2 in use).
20200729.1539.24 error DBConnections  Minor failure obtaining DBConnection(2/2 in use).
20200729.1539.25 error DBConnections  Minor failure obtaining DBConnection(2/2 in use).
20200729.1539.27 error DBConnections  Minor failure obtaining DBConnection(2/2 in use).
20200729.1539.28 error DBConnections  Minor failure obtaining DBConnection(2/2 in use).
20200729.1539.30 error DBConnections  Minor failure obtaining DBConnection(2/2 in use).
20200729.1539.31 error DBConnections  Minor failure obtaining DBConnection(2/2 in use).
20200729.1539.33 error DBConnections  Minor failure obtaining DBConnection(2/2 in use).
20200729.1539.34 error DBConnections  Minor failure obtaining DBConnection(2/2 in use).
20200729.1539.35 error DBConnections  Minor failure obtaining DBConnection(2/2 in use).
20200729.1539.37 error DBConnections  Minor failure obtaining DBConnection(2/2 in use).
20200729.1539.39 error DBConnections  Minor failure obtaining DBConnection(2/2 in use).
20200729.1539.40 error DBConnections  Minor failure obtaining DBConnection(2/2 in use).
20200729.1539.42 error DBConnections  Minor failure obtaining DBConnection(2/2 in use).
20200729.1539.44 error DBConnections  Minor failure obtaining DBConnection(2/2 in use).
20200729.1539.45 error DBConnections  Minor failure obtaining DBConnection(2/2 in use).
20200729.1539.47 error DBConnections  Minor failure obtaining DBConnection(2/2 in use).
20200729.1539.49 error DBConnections  Minor failure obtaining DBConnection(2/2 in use).
20200729.1539.50 error DBConnections  Minor failure obtaining DBConnection(2/2 in use).
20200729.1539.52 error DBConnections  Minor failure obtaining DBConnection(2/2 in use).
20200729.1539.54 error DBConnections  Minor failure obtaining DBConnection(2/2 in use).
20200729.1539.55 error DBConnections  Minor failure obtaining DBConnection(2/2 in use).
20200729.1539.57 error DBConnections  Minor failure obtaining DBConnection(2/2 in use).
20200729.1539.59 error DBConnections  Minor failure obtaining DBConnection(2/2 in use).
20200729.1540.00 error DBConnections  Minor failure obtaining DBConnection(2/2 in use).
20200729.1540.02 error DBConnections  Minor failure obtaining DBConnection(2/2 in use).
20200729.1540.03 error DBConnections  Minor failure obtaining DBConnection(2/2 in use).
20200729.1540.05 error DBConnections  Minor failure obtaining DBConnection(2/2 in use).
20200729.1540.07 error DBConnections  Minor failure obtaining DBConnection(2/2 in use).
20200729.1540.08 error DBConnections  Minor failure obtaining DBConnection(2/2 in use).
20200729.1540.10 error DBConnections  Minor failure obtaining DBConnection(2/2 in use).
20200729.1540.11 error DBConnections  Minor failure obtaining DBConnection(2/2 in use).
20200729.1540.13 error DBConnections  Minor failure obtaining DBConnection(2/2 in use).
20200729.1540.15 error DBConnections  Minor failure obtaining DBConnection(2/2 in use).
20200729.1540.16 error DBConnections  Minor failure obtaining DBConnection(2/2 in use).
20200729.1540.18 error DBConnections  Minor failure obtaining DBConnection(2/2 in use).
20200729.1540.19 error DBConnections  Minor failure obtaining DBConnection(2/2 in use).
20200729.1540.21 error DBConnections  Minor failure obtaining DBConnection(2/2 in use).
20200729.1540.22 error DBConnections  Minor failure obtaining DBConnection(2/2 in use).
20200729.1540.24 error DBConnections  Minor failure obtaining DBConnection(2/2 in use).
20200729.1540.25 error DBConnections  Minor failure obtaining DBConnection(2/2 in use).
20200729.1540.27 error DBConnections  Minor failure obtaining DBConnection(2/2 in use).
20200729.1540.28 error DBConnections  Minor failure obtaining DBConnection(2/2 in use).
20200729.1540.30 error DBConnections  Minor failure obtaining DBConnection(2/2 in use).
20200729.1540.31 error DBConnections  Minor failure obtaining DBConnection(2/2 in use).
20200729.1540.33 error DBConnections  Minor failure obtaining DBConnection(2/2 in use).
20200729.1540.33 debug Worker0#7      
   java.lang.Thread: sleep(Thread.java: -2)
   com.planet_ink.coffee_mud.core.database.DBConnections: DBFetchAny(DBConnections.java: 485)
   com.planet_ink.coffee_mud.core.database.DBConnections: DBFetch(DBConnections.java: 332)
   com.planet_ink.coffee_mud.core.database.DBConnector: DBFetch(DBConnector.java: 219)
   com.planet_ink.coffee_mud.core.database.JournalLoader: DBReadJournalMsgsNewerThan(JournalLoader.java: 441)
   com.planet_ink.coffee_mud.core.database.DBInterface: DBReadJournalMsgsNewerThan(DBInterface.java: 629)
   com.planet_ink.coffee_mud.core.smtp.SMTPserver: tick(SMTPserver.java: 540)
   com.planet_ink.coffee_mud.core.threads.StdTickClient: tickTicker(StdTickClient.java: 153)
   com.planet_ink.coffee_mud.core.threads.StdTickGroup: run(StdTickGroup.java: 344)
   java.util.concurrent.ThreadPoolExecutor: runWorker(ThreadPoolExecutor.java: 1128)
   java.util.concurrent.ThreadPoolExecutor$Worker: run(ThreadPoolExecutor.java: 628)
   java.lang.Thread: run(Thread.java: 834)
20200729.1540.33 debug Worker0#7      
   java.lang.Thread: sleep(Thread.java: -2)
   com.planet_ink.coffee_mud.core.database.DBConnections: DBFetchAny(DBConnections.java: 485)
   com.planet_ink.coffee_mud.core.database.DBConnections: DBFetchEmpty(DBConnections.java: 548)
   com.planet_ink.coffee_mud.core.database.DBConnections: updateWithClobs(DBConnections.java: 177)
   com.planet_ink.coffee_mud.core.database.DBConnections: updateWithClobs(DBConnections.java: 251)
   com.planet_ink.coffee_mud.core.database.DBConnector: updateWithClobs(DBConnector.java: 201)
   com.planet_ink.coffee_mud.core.database.DBConnector: updateWithClobs(DBConnector.java: 196)
   com.planet_ink.coffee_mud.core.database.VFSLoader: DBUpSert(VFSLoader.java: 177)
   com.planet_ink.coffee_mud.core.database.DBInterface: DBUpSertVFSFile(DBInterface.java: 1192)
   com.planet_ink.coffee_mud.core.CMFile$CMVFSFile: saveData(CMFile.java: 364)
   com.planet_ink.coffee_mud.core.CMFile: saveRaw(CMFile.java: 1318)
   com.planet_ink.coffee_mud.core.intermud.i3.IMudPeer: save(IMudPeer.java: 119)
   com.planet_ink.coffee_mud.core.intermud.i3.packets.Intermud: save(Intermud.java: 1006)
   com.planet_ink.coffee_mud.core.intermud.i3.packets.Intermud$1: tick(Intermud.java: 351)
   com.planet_ink.coffee_mud.core.threads.StdTickClient: tickTicker(StdTickClient.java: 153)
   com.planet_ink.coffee_mud.core.threads.StdTickGroup: run(StdTickGroup.java: 344)
   java.util.concurrent.ThreadPoolExecutor: runWorker(ThreadPoolExecutor.java: 1128)
   java.util.concurrent.ThreadPoolExecutor$Worker: run(ThreadPoolExecutor.java: 628)
   java.lang.Thread: run(Thread.java: 834)
20200729.1540.33 debug Worker0#7      
   java.lang.Thread: sleep(Thread.java: -2)
   com.planet_ink.coffee_mud.core.database.DBConnections: DBFetchAny(DBConnections.java: 485)
   com.planet_ink.coffee_mud.core.database.DBConnections: DBFetch(DBConnections.java: 332)
   com.planet_ink.coffee_mud.core.database.DBConnector: DBFetch(DBConnector.java: 219)
   com.planet_ink.coffee_mud.core.database.BackLogLoader: trimBackLogEntries(BackLogLoader.java: 255)
   com.planet_ink.coffee_mud.core.database.DBInterface: trimBackLogEntries(DBInterface.java: 1210)
   com.planet_ink.coffee_mud.Libraries.CMChannels: tick(CMChannels.java: 960)
   com.planet_ink.coffee_mud.core.threads.StdTickClient: tickTicker(StdTickClient.java: 153)
   com.planet_ink.coffee_mud.core.threads.StdTickGroup: run(StdTickGroup.java: 344)
   java.util.concurrent.ThreadPoolExecutor: runWorker(ThreadPoolExecutor.java: 1128)
   java.util.concurrent.ThreadPoolExecutor$Worker: run(ThreadPoolExecutor.java: 628)
   java.lang.Thread: run(Thread.java: 834)
20200729.1540.33 debug Worker0#7      
   java.lang.Thread: sleep(Thread.java: -2)
   com.planet_ink.coffee_mud.core.database.DBConnections: DBFetchAny(DBConnections.java: 485)
   com.planet_ink.coffee_mud.core.database.DBConnections: DBFetchEmpty(DBConnections.java: 548)
   com.planet_ink.coffee_mud.core.database.DBConnections: updateWithClobs(DBConnections.java: 177)
   com.planet_ink.coffee_mud.core.database.DBConnections: updateWithClobs(DBConnections.java: 251)
   com.planet_ink.coffee_mud.core.database.DBConnector: updateWithClobs(DBConnector.java: 201)
   com.planet_ink.coffee_mud.core.database.DBConnector: updateWithClobs(DBConnector.java: 196)
   com.planet_ink.coffee_mud.core.database.VFSLoader: DBUpSert(VFSLoader.java: 177)
   com.planet_ink.coffee_mud.core.database.DBInterface: DBUpSertVFSFile(DBInterface.java: 1192)
   com.planet_ink.coffee_mud.core.CMFile$CMVFSFile: saveData(CMFile.java: 364)
   com.planet_ink.coffee_mud.core.CMFile: saveText(CMFile.java: 1433)
   com.planet_ink.coffee_mud.core.CMFile: saveText(CMFile.java: 1378)
   com.planet_ink.coffee_mud.core.Resources: savePropResources(Resources.java: 1197)
   com.planet_ink.coffee_mud.Libraries.CMMap: tick(CMMap.java: 3830)
   com.planet_ink.coffee_mud.core.threads.StdTickClient: tickTicker(StdTickClient.java: 153)
   com.planet_ink.coffee_mud.core.threads.StdTickGroup: run(StdTickGroup.java: 344)
   java.util.concurrent.ThreadPoolExecutor: runWorker(ThreadPoolExecutor.java: 1128)
   java.util.concurrent.ThreadPoolExecutor$Worker: run(ThreadPoolExecutor.java: 628)
   java.lang.Thread: run(Thread.java: 834)
20200729.1540.33 debug Worker0#7      
   java.lang.Thread: sleep(Thread.java: -2)
   com.planet_ink.coffee_mud.core.database.DBConnections: DBFetchAny(DBConnections.java: 485)
   com.planet_ink.coffee_mud.core.database.DBConnections: DBFetchEmpty(DBConnections.java: 548)
   com.planet_ink.coffee_mud.core.database.DBConnections: updateWithClobs(DBConnections.java: 177)
   com.planet_ink.coffee_mud.core.database.DBConnector: updateWithClobs(DBConnector.java: 186)
   com.planet_ink.coffee_mud.core.database.MOBloader: DBUpdateItems(MOBloader.java: 1493)
   com.planet_ink.coffee_mud.core.database.DBInterface: DBUpdatePlayerItems(DBInterface.java: 286)
   com.planet_ink.coffee_mud.Libraries.CMPlayers: savePlayers(CMPlayers.java: 926)
   com.planet_ink.coffee_mud.Libraries.CMPlayers: tick(CMPlayers.java: 1633)
   com.planet_ink.coffee_mud.core.threads.StdTickClient: tickTicker(StdTickClient.java: 153)
   com.planet_ink.coffee_mud.core.threads.StdTickGroup: run(StdTickGroup.java: 344)
   java.util.concurrent.ThreadPoolExecutor: runWorker(ThreadPoolExecutor.java: 1128)
   java.util.concurrent.ThreadPoolExecutor$Worker: run(ThreadPoolExecutor.java: 628)
   java.lang.Thread: run(Thread.java: 834)
20200729.1540.33 error Worker0#7      LOCKED GROUP Tick.10: CMMap: THMap0: !: THMap0, status (0/!) @7/29/2020 3:31 PM, tickID 65559
20200729.1540.33 error Worker0#7      LOCKED GROUP Tick.6: CMChannels: THChannels0: !: THChannels0, status (0/!) @7/29/2020 3:31 PM, tickID 65559
20200729.1540.33 error Worker0#7      LOCKED GROUP Tick.4: I3SaveTick0: I3SaveTick0: !: I3SaveTick0, status (0/!) @7/29/2020 3:31 PM, tickID 23
20200729.1540.33 error Worker0#7      LOCKED GROUP Tick.2: SMTPserver: SMTPserver: Start: SMTPserver, status (1/Start) @7/29/2020 3:31 PM, tickID 65552
20200729.1540.35 error DBConnections  Minor failure obtaining DBConnection(2/2 in use).
20200729.1540.36 error DBConnections  Minor failure obtaining DBConnection(2/2 in use).
20200729.1540.38 error DBConnections  Minor failure obtaining DBConnection(2/2 in use).
20200729.1540.39 error DBConnections  Minor failure obtaining DBConnection(2/2 in use).
20200729.1540.41 error DBConnections  Minor failure obtaining DBConnection(2/2 in use).
20200729.1540.42 error DBConnections  Minor failure obtaining DBConnection(2/2 in use).
20200729.1540.44 error DBConnections  Minor failure obtaining DBConnection(2/2 in use).
20200729.1540.45 error DBConnections  Minor failure obtaining DBConnection(2/2 in use).
20200729.1540.46 error DBConnections  Minor failure obtaining DBConnection(2/2 in use).
20200729.1540.48 error DBConnections  Minor failure obtaining DBConnection(2/2 in use).
20200729.1540.49 error DBConnections  Minor failure obtaining DBConnection(2/2 in use).
20200729.1540.50 error DBConnections  Minor failure obtaining DBConnection(2/2 in use).
20200729.1540.52 error DBConnections  Minor failure obtaining DBConnection(2/2 in use).
20200729.1540.53 error DBConnections  Minor failure obtaining DBConnection(2/2 in use).
20200729.1540.55 error DBConnections  Minor failure obtaining DBConnection(2/2 in use).
20200729.1540.56 error DBConnections  Minor failure obtaining DBConnection(2/2 in use).
20200729.1540.58 error DBConnections  Minor failure obtaining DBConnection(2/2 in use).
20200729.1540.59 error DBConnections  Minor failure obtaining DBConnection(2/2 in use).
20200729.1541.01 error DBConnections  Minor failure obtaining DBConnection(2/2 in use).
20200729.1541.02 error DBConnections  Minor failure obtaining DBConnection(2/2 in use).
20200729.1541.03 error DBConnections  Minor failure obtaining DBConnection(2/2 in use).
20200729.1541.05 error DBConnections  Minor failure obtaining DBConnection(2/2 in use).
20200729.1541.06 error DBConnections  Minor failure obtaining DBConnection(2/2 in use).
20200729.1541.08 error DBConnections  Minor failure obtaining DBConnection(2/2 in use).
20200729.1541.09 warni THSessions0    Suspect Session: Kurjaksmom (Mud School#3715), out for 6m 33s 940ms
STATUS  is :LOGOUT, LASTCMD was :[kill, monster]
20200729.1541.09 info  THSessions0    Kicking out login session after 5m 36s 741ms.
20200729.1541.09 info  Worker0#13     Disconnect: 74.110.125.186 (5m)
20200729.1541.09 error DBConnections  Minor failure obtaining DBConnection(2/2 in use).
20200729.1541.10 error DBConnections  Minor failure obtaining DBConnection(2/2 in use).
20200729.1541.12 error DBConnections  Minor failure obtaining DBConnection(2/2 in use).
20200729.1541.13 error DBConnections  Minor failure obtaining DBConnection(2/2 in use).
20200729.1541.15 error DBConnections  Minor failure obtaining DBConnection(2/2 in use).
20200729.1541.16 error DBConnections  Minor failure obtaining DBConnection(2/2 in use).
20200729.1541.17 error DBConnections  Minor failure obtaining DBConnection(2/2 in use).
20200729.1541.19 error DBConnections  Minor failure obtaining DBConnection(2/2 in use).
20200729.1541.20 error DBConnections  Minor failure obtaining DBConnection(2/2 in use).
20200729.1541.22 error DBConnections  Minor failure obtaining DBConnection(2/2 in use).
20200729.1541.23 error DBConnections  Minor failure obtaining DBConnection(2/2 in use).
20200729.1541.24 error DBConnections  Minor failure obtaining DBConnection(2/2 in use).
20200729.1541.26 error DBConnections  Minor failure obtaining DBConnection(2/2 in use).
20200729.1541.27 error DBConnections  Minor failure obtaining DBConnection(2/2 in use).
20200729.1541.29 error DBConnections  Minor failure obtaining DBConnection(2/2 in use).
20200729.1541.30 error DBConnections  Minor failure obtaining DBConnection(2/2 in use).
20200729.1541.31 error DBConnections  Minor failure obtaining DBConnection(2/2 in use).
20200729.1541.33 error DBConnections  Minor failure obtaining DBConnection(2/2 in use).
20200729.1541.34 error DBConnections  Minor failure obtaining DBConnection(2/2 in use).
20200729.1541.36 error DBConnections  Minor failure obtaining DBConnection(2/2 in use).
20200729.1541.37 error DBConnections  Minor failure obtaining DBConnection(2/2 in use).
20200729.1541.38 error DBConnections  Minor failure obtaining DBConnection(2/2 in use).
20200729.1541.40 error DBConnections  Minor failure obtaining DBConnection(2/2 in use).
20200729.1541.41 error DBConnections  Minor failure obtaining DBConnection(2/2 in use).
20200729.1541.43 error DBConnections  Minor failure obtaining DBConnection(2/2 in use).
20200729.1541.44 error DBConnections  Minor failure obtaining DBConnection(2/2 in use).
20200729.1541.45 error DBConnections  Minor failure obtaining DBConnection(2/2 in use).
20200729.1541.47 error DBConnections  Minor failure obtaining DBConnection(2/2 in use).
20200729.1541.48 error DBConnections  Minor failure obtaining DBConnection(2/2 in use).
20200729.1541.50 error DBConnections  Minor failure obtaining DBConnection(2/2 in use).
20200729.1541.51 error DBConnections  Minor failure obtaining DBConnection(2/2 in use).
20200729.1541.53 error DBConnections  Minor failure obtaining DBConnection(2/2 in use).
20200729.1541.54 error DBConnections  Minor failure obtaining DBConnection(2/2 in use).
20200729.1541.55 error DBConnections  Minor failure obtaining DBConnection(2/2 in use).
20200729.1541.57 error DBConnections  Minor failure obtaining DBConnection(2/2 in use).
20200729.1541.58 error DBConnections  Minor failure obtaining DBConnection(2/2 in use).
20200729.1541.58 info  Worker0#12     Connection from 74.110.125.186
20200729.1542.00 error DBConnections  Minor failure obtaining DBConnection(2/2 in use).
20200729.1542.01 info  Worker0#12     Disconnect: 74.110.125.186 (2s)
20200729.1542.01 error DBConnections  Minor failure obtaining DBConnection(2/2 in use).
20200729.1542.03 error DBConnections  Minor failure obtaining DBConnection(2/2 in use).
20200729.1542.04 info  Worker0#12     Connection from 74.110.125.186
20200729.1542.04 error DBConnections  Minor failure obtaining DBConnection(2/2 in use).
20200729.1542.06 error DBConnections  Minor failure obtaining DBConnection(2/2 in use).
20200729.1542.07 error DBConnections  Minor failure obtaining DBConnection(2/2 in use).
20200729.1542.07 info  Worker0#12     Disconnect: 74.110.125.186 (3s)
20200729.1542.09 error DBConnections  Minor failure obtaining DBConnection(2/2 in use).
20200729.1542.10 error DBConnections  Minor failure obtaining DBConnection(2/2 in use).
20200729.1542.11 error DBConnections  Minor failure obtaining DBConnection(2/2 in use).
20200729.1542.13 error DBConnections  Minor failure obtaining DBConnection(2/2 in use).
20200729.1542.14 error DBConnections  Minor failure obtaining DBConnection(2/2 in use).
20200729.1542.16 error DBConnections  Minor failure obtaining DBConnection(2/2 in use).
20200729.1542.17 error DBConnections  Minor failure obtaining DBConnection(2/2 in use).
20200729.1542.18 error DBConnections  Minor failure obtaining DBConnection(2/2 in use).
20200729.1542.20 error DBConnections  Minor failure obtaining DBConnection(2/2 in use).
20200729.1542.21 error DBConnections  Minor failure obtaining DBConnection(2/2 in use).
20200729.1542.23 error DBConnections  Minor failure obtaining DBConnection(2/2 in use).
20200729.1542.24 error DBConnections  Minor failure obtaining DBConnection(2/2 in use).
20200729.1542.26 error DBConnections  Minor failure obtaining DBConnection(2/2 in use).
20200729.1542.27 error DBConnections  Minor failure obtaining DBConnection(2/2 in use).
20200729.1542.28 error DBConnections  Minor failure obtaining DBConnection(2/2 in use).
20200729.1542.30 error DBConnections  Minor failure obtaining DBConnection(2/2 in use).
20200729.1542.31 error DBConnections  Minor failure obtaining DBConnection(2/2 in use).
20200729.1542.33 error DBConnections  Minor failure obtaining DBConnection(2/2 in use).
20200729.1542.34 error DBConnections  Minor failure obtaining DBConnection(2/2 in use).
20200729.1542.35 error DBConnections  Minor failure obtaining DBConnection(2/2 in use).
20200729.1542.37 error DBConnections  Minor failure obtaining DBConnection(2/2 in use).
20200729.1542.38 error DBConnections  Minor failure obtaining DBConnection(2/2 in use).
20200729.1542.39 error DBConnections  Minor failure obtaining DBConnection(2/2 in use).
20200729.1542.41 error DBConnections  Minor failure obtaining DBConnection(2/2 in use).
20200729.1542.42 error DBConnections  Minor failure obtaining DBConnection(2/2 in use).
20200729.1542.44 error DBConnections  Minor failure obtaining DBConnection(2/2 in use).
20200729.1542.45 error DBConnections  Minor failure obtaining DBConnection(2/2 in use).
20200729.1542.46 error DBConnections  Minor failure obtaining DBConnection(2/2 in use).
20200729.1542.48 error DBConnections  Minor failure obtaining DBConnection(2/2 in use).
20200729.1542.49 error DBConnections  Minor failure obtaining DBConnection(2/2 in use).
20200729.1542.50 error DBConnections  Minor failure obtaining DBConnection(2/2 in use).
20200729.1542.51 error DBConnections  Minor failure obtaining DBConnection(2/2 in use).
20200729.1542.53 error DBConnections  Minor failure obtaining DBConnection(2/2 in use).
20200729.1542.54 error DBConnections  Minor failure obtaining DBConnection(2/2 in use).
20200729.1542.55 error DBConnections  Minor failure obtaining DBConnection(2/2 in use).
20200729.1542.56 error DBConnections  Minor failure obtaining DBConnection(2/2 in use).
20200729.1542.58 error DBConnections  Minor failure obtaining DBConnection(2/2 in use).
20200729.1542.59 error DBConnections  Minor failure obtaining DBConnection(2/2 in use).
20200729.1543.00 error DBConnections  Minor failure obtaining DBConnection(2/2 in use).
20200729.1543.01 error DBConnections  Minor failure obtaining DBConnection(2/2 in use).
20200729.1543.03 error DBConnections  Minor failure obtaining DBConnection(2/2 in use).
20200729.1543.04 error DBConnections  Minor failure obtaining DBConnection(2/2 in use).
20200729.1543.05 error DBConnections  Minor failure obtaining DBConnection(2/2 in use).
20200729.1543.06 error DBConnections  Minor failure obtaining DBConnection(2/2 in use).
20200729.1543.08 error DBConnections  Minor failure obtaining DBConnection(2/2 in use).
20200729.1543.09 error DBConnections  Minor failure obtaining DBConnection(2/2 in use).
20200729.1543.10 error DBConnections  Minor failure obtaining DBConnection(2/2 in use).
20200729.1543.11 error DBConnections  Minor failure obtaining DBConnection(2/2 in use).
20200729.1543.13 error DBConnections  Minor failure obtaining DBConnection(2/2 in use).
20200729.1543.14 error DBConnections  Minor failure obtaining DBConnection(2/2 in use).
20200729.1543.15 error DBConnections  Minor failure obtaining DBConnection(2/2 in use).
20200729.1543.17 error DBConnections  Minor failure obtaining DBConnection(2/2 in use).
20200729.1543.18 error DBConnections  Minor failure obtaining DBConnection(2/2 in use).
20200729.1543.19 error DBConnections  Minor failure obtaining DBConnection(2/2 in use).
20200729.1543.21 error DBConnections  Minor failure obtaining DBConnection(2/2 in use).
20200729.1543.22 error DBConnections  Minor failure obtaining DBConnection(2/2 in use).
20200729.1543.23 error DBConnections  Minor failure obtaining DBConnection(2/2 in use).
20200729.1543.24 error DBConnections  Minor failure obtaining DBConnection(2/2 in use).
20200729.1543.26 error DBConnections  Minor failure obtaining DBConnection(2/2 in use).
20200729.1543.27 error DBConnections  Minor failure obtaining DBConnection(2/2 in use).
20200729.1543.28 error DBConnections  Minor failure obtaining DBConnection(2/2 in use).
20200729.1543.30 error DBConnections  Minor failure obtaining DBConnection(2/2 in use).
20200729.1543.31 error DBConnections  Minor failure obtaining DBConnection(2/2 in use).
20200729.1543.32 error DBConnections  Minor failure obtaining DBConnection(2/2 in use).
20200729.1543.34 error DBConnections  Minor failure obtaining DBConnection(2/2 in use).
20200729.1543.35 error DBConnections  Minor failure obtaining DBConnection(2/2 in use).
20200729.1543.36 error DBConnections  Minor failure obtaining DBConnection(2/2 in use).
20200729.1543.38 error DBConnections  Minor failure obtaining DBConnection(2/2 in use).
20200729.1543.39 error DBConnections  Minor failure obtaining DBConnection(2/2 in use).
20200729.1543.40 error DBConnections  Minor failure obtaining DBConnection(2/2 in use).
20200729.1543.42 error DBConnections  Minor failure obtaining DBConnection(2/2 in use).
20200729.1543.43 error DBConnections  Minor failure obtaining DBConnection(2/2 in use).
20200729.1543.44 error DBConnections  Minor failure obtaining DBConnection(2/2 in use).
20200729.1543.45 error DBConnections  Minor failure obtaining DBConnection(2/2 in use).
20200729.1543.46 error DBConnections  Minor failure obtaining DBConnection(2/2 in use).
20200729.1543.48 error DBConnections  Minor failure obtaining DBConnection(2/2 in use).
20200729.1543.49 error DBConnections  Minor failure obtaining DBConnection(2/2 in use).
20200729.1543.50 error DBConnections  Minor failure obtaining DBConnection(2/2 in use).
20200729.1543.52 error DBConnections  Minor failure obtaining DBConnection(2/2 in use).
20200729.1543.53 error DBConnections  Minor failure obtaining DBConnection(2/2 in use).
20200729.1543.54 error DBConnections  Minor failure obtaining DBConnection(2/2 in use).
20200729.1543.56 error DBConnections  Minor failure obtaining DBConnection(2/2 in use).
20200729.1543.57 error DBConnections  Minor failure obtaining DBConnection(2/2 in use).
20200729.1543.58 error DBConnections  Minor failure obtaining DBConnection(2/2 in use).
20200729.1543.59 error DBConnections  Minor failure obtaining DBConnection(2/2 in use).
20200729.1544.00 error DBConnections  Minor failure obtaining DBConnection(2/2 in use).
20200729.1544.01 error DBConnections  Minor failure obtaining DBConnection(2/2 in use).
20200729.1544.03 error DBConnections  Minor failure obtaining DBConnection(2/2 in use).
20200729.1544.04 error DBConnections  Minor failure obtaining DBConnection(2/2 in use).
20200729.1544.05 error DBConnections  Minor failure obtaining DBConnection(2/2 in use).
20200729.1544.07 error DBConnections  Minor failure obtaining DBConnection(2/2 in use).
20200729.1544.08 error DBConnections  Minor failure obtaining DBConnection(2/2 in use).
20200729.1544.09 error DBConnections  Minor failure obtaining DBConnection(2/2 in use).
20200729.1544.11 error DBConnections  Minor failure obtaining DBConnection(2/2 in use).
20200729.1544.12 error DBConnections  Minor failure obtaining DBConnection(2/2 in use).
20200729.1544.13 error DBConnections  Minor failure obtaining DBConnection(2/2 in use).
20200729.1544.14 error DBConnections  Minor failure obtaining DBConnection(2/2 in use).
20200729.1544.16 error DBConnections  Minor failure obtaining DBConnection(2/2 in use).
20200729.1544.17 error DBConnections  Minor failure obtaining DBConnection(2/2 in use).
20200729.1544.18 error CommandProcess Ermiel starts system restart...
20200729.1544.18 info  ServiceEngine  Scheduler stopped
20200729.1544.18 info  Shutdown0      New Connections are now closed
20200729.1544.18 error DBConnections  Minor failure obtaining DBConnection(2/2 in use).
20200729.1544.20 error DBConnections  Minor failure obtaining DBConnection(2/2 in use).
20200729.1544.21 error DBConnections  Minor failure obtaining DBConnection(2/2 in use).
20200729.1544.22 error DBConnections  Minor failure obtaining DBConnection(2/2 in use).
20200729.1544.24 error DBConnections  Minor failure obtaining DBConnection(2/2 in use).
20200729.1544.25 error DBConnections  Minor failure obtaining DBConnection(2/2 in use).
20200729.1544.26 error DBConnections  Minor failure obtaining DBConnection(2/2 in use).
20200729.1544.28 error DBConnections  Minor failure obtaining DBConnection(2/2 in use).
20200729.1544.29 error DBConnections  Minor failure obtaining DBConnection(2/2 in use).
20200729.1544.30 error DBConnections  Minor failure obtaining DBConnection(2/2 in use).
20200729.1544.31 error DBConnections  Minor failure obtaining DBConnection(2/2 in use).
20200729.1544.32 error DBConnections  Minor failure obtaining DBConnection(2/2 in use).
20200729.1544.33 error DBConnections  Minor failure obtaining DBConnection(2/2 in use).
20200729.1544.34 error DBConnections  Minor failure obtaining DBConnection(2/2 in use).
20200729.1544.36 error DBConnections  Minor failure obtaining DBConnection(2/2 in use).
20200729.1544.37 error DBConnections  Minor failure obtaining DBConnection(2/2 in use).
20200729.1544.38 error DBConnections  Minor failure obtaining DBConnection(2/2 in use).
20200729.1544.39 error DBConnections  Minor failure obtaining DBConnection(2/2 in use).
20200729.1544.40 error DBConnections  Minor failure obtaining DBConnection(2/2 in use).
20200729.1544.41 error DBConnections  Minor failure obtaining DBConnection(2/2 in use).
20200729.1544.43 error DBConnections  Minor failure obtaining DBConnection(2/2 in use).
20200729.1544.44 error DBConnections  Minor failure obtaining DBConnection(2/2 in use).
20200729.1544.45 error DBConnections  Minor failure obtaining DBConnection(2/2 in use).
20200729.1544.46 error DBConnections  Minor failure obtaining DBConnection(2/2 in use).
20200729.1544.47 error DBConnections  Minor failure obtaining DBConnection(2/2 in use).
20200729.1544.48 error DBConnections  Minor failure obtaining DBConnection(2/2 in use).
20200729.1544.50 error DBConnections  Minor failure obtaining DBConnection(2/2 in use).
20200729.1544.51 error DBConnections  Minor failure obtaining DBConnection(2/2 in use).
20200729.1544.52 error DBConnections  Minor failure obtaining DBConnection(2/2 in use).
20200729.1544.53 error DBConnections  Minor failure obtaining DBConnection(2/2 in use).
20200729.1544.54 error DBConnections  Minor failure obtaining DBConnection(2/2 in use).
20200729.1544.55 error DBConnections  Minor failure obtaining DBConnection(2/2 in use).
20200729.1544.56 error DBConnections  Minor failure obtaining DBConnection(2/2 in use).
20200729.1544.57 error DBConnections  Minor failure obtaining DBConnection(2/2 in use).
20200729.1544.58 error DBConnections  Minor failure obtaining DBConnection(2/2 in use).
20200729.1545.00 error DBConnections  Minor failure obtaining DBConnection(2/2 in use).
20200729.1545.01 error DBConnections  Minor failure obtaining DBConnection(2/2 in use).
20200729.1545.02 error DBConnections  Minor failure obtaining DBConnection(2/2 in use).
20200729.1545.03 error DBConnections  Minor failure obtaining DBConnection(2/2 in use).
20200729.1545.04 error DBConnections  Minor failure obtaining DBConnection(2/2 in use).
20200729.1545.05 error DBConnections  Minor failure obtaining DBConnection(2/2 in use).
20200729.1545.07 error DBConnections  Minor failure obtaining DBConnection(2/2 in use).
20200729.1545.08 error DBConnections  Minor failure obtaining DBConnection(2/2 in use).
20200729.1545.09 error DBConnections  Minor failure obtaining DBConnection(2/2 in use).
20200729.1545.10 error DBConnections  Minor failure obtaining DBConnection(2/2 in use).
20200729.1545.11 error DBConnections  Minor failure obtaining DBConnection(2/2 in use).
20200729.1545.12 error DBConnections  Minor failure obtaining DBConnection(2/2 in use).
20200729.1545.13 error DBConnections  Minor failure obtaining DBConnection(2/2 in use).
20200729.1545.15 error DBConnections  Minor failure obtaining DBConnection(2/2 in use).
20200729.1545.16 error DBConnections  Minor failure obtaining DBConnection(2/2 in use).
20200729.1545.17 error DBConnections  Minor failure obtaining DBConnection(2/2 in use).
20200729.1545.18 error DBConnections  Minor failure obtaining DBConnection(2/2 in use).
20200729.1545.19 error DBConnections  Minor failure obtaining DBConnection(2/2 in use).
20200729.1545.20 error DBConnections  Minor failure obtaining DBConnection(2/2 in use).
20200729.1545.21 error DBConnections  Minor failure obtaining DBConnection(2/2 in use).
20200729.1545.22 error DBConnections  Minor failure obtaining DBConnection(2/2 in use).
20200729.1545.24 error DBConnections  Minor failure obtaining DBConnection(2/2 in use).
20200729.1545.25 error DBConnections  Minor failure obtaining DBConnection(2/2 in use).
20200729.1545.26 error DBConnections  Minor failure obtaining DBConnection(2/2 in use).
20200729.1545.27 error DBConnections  Minor failure obtaining DBConnection(2/2 in use).
20200729.1545.28 error DBConnections  Minor failure obtaining DBConnection(2/2 in use).
20200729.1545.29 error DBConnections  Minor failure obtaining DBConnection(2/2 in use).
20200729.1545.30 error DBConnections  Minor failure obtaining DBConnection(2/2 in use).
20200729.1545.31 error DBConnections  Minor failure obtaining DBConnection(2/2 in use).
20200729.1545.33 error DBConnections  Minor failure obtaining DBConnection(2/2 in use).
20200729.1545.34 error DBConnections  Minor failure obtaining DBConnection(2/2 in use).
20200729.1545.35 error DBConnections  Minor failure obtaining DBConnection(2/2 in use).
20200729.1545.36 error DBConnections  Minor failure obtaining DBConnection(2/2 in use).
20200729.1545.37 error DBConnections  Minor failure obtaining DBConnection(2/2 in use).
20200729.1545.39 error DBConnections  Minor failure obtaining DBConnection(2/2 in use).
20200729.1545.40 error DBConnections  Minor failure obtaining DBConnection(2/2 in use).
20200729.1545.41 error DBConnections  Minor failure obtaining DBConnection(2/2 in use).
20200729.1545.42 error DBConnections  Minor failure obtaining DBConnection(2/2 in use).
20200729.1545.43 error DBConnections  Minor failure obtaining DBConnection(2/2 in use).
20200729.1545.44 error DBConnections  Minor failure obtaining DBConnection(2/2 in use).
20200729.1545.45 error DBConnections  Minor failure obtaining DBConnection(2/2 in use).
20200729.1545.47 error DBConnections  Minor failure obtaining DBConnection(2/2 in use).
20200729.1545.48 error DBConnections  Minor failure obtaining DBConnection(2/2 in use).
20200729.1545.49 error DBConnections  Minor failure obtaining DBConnection(2/2 in use).
20200729.1545.50 error DBConnections  Minor failure obtaining DBConnection(2/2 in use).
20200729.1545.51 error DBConnections  Minor failure obtaining DBConnection(2/2 in use).
20200729.1545.53 error DBConnections  Minor failure obtaining DBConnection(2/2 in use).
20200729.1545.54 error DBConnections  Minor failure obtaining DBConnection(2/2 in use).
20200729.1545.55 error DBConnections  Minor failure obtaining DBConnection(2/2 in use).
20200729.1545.56 error DBConnections  Minor failure obtaining DBConnection(2/2 in use).
20200729.1545.57 error DBConnections  Minor failure obtaining DBConnection(2/2 in use).
20200729.1545.58 error DBConnections  Minor failure obtaining DBConnection(2/2 in use).
20200729.1546.00 error DBConnections  Minor failure obtaining DBConnection(2/2 in use).
20200729.1546.01 error DBConnections  Minor failure obtaining DBConnection(2/2 in use).
20200729.1546.02 error DBConnections  Minor failure obtaining DBConnection(2/2 in use).
20200729.1546.03 error DBConnections  Minor failure obtaining DBConnection(2/2 in use).
20200729.1546.04 error DBConnections  Minor failure obtaining DBConnection(2/2 in use).
20200729.1546.06 error DBConnections  Minor failure obtaining DBConnection(2/2 in use).
20200729.1546.07 error DBConnections  Minor failure obtaining DBConnection(2/2 in use).
20200729.1546.08 error DBConnections  Minor failure obtaining DBConnection(2/2 in use).
20200729.1546.09 error DBConnections  Minor failure obtaining DBConnection(2/2 in use).
20200729.1546.10 error DBConnections  Minor failure obtaining DBConnection(2/2 in use).
20200729.1546.11 error DBConnections  Minor failure obtaining DBConnection(2/2 in use).
20200729.1546.12 error DBConnections  Minor failure obtaining DBConnection(2/2 in use).
20200729.1546.13 error DBConnections  Minor failure obtaining DBConnection(2/2 in use).
20200729.1546.15 error DBConnections  Minor failure obtaining DBConnection(2/2 in use).
20200729.1546.16 error DBConnections  Minor failure obtaining DBConnection(2/2 in use).
20200729.1546.17 error DBConnections  Minor failure obtaining DBConnection(2/2 in use).
20200729.1546.18 error DBConnections  Minor failure obtaining DBConnection(2/2 in use).
20200729.1546.19 error DBConnections  Minor failure obtaining DBConnection(2/2 in use).
20200729.1546.21 error DBConnections  Minor failure obtaining DBConnection(2/2 in use).
20200729.1546.22 error DBConnections  Minor failure obtaining DBConnection(2/2 in use).
20200729.1546.23 error DBConnections  Minor failure obtaining DBConnection(2/2 in use).
20200729.1546.24 error DBConnections  Minor failure obtaining DBConnection(2/2 in use).
20200729.1546.25 error DBConnections  Minor failure obtaining DBConnection(2/2 in use).
20200729.1546.26 error DBConnections  Minor failure obtaining DBConnection(2/2 in use).
20200729.1546.27 error DBConnections  Minor failure obtaining DBConnection(2/2 in use).
20200729.1546.28 error DBConnections  Minor failure obtaining DBConnection(2/2 in use).
20200729.1546.29 error DBConnections  Minor failure obtaining DBConnection(2/2 in use).
20200729.1546.30 error DBConnections  Minor failure obtaining DBConnection(2/2 in use).
20200729.1546.31 error DBConnections  Minor failure obtaining DBConnection(2/2 in use).
20200729.1546.33 error DBConnections  Minor failure obtaining DBConnection(2/2 in use).
20200729.1546.34 error DBConnections  Minor failure obtaining DBConnection(2/2 in use).
20200729.1546.35 error DBConnections  Minor failure obtaining DBConnection(2/2 in use).
20200729.1546.36 error DBConnections  Minor failure obtaining DBConnection(2/2 in use).
20200729.1546.37 error DBConnections  Minor failure obtaining DBConnection(2/2 in use).
20200729.1546.38 error DBConnections  Minor failure obtaining DBConnection(2/2 in use).
20200729.1546.39 error DBConnections  Minor failure obtaining DBConnection(2/2 in use).
20200729.1546.41 error DBConnections  Minor failure obtaining DBConnection(2/2 in use).
20200729.1546.42 error DBConnections  Minor failure obtaining DBConnection(2/2 in use).
20200729.1546.43 error DBConnections  Minor failure obtaining DBConnection(2/2 in use).
20200729.1546.44 error DBConnections  Minor failure obtaining DBConnection(2/2 in use).
20200729.1546.46 error DBConnections  Minor failure obtaining DBConnection(2/2 in use).
20200729.1546.47 error DBConnections  Minor failure obtaining DBConnection(2/2 in use).
20200729.1546.48 error DBConnections  Minor failure obtaining DBConnection(2/2 in use).
20200729.1546.49 error DBConnections  Minor failure obtaining DBConnection(2/2 in use).
20200729.1546.50 error DBConnections  Minor failure obtaining DBConnection(2/2 in use).
20200729.1546.51 error DBConnections  Minor failure obtaining DBConnection(2/2 in use).
20200729.1546.52 error DBConnections  Minor failure obtaining DBConnection(2/2 in use).
20200729.1546.53 error DBConnections  Minor failure obtaining DBConnection(2/2 in use).
20200729.1546.54 error DBConnections  Minor failure obtaining DBConnection(2/2 in use).
20200729.1546.56 error DBConnections  Minor failure obtaining DBConnection(2/2 in use).
20200729.1546.57 error DBConnections  Minor failure obtaining DBConnection(2/2 in use).
20200729.1546.58 error DBConnections  Minor failure obtaining DBConnection(2/2 in use).
20200729.1546.59 error DBConnections  Minor failure obtaining DBConnection(2/2 in use).
20200729.1547.00 error DBConnections  Minor failure obtaining DBConnection(2/2 in use).
20200729.1547.01 error DBConnections  Minor failure obtaining DBConnection(2/2 in use).
20200729.1547.02 error DBConnections  Minor failure obtaining DBConnection(2/2 in use).
20200729.1547.04 error DBConnections  Minor failure obtaining DBConnection(2/2 in use).
20200729.1547.05 error DBConnections  Minor failure obtaining DBConnection(2/2 in use).
20200729.1547.06 error DBConnections  Minor failure obtaining DBConnection(2/2 in use).
20200729.1547.07 error DBConnections  Minor failure obtaining DBConnection(2/2 in use).
20200729.1547.08 error DBConnections  Minor failure obtaining DBConnection(2/2 in use).
20200729.1547.09 error DBConnections  Minor failure obtaining DBConnection(2/2 in use).
20200729.1547.11 error DBConnections  Minor failure obtaining DBConnection(2/2 in use).
20200729.1547.12 error DBConnections  Minor failure obtaining DBConnection(2/2 in use).
20200729.1547.13 error DBConnections  Minor failure obtaining DBConnection(2/2 in use).
20200729.1547.14 error DBConnections  Minor failure obtaining DBConnection(2/2 in use).
20200729.1547.15 error DBConnections  Minor failure obtaining DBConnection(2/2 in use).
20200729.1547.17 error DBConnections  Minor failure obtaining DBConnection(2/2 in use).
20200729.1547.18 error DBConnections  Minor failure obtaining DBConnection(2/2 in use).
20200729.1547.19 error DBConnections  Minor failure obtaining DBConnection(2/2 in use).
20200729.1547.20 error DBConnections  Minor failure obtaining DBConnection(2/2 in use).
20200729.1547.21 error DBConnections  Minor failure obtaining DBConnection(2/2 in use).
20200729.1547.23 error DBConnections  Minor failure obtaining DBConnection(2/2 in use).
20200729.1547.23 error DBConnections  Minor failure obtaining DBConnection(2/2 in use).
20200729.1547.25 error DBConnections  Minor failure obtaining DBConnection(2/2 in use).
20200729.1547.26 error DBConnections  Minor failure obtaining DBConnection(2/2 in use).
20200729.1547.27 error DBConnections  Minor failure obtaining DBConnection(2/2 in use).
20200729.1547.28 error DBConnections  Minor failure obtaining DBConnection(2/2 in use).
20200729.1547.29 error DBConnections  Minor failure obtaining DBConnection(2/2 in use).
20200729.1547.30 error DBConnections  Minor failure obtaining DBConnection(2/2 in use).
20200729.1547.31 error DBConnections  Minor failure obtaining DBConnection(2/2 in use).
20200729.1547.32 error DBConnections  Minor failure obtaining DBConnection(2/2 in use).
20200729.1547.33 error DBConnections  Minor failure obtaining DBConnection(2/2 in use).
20200729.1547.35 error DBConnections  Minor failure obtaining DBConnection(2/2 in use).
20200729.1547.36 error DBConnections  Minor failure obtaining DBConnection(2/2 in use).
20200729.1547.37 error DBConnections  Minor failure obtaining DBConnection(2/2 in use).
20200729.1547.38 error DBConnections  Minor failure obtaining DBConnection(2/2 in use).
20200729.1547.39 error DBConnections  Minor failure obtaining DBConnection(2/2 in use).
20200729.1547.40 error DBConnections  Minor failure obtaining DBConnection(2/2 in use).
20200729.1547.41 error DBConnections  Minor failure obtaining DBConnection(2/2 in use).
20200729.1547.43 error DBConnections  Minor failure obtaining DBConnection(2/2 in use).
20200729.1547.44 error DBConnections  Minor failure obtaining DBConnection(2/2 in use).
20200729.1547.45 error DBConnections  Minor failure obtaining DBConnection(2/2 in use).
20200729.1547.46 error DBConnections  Minor failure obtaining DBConnection(2/2 in use).
20200729.1547.48 error DBConnections  Minor failure obtaining DBConnection(2/2 in use).
20200729.1547.49 error DBConnections  Minor failure obtaining DBConnection(2/2 in use).
20200729.1547.50 error DBConnections  Minor failure obtaining DBConnection(2/2 in use).
20200729.1547.51 error DBConnections  Minor failure obtaining DBConnection(2/2 in use).
20200729.1547.52 error DBConnections  Minor failure obtaining DBConnection(2/2 in use).
20200729.1547.53 error DBConnections  Minor failure obtaining DBConnection(2/2 in use).
20200729.1547.55 error DBConnections  Minor failure obtaining DBConnection(2/2 in use).
20200729.1547.56 error DBConnections  Minor failure obtaining DBConnection(2/2 in use).
20200729.1547.57 error DBConnections  Minor failure obtaining DBConnection(2/2 in use).
20200729.1547.58 error DBConnections  Minor failure obtaining DBConnection(2/2 in use).
20200729.1547.59 error DBConnections  Minor failure obtaining DBConnection(2/2 in use).
20200729.1548.01 error DBConnections  Minor failure obtaining DBConnection(2/2 in use).
20200729.1548.02 error DBConnections  Minor failure obtaining DBConnection(2/2 in use).
20200729.1548.03 error DBConnections  Minor failure obtaining DBConnection(2/2 in use).
20200729.1548.04 error DBConnections  Minor failure obtaining DBConnection(2/2 in use).
20200729.1548.05 error DBConnections  Minor failure obtaining DBConnection(2/2 in use).
20200729.1548.06 error DBConnections  Minor failure obtaining DBConnection(2/2 in use).
20200729.1548.07 error DBConnections  Minor failure obtaining DBConnection(2/2 in use).
20200729.1548.09 error DBConnections  Minor failure obtaining DBConnection(2/2 in use).
20200729.1548.10 error DBConnections  Minor failure obtaining DBConnection(2/2 in use).
20200729.1548.11 error DBConnections  Minor failure obtaining DBConnection(2/2 in use).
20200729.1548.12 error DBConnections  Minor failure obtaining DBConnection(2/2 in use).
20200729.1548.13 error DBConnections  Minor failure obtaining DBConnection(2/2 in use).
20200729.1548.14 error DBConnections  Minor failure obtaining DBConnection(2/2 in use).
20200729.1548.16 error DBConnections  Minor failure obtaining DBConnection(2/2 in use).
20200729.1548.17 error DBConnections  Minor failure obtaining DBConnection(2/2 in use).
20200729.1548.18 error DBConnections  Minor failure obtaining DBConnection(2/2 in use).
20200729.1548.19 error DBConnections  Minor failure obtaining DBConnection(2/2 in use).
20200729.1548.20 error DBConnections  Minor failure obtaining DBConnection(2/2 in use).
20200729.1548.22 error DBConnections  Minor failure obtaining DBConnection(2/2 in use).
20200729.1548.23 error DBConnections  Minor failure obtaining DBConnection(2/2 in use).
20200729.1548.24 error DBConnections  Minor failure obtaining DBConnection(2/2 in use).
20200729.1548.25 error DBConnections  Minor failure obtaining DBConnection(2/2 in use).
20200729.1548.26 error DBConnections  Minor failure obtaining DBConnection(2/2 in use).
20200729.1548.27 error DBConnections  Minor failure obtaining DBConnection(2/2 in use).
20200729.1548.29 error DBConnections  Minor failure obtaining DBConnection(2/2 in use).
20200729.1548.30 error DBConnections  Minor failure obtaining DBConnection(2/2 in use).
20200729.1548.31 error DBConnections  Minor failure obtaining DBConnection(2/2 in use).
20200729.1548.32 error DBConnections  Minor failure obtaining DBConnection(2/2 in use).
20200729.1548.33 error DBConnections  Minor failure obtaining DBConnection(2/2 in use).
20200729.1548.34 error DBConnections  Minor failure obtaining DBConnection(2/2 in use).
20200729.1548.35 error DBConnections  Minor failure obtaining DBConnection(2/2 in use).
20200729.1548.37 error DBConnections  Minor failure obtaining DBConnection(2/2 in use).
20200729.1548.38 error DBConnections  Minor failure obtaining DBConnection(2/2 in use).
20200729.1548.39 error DBConnections  Minor failure obtaining DBConnection(2/2 in use).
20200729.1548.40 error DBConnections  Minor failure obtaining DBConnection(2/2 in use).
20200729.1548.41 error DBConnections  Minor failure obtaining DBConnection(2/2 in use).
20200729.1548.42 error DBConnections  Minor failure obtaining DBConnection(2/2 in use).
20200729.1548.44 error DBConnections  Minor failure obtaining DBConnection(2/2 in use).
20200729.1548.45 error DBConnections  Minor failure obtaining DBConnection(2/2 in use).
20200729.1548.46 error DBConnections  Minor failure obtaining DBConnection(2/2 in use).
20200729.1548.47 error DBConnections  Minor failure obtaining DBConnection(2/2 in use).
20200729.1548.48 error DBConnections  Minor failure obtaining DBConnection(2/2 in use).
20200729.1548.49 error DBConnections  Minor failure obtaining DBConnection(2/2 in use).
20200729.1548.51 error DBConnections  Minor failure obtaining DBConnection(2/2 in use).
20200729.1548.52 error DBConnections  Minor failure obtaining DBConnection(2/2 in use).
20200729.1548.53 error DBConnections  Minor failure obtaining DBConnection(2/2 in use).
20200729.1548.54 error DBConnections  Minor failure obtaining DBConnection(2/2 in use).
20200729.1548.55 error DBConnections  Minor failure obtaining DBConnection(2/2 in use).
20200729.1548.57 error DBConnections  Minor failure obtaining DBConnection(2/2 in use).
20200729.1548.58 error DBConnections  Minor failure obtaining DBConnection(2/2 in use).
20200729.1548.59 error DBConnections  Minor failure obtaining DBConnection(2/2 in use).
20200729.1549.00 error DBConnections  Minor failure obtaining DBConnection(2/2 in use).
20200729.1549.01 error DBConnections  Minor failure obtaining DBConnection(2/2 in use).
20200729.1549.02 error DBConnections  Minor failure obtaining DBConnection(2/2 in use).
20200729.1549.03 error DBConnections  Minor failure obtaining DBConnection(2/2 in use).
20200729.1549.05 error DBConnections  Minor failure obtaining DBConnection(2/2 in use).
20200729.1549.06 error DBConnections  Minor failure obtaining DBConnection(2/2 in use).
20200729.1549.07 error DBConnections  Minor failure obtaining DBConnection(2/2 in use).
20200729.1549.08 error DBConnections  Minor failure obtaining DBConnection(2/2 in use).
20200729.1549.09 error DBConnections  Minor failure obtaining DBConnection(2/2 in use).
20200729.1549.10 error DBConnections  Minor failure obtaining DBConnection(2/2 in use).
20200729.1549.12 error DBConnections  Minor failure obtaining DBConnection(2/2 in use).
20200729.1549.13 error DBConnections  Minor failure obtaining DBConnection(2/2 in use).
20200729.1549.14 error DBConnections  Minor failure obtaining DBConnection(2/2 in use).
20200729.1549.15 error DBConnections  Minor failure obtaining DBConnection(2/2 in use).
20200729.1549.16 error DBConnections  Minor failure obtaining DBConnection(2/2 in use).
20200729.1549.17 error DBConnections  Minor failure obtaining DBConnection(2/2 in use).
20200729.1549.19 error DBConnections  Minor failure obtaining DBConnection(2/2 in use).
20200729.1549.20 error DBConnections  Minor failure obtaining DBConnection(2/2 in use).
20200729.1549.21 error DBConnections  Minor failure obtaining DBConnection(2/2 in use).
20200729.1549.22 error DBConnections  Minor failure obtaining DBConnection(2/2 in use).
20200729.1549.23 error DBConnections  Minor failure obtaining DBConnection(2/2 in use).
20200729.1549.25 error DBConnections  Minor failure obtaining DBConnection(2/2 in use).
20200729.1549.26 error DBConnections  Minor failure obtaining DBConnection(2/2 in use).
20200729.1549.27 error DBConnections  Minor failure obtaining DBConnection(2/2 in use).
20200729.1549.28 error DBConnections  Minor failure obtaining DBConnection(2/2 in use).
20200729.1549.29 error DBConnections  Minor failure obtaining DBConnection(2/2 in use).
20200729.1549.30 error DBConnections  Minor failure obtaining DBConnection(2/2 in use).
20200729.1549.31 error DBConnections  Minor failure obtaining DBConnection(2/2 in use).
20200729.1549.33 error DBConnections  Minor failure obtaining DBConnection(2/2 in use).
20200729.1549.34 error DBConnections  Minor failure obtaining DBConnection(2/2 in use).
20200729.1549.35 error DBConnections  Minor failure obtaining DBConnection(2/2 in use).
20200729.1549.36 error DBConnections  Minor failure obtaining DBConnection(2/2 in use).
20200729.1549.37 error DBConnections  Minor failure obtaining DBConnection(2/2 in use).
20200729.1549.39 error DBConnections  Minor failure obtaining DBConnection(2/2 in use).
20200729.1549.40 error DBConnections  Minor failure obtaining DBConnection(2/2 in use).
20200729.1549.41 error DBConnections  Minor failure obtaining DBConnection(2/2 in use).
20200729.1549.42 error DBConnections  Minor failure obtaining DBConnection(2/2 in use).
20200729.1549.43 error DBConnections  Minor failure obtaining DBConnection(2/2 in use).
20200729.1549.44 error DBConnections  Minor failure obtaining DBConnection(2/2 in use).
20200729.1549.45 error DBConnections  Minor failure obtaining DBConnection(2/2 in use).
20200729.1549.47 error DBConnections  Minor failure obtaining DBConnection(2/2 in use).
20200729.1549.48 error DBConnections  Minor failure obtaining DBConnection(2/2 in use).
20200729.1549.49 error DBConnections  Minor failure obtaining DBConnection(2/2 in use).
20200729.1549.50 error DBConnections  Minor failure obtaining DBConnection(2/2 in use).
20200729.1549.52 error DBConnections  Minor failure obtaining DBConnection(2/2 in use).
20200729.1549.52 error DBConnections  Minor failure obtaining DBConnection(2/2 in use).
20200729.1549.54 error DBConnections  Minor failure obtaining DBConnection(2/2 in use).
20200729.1549.55 error DBConnections  Minor failure obtaining DBConnection(2/2 in use).
20200729.1549.56 error DBConnections  Minor failure obtaining DBConnection(2/2 in use).
20200729.1549.57 error DBConnections  Minor failure obtaining DBConnection(2/2 in use).
20200729.1549.58 error DBConnections  Minor failure obtaining DBConnection(2/2 in use).
20200729.1549.59 error DBConnections  Minor failure obtaining DBConnection(2/2 in use).
20200729.1550.00 error DBConnections  Minor failure obtaining DBConnection(2/2 in use).
20200729.1550.01 error DBConnections  Minor failure obtaining DBConnection(2/2 in use).
20200729.1550.03 error DBConnections  Minor failure obtaining DBConnection(2/2 in use).
20200729.1550.04 error DBConnections  Minor failure obtaining DBConnection(2/2 in use).
20200729.1550.05 error DBConnections  Minor failure obtaining DBConnection(2/2 in use).
20200729.1550.06 error DBConnections  Minor failure obtaining DBConnection(2/2 in use).
20200729.1550.07 error DBConnections  Minor failure obtaining DBConnection(2/2 in use).
20200729.1550.09 error DBConnections  Minor failure obtaining DBConnection(2/2 in use).
20200729.1550.10 error DBConnections  Minor failure obtaining DBConnection(2/2 in use).
20200729.1550.11 error DBConnections  Minor failure obtaining DBConnection(2/2 in use).
20200729.1550.12 error DBConnections  Minor failure obtaining DBConnection(2/2 in use).
20200729.1550.13 error DBConnections  Minor failure obtaining DBConnection(2/2 in use).
20200729.1550.14 error DBConnections  Minor failure obtaining DBConnection(2/2 in use).
20200729.1550.16 error DBConnections  Minor failure obtaining DBConnection(2/2 in use).
20200729.1550.17 error DBConnections  Minor failure obtaining DBConnection(2/2 in use).
20200729.1550.18 error DBConnections  Minor failure obtaining DBConnection(2/2 in use).
20200729.1550.19 error DBConnections  Minor failure obtaining DBConnection(2/2 in use).
20200729.1550.21 error DBConnections  Minor failure obtaining DBConnection(2/2 in use).
20200729.1550.22 error DBConnections  Minor failure obtaining DBConnection(2/2 in use).
20200729.1550.23 error DBConnections  Minor failure obtaining DBConnection(2/2 in use).
20200729.1550.24 error DBConnections  Minor failure obtaining DBConnection(2/2 in use).
20200729.1550.25 error DBConnections  Minor failure obtaining DBConnection(2/2 in use).
20200729.1550.26 error DBConnections  Minor failure obtaining DBConnection(2/2 in use).
20200729.1550.27 error DBConnections  Minor failure obtaining DBConnection(2/2 in use).
20200729.1550.28 error DBConnections  Minor failure obtaining DBConnection(2/2 in use).
20200729.1550.29 error DBConnections  Minor failure obtaining DBConnection(2/2 in use).
20200729.1550.30 error DBConnections  Minor failure obtaining DBConnection(2/2 in use).
20200729.1550.32 error DBConnections  Minor failure obtaining DBConnection(2/2 in use).
20200729.1550.33 error DBConnections  Minor failure obtaining DBConnection(2/2 in use).
20200729.1550.34 error DBConnections  Minor failure obtaining DBConnection(2/2 in use).
20200729.1550.35 error DBConnections  Minor failure obtaining DBConnection(2/2 in use).
20200729.1550.36 error DBConnections  Minor failure obtaining DBConnection(2/2 in use).
20200729.1550.38 error DBConnections  Minor failure obtaining DBConnection(2/2 in use).
20200729.1550.39 error DBConnections  Minor failure obtaining DBConnection(2/2 in use).
20200729.1550.40 error DBConnections  Minor failure obtaining DBConnection(2/2 in use).
20200729.1550.41 error DBConnections  Minor failure obtaining DBConnection(2/2 in use).
20200729.1550.42 error DBConnections  Minor failure obtaining DBConnection(2/2 in use).
20200729.1550.44 error DBConnections  Minor failure obtaining DBConnection(2/2 in use).
20200729.1550.45 error DBConnections  Minor failure obtaining DBConnection(2/2 in use).
                                                                                        