20200814.0912.15 info  MUD            CoffeeMud v5.9.10
20200814.0912.15 info  MUD            (C) 2000-2020 Bo Zimmerman
20200814.0912.15 info  MUD            http://www.coffeemud.org
20200814.0912.15 error CMSecurity     Unknown or duplicate enable flag: CLASS_COMMONER
20200814.0912.15 info  HOST0          Disabled subsystems: DBERRORQUESTART, COMMAND_POSE, QUITREASON, RETIREREASON
20200814.0912.15 info  MUD@5555       MUD Server started on port: 5555
20200814.0912.16 error DBConnections  Access denied for user 'gron'@'localhost' (using password: YES)
java.sql.SQLException: Access denied for user 'gron'@'localhost' (using password: YES)
	at com.mysql.cj.jdbc.exceptions.SQLError.createSQLException(SQLError.java:129)
	at com.mysql.cj.jdbc.exceptions.SQLError.createSQLException(SQLError.java:97)
	at com.mysql.cj.jdbc.exceptions.SQLExceptionsMapping.translateException(SQLExceptionsMapping.java:122)
	at com.mysql.cj.jdbc.ConnectionImpl.createNewIO(ConnectionImpl.java:836)
	at com.mysql.cj.jdbc.ConnectionImpl.<init>(ConnectionImpl.java:456)
	at com.mysql.cj.jdbc.ConnectionImpl.getInstance(ConnectionImpl.java:246)
	at com.mysql.cj.jdbc.NonRegisteringDriver.connect(NonRegisteringDriver.java:197)
	at java.sql/java.sql.DriverManager.getConnection(DriverManager.java:677)
	at java.sql/java.sql.DriverManager.getConnection(DriverManager.java:189)
	at com.planet_ink.coffee_mud.core.database.DBConnection.<init>(DBConnection.java:135)
	at com.planet_ink.coffee_mud.core.database.DBConnections.DBFetchAny(DBConnections.java:373)
	at com.planet_ink.coffee_mud.core.database.DBConnections.DBFetchTest(DBConnections.java:346)
	at com.planet_ink.coffee_mud.core.database.DBConnector.DBFetchTest(DBConnector.java:233)
	at com.planet_ink.coffee_mud.application.MUD$HostGroup.initHost(MUD.java:1498)
	at com.planet_ink.coffee_mud.application.MUD$HostGroup.run(MUD.java:1947)
20200814.0912.16 error HOST0          Fatal database error: <BR>#101 DBCONNECTIONS REPORTING A DISCONNECTED STATE<BR>Connections in use=0/0
20200814.0912.16 error MUD            CoffeeMud failed to start.
