
20200713.1527.43 info  MUD            CoffeeMud v5.9.10
20200713.1527.43 info  MUD            (C) 2000-2020 Bo Zimmerman
20200713.1527.43 info  MUD            http://www.coffeemud.org
20200713.1527.44 info  HOST0          Disabled subsystems: DBERRORQUESTART, COMMAND_POSE, QUITREASON, RETIREREASON
20200713.1527.44 info  MUD@5555       MUD Server started on port: 5555
20200713.1527.44 info  HOST0          Connected to jdbc:fakedb:resources/fakedb
20200713.1527.45 debug HOST0          SSL not configured.
20200713.1527.45 debug HOST0          SSL not configured.
20200713.1527.45 info  cweb-pub0      Started http pub0 on port 27744
20200713.1527.45 info  cweb-pub0      Started http pub0 on port 80
20200713.1527.45 info  cweb-admin0    Started http admin0 on port 27777
20200713.1527.45 debug cweb-pub0Timeo Timeout Thread started
20200713.1527.45 debug cweb-admin0Tim Timeout Thread started
20200713.1527.45 error SMTP           Set your coffeemud.ini parameter: DOMAIN
20200713.1527.46 info  HOST0          WebMacros loaded  : 193
20200713.1527.48 info  HOST0          MOB Types loaded  : 148
20200713.1527.48 info  HOST0          Exit Types loaded : 30
20200713.1527.48 info  HOST0          Area Types loaded : 14
20200713.1527.49 info  HOST0          Locales loaded    : 124
20200713.1527.49 info  HOST0          Fighter Skills    : 131
20200713.1527.50 info  HOST0          Chants loaded     : 315
20200713.1527.51 info  HOST0          Languages loaded  : 58
20200713.1527.53 info  HOST0          Properties loaded : 298
20200713.1527.54 info  HOST0          Prayers loaded    : 306
20200713.1527.56 info  HOST0          Thief Skills      : 154
20200713.1527.58 info  HOST0          Skills loaded     : 316
20200713.1527.58 info  HOST0          Songs loaded      : 156
20200713.1528.00 info  HOST0          Spells loaded     : 403
20200713.1528.00 info  HOST0          Heroics loaded    : 6
20200713.1528.00 info  HOST0          Tech Skills loaded: 2
20200713.1528.01 info  HOST0          Traps loaded      : 76
20200713.1528.02 info  HOST0          Basic Items loaded: 128
20200713.1528.03 info  HOST0          Weapons loaded    : 60
20200713.1528.03 info  HOST0          Armor loaded      : 50
20200713.1528.03 info  HOST0          Magic Items loaded: 45
20200713.1528.03 info  HOST0          Clan Items loaded : 24
20200713.1528.05 info  HOST0          Electronics loaded: 81
20200713.1528.05 info  HOST0          Behaviors loaded  : 97
20200713.1528.07 info  HOST0          Commands loaded   : 286
20200713.1528.07 info  HOST0          Races loaded      : 223
20200713.1528.07 info  HOST0          Classes loaded    : 52
20200713.1528.30 info  HOST0          Expertises defined: 1817
20200713.1528.30 info  HOST0          Channels loaded   : 20
20200713.1528.30 info  HOST0          Socials loaded    : 312
20200713.1528.30 info  HOST0          Clans loaded      : 0
20200713.1528.30 info  CM1Server0@277 Started CM1Server0@27733 on port 27733
20200713.1528.30 info  I3Server       InterMud3 Core (c)1996 George Reese
20200713.1528.30 error Intermud       Please set ADMINEMAIL in your coffeemud.ini file.
20200713.1528.31 info  Intermud3      I3 client connection: 204.209.44.3@8080
20200713.1528.31 info  I3Server       InterMud3 Server started on port 27766
20200713.1528.31 info  HOST0          Loading catalog...
20200713.1528.31 info  HOST0          Loading map...
20200713.1528.31 info  HOST0          Preparing map...
20200713.1528.31 info  HOST0          Mapped rooms      : 0 in 0 areas
20200713.1528.31 info  HOST0          NO MAPPED ROOM?!  I'll make ya one!
20200713.1528.33 info  HOST0          Services and utilities started
20200713.1528.33 info  HOST0          Host#0 initializated.
20200713.1528.33 info  MUD            Initialization complete.
20200713.1530.44 info  Worker0#4      Connection from 74.110.125.186
20200713.1531.03 info  Worker0#2      Creating user: Ermiel
20200713.1531.34 info  Worker0#4      Created user: Ermiel
20200713.1531.40 info  Worker0#4      74.110.125.186 Mudlet 4.8.0 MXP GMCP CMP ANSI, character login: Ermiel
20200713.1532.58 info  Items          Ermiel created item ArchonStaff.
20200713.1608.04 info  Worker0#1      Connection from 59.2.255.86
20200713.1608.04 info  Worker0#4      Connection from 59.2.255.86
20200713.1608.06 info  Worker0#2      Connection from 59.2.255.86
20200713.1608.09 info  Worker0#3      Connection from 59.2.255.86
20200713.1608.10 info  Worker0#1      Disconnect: 59.2.255.86 (5s)
20200713.1608.10 info  Worker0#6      Disconnect: 59.2.255.86 (5s)
20200713.1608.11 info  Worker0#1      Connection from 59.2.255.86
20200713.1608.12 info  Worker0#5      Disconnect: 59.2.255.86 (5s)
20200713.1608.14 info  Worker0#2      Disconnect: 59.2.255.86 (5s)
20200713.1608.16 info  Worker0#6      Disconnect: 59.2.255.86 (5s)
20200713.1628.41 error I3SaveTick     No I3 response received in 1 hour, 10 seconds, 880 milliseconds. Connected=true
20200713.1628.41 info  Intermud       Shutdown!!!
20200713.1628.42 info  I3Server       InterMud3 Core (c)1996 George Reese
20200713.1628.42 error Intermud       Please set ADMINEMAIL in your coffeemud.ini file.
20200713.1628.42 info  Intermud3      I3 client connection: 204.209.44.3@8080
20200713.1628.42 info  I3Server       InterMud3 Server started on port 27766
20200713.1628.42 error I3SaveTick     Restarted your Intermud system.  To stop receiving these messages, DISABLE the I3 system.
20200713.1630.11 error CMFile         Access error on file 'mschool.cmare'.
20200713.1630.11 error Import         File not found at: 'mschool.cmare'!
20200713.1630.27 error CMFile         Access error on file 'areas/mschool.cmare'.
20200713.1630.27 error Import         File not found at: '/areas/mschool.cmare'!
20200713.1630.38 info  Import         Importing data from file '/areas/view?usp=sharing'
20200713.1630.38 info  Import         Just eating: <!DOCTYPE HTML><HTML><HEAD><META NAME="GOOGLE" CONTENT="NOTRANSLATE"><META HTTP-EQUIV="X-UA-COMPATIBLE" CONTENT="IE=EDGE;"><STYLE>@FONT-FACE{FONT-FAMILY:'ROBOTO';FONT-STYLE:ITALIC;FONT-WEIGHT:400;SRC:LOCAL('ROBOTO ITALIC'),LOCAL('ROBOTO-ITALIC'),URL(//FONTS.GSTATIC.COM/S/ROBOTO/V18/KFOKCNQEU92FR1MU51XIIZC.TTF)FORMAT('TRUETYPE');}@FONT-FACE{FONT-FAMILY:'ROBOTO';FONT-STYLE:NORMAL;FONT-WEIGHT:300;SRC:LOCAL('ROBOTO LIGHT'),LOCAL('ROBOTO-LIGHT'),URL(//FONTS.GSTATIC.COM/S/ROBOTO/V18/KFOLCNQEU92FR1MMSU5FBBC9.TTF)FORMAT('TRUETYPE');}@FONT-FACE{FONT-FAMILY:'ROBOTO';FONT-STYLE:NORMAL;FONT-WEIGHT:400;SRC:LOCAL('ROBOTO REGULAR'),LOCAL('ROBOTO-REGULAR'),URL(//FONTS.GSTATIC.COM/S/ROBOTO/V18/KFOMCNQEU92FR1MU4MXP.TTF)FORMAT('TRUETYPE');}@FONT-FACE{FONT-FAMILY:'ROBOTO';FONT-STYLE:NORMAL;FONT-WEIGHT:700;SRC:LOCAL('ROBOTO BOLD'),LOCAL('ROBOTO-BOLD'),URL(//FONTS.GSTATIC.COM/S/ROBOTO/V18/KFOLCNQEU92FR1MMWULFBBC9.TTF)FORMAT('TRUETYPE');}</STYLE><META NAME="REFERRER" CONTENT="ORIGIN"><TITLE>MSCHOOL.CMARE - GOOGLE DRIVE</TITLE><META PROPERTY="OG:TITLE" CONTENT="MSCHOOL.CMARE"><META PROPERTY="OG:TYPE" CONTENT="ARTICLE"><META PROPERTY="OG:SITE_NAME" CONTENT="GOOGLE DOCS"><META PROPERTY="OG:URL" CONTENT="HTTPS://DRIVE.GOOGLE.COM/FILE/D/1GMIQ25SH98LTCYTICKPLSCR8DMO4GWBH/VIEW?USP=SHARING&AMP;USP=EMBED_FACEBOOK"><LINK REL="SHORTCUT ICON" HREF="HTTPS://SSL.GSTATIC.COM/DOCS/DOCLIST/IMAGES/ICON_14_GENERIC_FAVICON.ICO"><LINK REL="STYLESHEET" HREF="HTTPS://FONTS.GOOGLEAPIS.COM/CSS?FAMILY=GOOGLE+SANS:300,400,500,700"><LINK REL="STYLESHEET" HREF="HTTPS://WWW.GSTATIC.COM/_/APPS-FILEVIEW/_/SS/K=APPS-FILEVIEW.V.GTJMMFBDTR0.R.W.O/D=0/CT=ZGMS/RS=AO0039TFH8BMGNI7SBGTV-TARQ_EZEYOHW"><SCRIPT>_DOCS_FLAG_INITIALDATA={"DOCS-AILS":"DOCS_COLD","DOCS-FWDS":"DOCS_SDF","DOCS-CRS":"DOCS_CRS_NFD","DOCS-SHDN":0,"DOCS-TFH":"","INFO_PARAMS":{},"DOCOS-EDDMH":FALSE,"DOCS-EDCSP":TRUE,"DOCS-EOHMO":FALSE,"ULS":"","DOCS-ENPF":FALSE,"DOCS-CE":FALSE,"DOCS-API-KEYS":{},"BUILDLABEL":"TEXMEX_2020.26-THU_RC00","DOCS-SHOW_DEBUG_INFO":FALSE,"ONDLBURL":"HTTPS://DOCS.GOOGLE.COM","DRIVE_URL":"HTTPS://DRIVE.GOOGLE.COM","APP_URL":"HTTPS://DRIVE.GOOGLE.COM/FILE/","DOCS-MID":2048,"DOCS-EICD":FALSE,"DOCS-ICDMT":[],"DOCS-SUP":"/FILE","DOCS-SEU":"HTTPS://DRIVE.GOOGLE.COM/FILE/D/1GMIQ25SH98LTCYTICKPLSCR8DMO4GWBH/EDIT","DOCS-CRP":"/FILE/D/1GMIQ25SH98LTCYTICKPLSCR8DMO4GWBH/VIEW","DOCS-CRQ":"USP\U003DSHARING","DOCS-ECVCA":TRUE,"DOCS-UPTC":["LSRP","CA","SH","NOREPLICA","OUID","DL","HI","POPR","SDSID","USP","URP","UTM_SOURCE","UTM_MEDIUM","UTM_CAMPAIGN","UTM_TERM","UTM_CONTENT","AAAC","SLE"],"DOCS-DODDN":"","DOCS-DODN":"","DOCS-UDDN":"","DOCS-UDN":"","DOCS-CWSD":"","DOCS-GSMD":"","DOCS-EPIL":FALSE,"DOCS-ESMP":FALSE,"DOCS-AL":[0,0,0,1,0],"DOCS-DECULMU":"HTTPS://SUPPORT.GOOGLE.COM/DRIVE?P\U003DSAVING_ERRORS","DOCS-DEUOFLMU":"","DOCS-DEBULMU":"","DOCS-DEODLMU":"","DOCS-NDT":"UNTITLED TEXMEX","DOCS-PRN":"","DOCS-AS":"","DOCS-ETDIMO":FALSE,"DOCS-MDCK":"","DOCS-ETIFF":FALSE,"DOCS-MRIIM":1800000,"DOCS-ECCBS":FALSE,"DOCOS-SOSJ":FALSE,"DOCS-RLMP":FALSE,"DOCS-MMPT":15000,"DOCS-ERD":FALSE,"DOCS-ERFAR":FALSE,"DOCS-ENSB":FALSE,"DOCS-DDTS":FALSE,"DOCS-UOOTUNS":FALSE,"DOCS-AMAWSO":FALSE,"DOCS-MDSO":FALSE,"DOCS-OFMPP":FALSE,"DOCS-ANLPFDO":FALSE,"DOCS-PHE":"","DOCS-PID":"","DOCS-EBBOUF":FALSE,"DOCS-EFS":FALSE,"DOCS-RICOCPB":FALSE,"DOCS-EALI":TRUE,"DOCS-ETAUIHM":FALSE,"DOCS-EIAP":FALSE,"DOCS-EGS":FALSE,"DOCS-EEOTT":FALSE,"DOCS-EDMCL":FALSE,"DOCS-EICS":FALSE,"DOCS-HFT":"","DOCS-EDSI":FALSE,"DOCS-ECECS":FALSE,"DOCS-ESLARS":FALSE,"DOCOS-SSF":FALSE,"DOCS-EDP":FALSE,"DOCS-EDLO":FALSE,"DOCS-EEM":FALSE,"DOCS-OFFLINE-ENCCPD":FALSE,"DOCS-EDSL":FALSE,"DOCS-EFSII":FALSE,"DOCS-ELCFD":FALSE,"DOCS-EJTLR":FALSE,"DOCS-SEADM":FALSE,"DOCS-EDMITM":FALSE,"DOCS-ENJEC":FALSE,"DOCS-EHDR":FALSE,"DOCS-EGMID":FALSE,"DOCS-EFMSH":FALSE,"DOCS-ELRI":TRUE,"ECID":TRUE,"DOCS-EIR":FALSE,"DOCS-EDLL":FALSE,"SERVER_TIME_MS":1594682970835,"GAIA_SESSION_ID":"","APP-BC":"#D1D1D1","ENABLE_IFRAMED_EMBED_API":TRUE,"DOCS-FUT":"HTTPS://DRIVE.GOOGLE.COM#FOLDERS/{FOLDERID}","DOCS-ISB":FALSE,"DOCS-ENCT":FALSE,"DOCS-AGDC":FALSE,"DOCS-ANDDC":TRUE,"DOCS-ADNDLDC":FALSE,"DOCS-EFTS":FALSE,"DOCS-CN":"","DOCS-DPFTR":FALSE,"DOCS-DEPQUAFR":FALSE,"DOCS-ELSR":FALSE,"DOCS-ELMC":FALSE,"DOCS-FRBANMC":FALSE,"DOCS-RLDCE":FALSE,"DOCS-SASIC":FALSE,"DOCS-DOM":FALSE,"DOCS-EBIDU":FALSE,"DOCS-EDAMC":FALSE,"DOCS-EDOMIC":FALSE,"DOCS-EDDM":FALSE,"DOCS-EDME":FALSE,"DOCS-FWD":FALSE,"DOCS-ELDS":FALSE,"DOCS-MCSSA":FALSE,"DOCS-EPH":FALSE,"DOCS-EPAT":FALSE,"DOCS-EPPD":FALSE,"DOCS-ESSPH":FALSE,"DOCS-TDD":FALSE,"DOCS-MIB":5242880,"DOCS-MIP":6250000,"DOCS-RSC":"","DOCS-SSI":FALSE,"DOCS-UOCI":"","DOCS-GTH":"","DOCS-PO":"HTTPS://DRIVE.GOOGLE.COM","DOCS-TO":"HTTPS://DRIVE.GOOGLE.COM","PROJECTOR_VIEW_URL":"HTTPS://DRIVE.GOOGLE.COM/FILE/D/1GMIQ25SH98LTCYTICKPLSCR8DMO4GWBH/VIEW?USP\U003DDOCS_WEB","DOCS-SESO":FALSE,"DOCS-EASTDFM":FALSE,"DOCS-EASTD":FALSE,"DOCS-EOES":FALSE,"DOCS-EOESPR":FALSE,"DOCS-DPIUF":FALSE,"OPENDV":FALSE,"ONEPICKIMPORTDOCUMENTURL":"","OPMBS":5242880,"OPMPD":2500,"OPBU":"HTTPS://DOCS.GOOGLE.COM/PICKER","OPRU":"HTTPS://DRIVE.GOOGLE.COM/RELAY.HTML","OPDU":FALSE,"OPCCP":FALSE,"OPHI":"TEXMEX","OPST":"000770F203B88C96274D0EBCFBA3725162235BE611E0C59A5C::1594682970837","OPUCI":"","DOCS-EOPIIV2":TRUE,"DOCS-DM":"APPLICATION/OCTET-STREAM","DOCS-NDSOM":[],"DOCS-SDSOM":[],"DOCS-LFUI":FALSE,"JOBSET":"PROD","DOCS-ETBWS":FALSE,"DOCS-EBPI":FALSE,"DOCS-EEBVT":FALSE,"DOCS-EEBVF":FALSE,"DOCS-EHIB":FALSE,"DOCS-EMSIB":FALSE,"DOCS-EIIB":FALSE,"DOCS-SE":FALSE,"DOCS-EGF":FALSE,"DOCS-SURFB":FALSE,"DOCS-UPTUF":TRUE,"DOCS-EODP":FALSE,"DOCS-ODOLH":FALSE,"DOCS-ODPU":[NULL,NULL,NULL,"//DRIVE.GOOGLE.COM/ODP/EMBED?AUTHUSER\U003D"],"DOCS-SPDY":FALSE,"XDBCFALLOWHOSTNAMEPREFIX":TRUE,"XDBCFALLOWXPC":TRUE,"DOCS-IROR":TRUE,"PROMO_URL":"","PROMO_SECOND_URL":"","PROMO_TITLE":"","PROMO_TITLE_PREFIX":"","PROMO_CONTENT_HTML":"","PROMO_MORE_ELEMENT_TEXT":"","PROMO_SECOND_MORE_ELEMENT_TEXT":"","PROMO_ELEMENT_ID":"","PROMO_ORIENTATION":1,"PROMO_ARROW_ALIGNMENT":0,"PROMO_SHOW_ON_CLICK":FALSE,"PROMO_HIDE_ARROW":FALSE,"PROMO_SHOW_ON_LOAD":FALSE,"PROMO_MARK_DISMISSED_ON_SHOW":FALSE,"PROMO_USE_GLOBAL_PREFERENCE":FALSE,"PROMO_USE_MATERIAL_STYLING":FALSE,"PROMO_CLOSE_BUTTON_TEXT":"","PROMO_ICON_URL":"","PROMO_ACTION_ID":"","PROMO_IMPRESSION_ID":0,"PROMO_IS_CONTEXTUAL":FALSE,"DOCS-CCWT":0,"DOCS-ECCW":FALSE,"DOCS-EPCC":FALSE,"DOCS_ABUSE_LINK":"HTTPS://DRIVE.GOOGLE.COM/ABUSE?ID\U003D1GMIQ25SH98LTCYTICKPLSCR8DMO4GWBH","DOCS-MSOIL":"DOCS_SPANNER","DOCS-GSOIL":"DOCS_GSABS","DOCS-FSD":FALSE}; _DOCS_FLAG_CEK= NULL ;</SCRIPT><SCRIPT>WINDOW.VIEWERDATA = {CONFIG: {'ID': '1GMIQ25SH98LTCYTICKPLSCR8DMO4GWBH', 'TITLE': 'MSCHOOL.CMARE', 'ISITEMTRASHED':  FALSE ,'ENABLEEMBEDDIALOG': TRUE,'PROJECTORFEEDBACKID': '99950', 'PROJECTORFEEDBACKBUCKET': 'VIEWER-WEB',}, CONFIGJSON: ["",NULL,NULL,NULL,NULL,1,NULL,"",NULL,1,1,[1,NULL,NULL,"AIZASYDVQW45DWOYH632GVSP5VPDQEKVB-YWNB8",0,NULL,1,NULL,NULL,"AIZASYC1EQ1XJ69IDTMEII5R7BRS3R90ECK-M7K",0,"/DRIVE/V2BETA",0,0,1,[0,0,0]
20200713.1630.38 info  Import         Just eating: ,NULL,1,NULL,0,1]
20200713.1630.38 info  Import         Just eating: ,NULL,5,1,NULL,NULL,1,"HTTPS://DRIVE.GOOGLE.COM",NULL,NULL,1,NULL,1,NULL,NULL,NULL,NULL,NULL,1,NULL,NULL,[[NULL,"0"]
20200713.1630.38 info  Import         Just eating: ,6,1,1,NULL,NULL,NULL,1]
20200713.1630.38 info  Import         Just eating: ,NULL,1,NULL,NULL,[NULL,NULL,NULL,NULL,"HTTPS://ACCOUNTS.GOOGLE.COM/SERVICELOGIN?SERVICE\U003DWISE\U0026PASSIVE\U003D1209600\U0026CONTINUE\U003DHTTPS://DRIVE.GOOGLE.COM/FILE/D/1GMIQ25SH98LTCYTICKPLSCR8DMO4GWBH/VIEW?USP%3DSHARING\U0026HL\U003DAR\U0026FOLLOWUP\U003DHTTPS://DRIVE.GOOGLE.COM/FILE/D/1GMIQ25SH98LTCYTICKPLSCR8DMO4GWBH/VIEW?USP%3DSHARING",NULL,NULL,NULL,1]
20200713.1630.38 info  Import         Just eating: ,NULL,NULL,1,NULL,NULL,"HTTPS://DOCS.GOOGLE.COM",NULL,1,[NULL,0]
20200713.1630.38 info  Import         Just eating: ,["HTTPS://YOUTUBE.GOOGLEAPIS.COM",NULL,2]
20200713.1630.38 info  Import         Just eating: ,1,NULL,NULL,NULL,1,NULL,1,1,NULL,NULL,"000770F203B4884AB72C69808F33514D1C43DDCFC2C3270846::1594682970839",NULL,[1,1,1,1]
20200713.1630.38 info  Import         Just eating: ,NULL,1,NULL,3,NULL,NULL,NULL,NULL,1,["AIZASYCMP6SR4OTC18AWKE2II4UBZHTHEPGZWZM","HTTPS://BLOBCOMMENTS-PA.CLIENTS6.GOOGLE.COM",NULL,1,1,1]
20200713.1630.38 info  Import         Just eating: ,NULL,1,NULL,NULL,0,NULL,NULL,1,NULL,NULL,NULL,[1,1,1]
20200713.1630.38 info  Import         Just eating: ,NULL,NULL,1,NULL,NULL,1,1,NULL,NULL,NULL,NULL,[0,0]
20200713.1630.38 info  Import         Just eating: ,NULL,NULL,NULL,NULL,0,NULL,0,1,NULL,1,"HTTPS://SUPPORT.GOOGLE.COM/DRIVE?P\U003DWORK_WITH_FILES",NULL,0,NULL,[0,"","","",""]
20200713.1630.38 info  Import         Just eating: ,1,[NULL,NULL,0,0,0,0]
20200713.1630.38 info  Import         Just eating: ,NULL,1,NULL,[1]
20200713.1630.38 info  Import         Just eating: ,NULL,NULL,1,NULL,1,"HTTPS://GSUITE.GOOGLE.COM",NULL,NULL,0]
20200713.1630.38 info  Import         Just eating: , ITEMJSON: [NULL,"MSCHOOL.CMARE",NULL,NULL,NULL,NULL,"1GMIQ25SH98LTCYTICKPLSCR8DMO4GWBH",NULL,NULL,NULL,NULL,"APPLICATION/OCTET-STREAM",NULL,NULL,0,NULL,"HTTPS://DRIVE.GOOGLE.COM/FILE/D/1GMIQ25SH98LTCYTICKPLSCR8DMO4GWBH/VIEW",NULL,"HTTPS://DRIVE.GOOGLE.COM/UC?ID\U003D1GMIQ25SH98LTCYTICKPLSCR8DMO4GWBH\U0026EXPORT\U003DDOWNLOAD",NULL,5,0,NULL,NULL,NULL,[NULL,NULL,"131115"]
20200713.1630.38 info  Import         Just eating: ,NULL,NULL,NULL,NULL,NULL,0,"CMARE",NULL,[["0B2S_YZ701ECVT2X4YU1LYJA3EFLQVWNVRZB3YWHQCGHJS2XFPQ"]
20200713.1630.38 info  Import         Just eating: ,[]
20200713.1630.38 info  Import         Just eating: ]
20200713.1630.38 info  Import         Just eating: ,NULL,NULL,NULL,NULL,NULL,NULL,0]
20200713.1630.38 info  Import         Just eating: };</SCRIPT><SCRIPT>;THIS.GBAR_={CONFIG:[[[0,"WWW.GSTATIC.COM","OG.QTM.EN_US.SVSPCKT-CMA.O","AE","AR","25",0,[4,2,".40.40.40.40.40.40.","","1300102,3700313","319703744","0"],NULL,"WU4MX5VNM8EUTQB-H6AAAG",NULL,1,"OG.QTM.1KPMK2JDRUN5M.R.X.O","AA2YRTULAN91MZNLXSPPLDAVKOCAA_DFPG","AA2YRTS_G5GRZVXRR61QPUVJZQ9ZDB2JAW","",2,1,200,"ARE",NULL,NULL,"25","25",1],NULL,[1,0.1000000014901161,2,1],[1,0.001000000047497451,1],[0,0,0,NULL,"","","",""],[0,0,"",1,0,0,0,0,0,0,0,0,0,NULL,0,0,NULL,NULL,0,0,0,"","","","","","",NULL,0,0,0,0,0,NULL,NULL,NULL,"RGBA(32,33,36,1)","RGBA(255,255,255,1)",0,0,1,1],NULL,NULL,["1","GCI_91F30755D6A6B787DCC2A4062E6E9824.JS","GOOGLEAPIS.CLIENT:PLUSONE:GAPI.IFRAMES","","AR"],NULL,NULL,NULL,NULL,["M;/_/SCS/ABC-STATIC/_/JS/K=GAPI.GAPI.EN.YYHBYYEMTAC.O/AM=AAY/D=1/CT=ZGMS/RS=AHPOOO-O470EQDZ-4TPWPPPYTQMEOEUV-G/M=__FEATURES__","HTTPS://APIS.GOOGLE.COM","","","","",NULL,1,"ES_PLUSONE_GC_20200601.0_P0","AR",NULL,0,0],[0.009999999776482582,"AE","25",[NULL,"","0",NULL,1,5184000,NULL,NULL,"",0,1,"",0,0,0,0,0,0,1,0,0,0,0,0,0,0],NULL,[["","","0",0,0,-1]],NULL,0,NULL,NULL,["5061451","GOOGLE\\.(COM|RU|CA|BY|KZ|COM\\.MX|COM\\.TR)$",1]],[1,1,NULL,27043,25,"ARE","AR","319703744.0",8,0.009999999776482582,0,0,NULL,NULL,0,0,"",NULL,NULL,NULL,"WU4MX5VNM8EUTQB-H6AAAG",0],[[NULL,NULL,NULL,"HTTPS://WWW.GSTATIC.COM/OG/_/JS/K=OG.QTM.EN_US.SVSPCKT-CMA.O/RT=J/M=QABR,Q_D,QMUTSD,QAPID/EXM=QAAW,QADD,QAID,QEIN,QHAW,QHBR,QHCH,QHGA,QHID,QHIN,QHPR/D=1/ED=1/RS=AA2YRTULAN91MZNLXSPPLDAVKOCAA_DFPG"]],NULL,NULL,[""]]],};THIS.GBAR_=THIS.GBAR_||{};(FUNCTION(_){VAR WINDOW=THIS;
20200713.1630.38 info  Import         Just eating: TRY{
20200713.1630.38 info  Import         Just eating: /*
20200713.1630.38 info  Import         Just eating: 
20200713.1630.38 info  Import         Just eating: COPYRIGHT THE CLOSURE LIBRARY AUTHORS.
20200713.1630.38 info  Import         Just eating: SPDX-LICENSE-IDENTIFIER: APACHE-2.0
20200713.1630.38 info  Import         Just eating: */
20200713.1630.38 info  Import         Just eating: VAR AA,BA,CA,DA,EA,HA,JA,KA,OA,PA,CA,DA,FA;AA=FUNCTION(A){VAR B=0;RETURN FUNCTION(){RETURN B<A.LENGTH?{DONE:!1,VALUE:A[B++]}:{DONE:!0}}};BA="FUNCTION"==TYPEOF OBJECT.DEFINEPROPERTIES?OBJECT.DEFINEPROPERTY:FUNCTION(A,B,C){IF(A==ARRAY.PROTOTYPE||A==OBJECT.PROTOTYPE)RETURN A;A[B]=C.VALUE;RETURN A};
20200713.1630.38 info  Import         Just eating: CA=FUNCTION(A){A=["OBJECT"==TYPEOF GLOBALTHIS&&GLOBALTHIS,A,"OBJECT"==TYPEOF WINDOW&&WINDOW,"OBJECT"==TYPEOF SELF&&SELF,"OBJECT"==TYPEOF GLOBAL&&GLOBAL];FOR(VAR B=0;B<A.LENGTH;++B){VAR C=A[B];IF(C&&C.MATH==MATH)RETURN C}THROW ERROR("A");};DA=CA(THIS);EA=FUNCTION(A,B){IF(B)A:{VAR C=DA;A=A.SPLIT(".");FOR(VAR D=0;D<A.LENGTH-1;D++){VAR E=A[D];IF(!(E IN C))BREAK A;C=C[E]}A=A[A.LENGTH-1];D=C[A];B=B(D);B!=D&&NULL!=B&&BA(C,A,{CONFIGURABLE:!0,WRITABLE:!0,VALUE:B})}};
20200713.1630.38 info  Import         Just eating: EA("SYMBOL",FUNCTION(A){IF(A)RETURN A;VAR B=FUNCTION(E,F){THIS.J=E;BA(THIS,"DESCRIPTION",{CONFIGURABLE:!0,WRITABLE:!0,VALUE:F})};B.PROTOTYPE.TOSTRING=FUNCTION(){RETURN THIS.J};VAR C=0,D=FUNCTION(E){IF(THIS INSTANCEOF D)THROW NEW TYPEERROR("B");RETURN NEW B("JSCOMP_SYMBOL_"+(E||"")+"_"+C++,E)};RETURN D});
20200713.1630.38 info  Import         Just eating: EA("SYMBOL.ITERATOR",FUNCTION(A){IF(A)RETURN A;A=SYMBOL("C");FOR(VAR B="ARRAY INT8ARRAY UINT8ARRAY UINT8CLAMPEDARRAY INT16ARRAY UINT16ARRAY INT32ARRAY UINT32ARRAY FLOAT32ARRAY FLOAT64ARRAY".SPLIT(" "),C=0;C<B.LENGTH;C++){VAR D=DA[B[C]];"FUNCTION"===TYPEOF D&&"FUNCTION"!=TYPEOF D.PROTOTYPE[A]&&BA(D.PROTOTYPE,A,{CONFIGURABLE:!0,WRITABLE:!0,VALUE:FUNCTION(){RETURN HA(AA(THIS))}})}RETURN A});HA=FUNCTION(A){A={NEXT:A};A[SYMBOL.ITERATOR]=FUNCTION(){RETURN THIS};RETURN A};
20200713.1630.38 info  Import         Just eating: _.IA=FUNCTION(A){VAR B="UNDEFINED"!=TYPEOF SYMBOL&&SYMBOL.ITERATOR&&A[SYMBOL.ITERATOR];RETURN B?B.CALL(A):{NEXT:AA(A)}};JA="FUNCTION"==TYPEOF OBJECT.CREATE?OBJECT.CREATE:FUNCTION(A){VAR B=FUNCTION(){};B.PROTOTYPE=A;RETURN NEW B};IF("FUNCTION"==TYPEOF OBJECT.SETPROTOTYPEOF)KA=OBJECT.SETPROTOTYPEOF;ELSE{VAR LA;A:{VAR MA={YG:!0},NA={};TRY{NA.__PROTO__=MA;LA=NA.YG;BREAK A}CATCH(A){}LA=!1}KA=LA?FUNCTION(A,B){A.__PROTO__=B;IF(A.__PROTO__!==B)THROW NEW TYPEERROR("D`"+A);RETURN A}:NULL}OA=KA;
20200713.1630.38 info  Import         Just eating: _.N=FUNCTION(A,B){A.PROTOTYPE=JA(B.PROTOTYPE);A.PROTOTYPE.CONSTRUCTOR=A;IF(OA)OA(A,B);ELSE FOR(VAR C IN B)IF("PROTOTYPE"!=C)IF(OBJECT.DEFINEPROPERTIES){VAR D=OBJECT.GETOWNPROPERTYDESCRIPTOR(B,C);D&&OBJECT.DEFINEPROPERTY(A,C,D)}ELSE A[C]=B[C];A.P=B.PROTOTYPE};PA=FUNCTION(A,B,C){IF(NULL==A)THROW NEW TYPEERROR("E`"+C);IF(B INSTANCEOF REGEXP)THROW NEW TYPEERROR("F`"+C);RETURN A+""};
20200713.1630.38 info  Import         Just eating: EA("STRING.PROTOTYPE.STARTSWITH",FUNCTION(A){RETURN A?A:FUNCTION(B,C){VAR D=PA(THIS,B,"STARTSWITH"),E=D.LENGTH,F=B.LENGTH;C=MATH.MAX(0,MATH.MIN(C|0,D.LENGTH));FOR(VAR G=0;G<F&&C<E;)IF(D[C++]!=B[G++])RETURN!1;RETURN G>=F}});EA("NUMBER.MAX_SAFE_INTEGER",FUNCTION(){RETURN 9007199254740991});
20200713.1630.38 info  Import         Just eating: VAR QA=FUNCTION(A,B){A INSTANCEOF STRING&&(A+="");VAR C=0,D={NEXT:FUNCTION(){IF(C<A.LENGTH){VAR E=C++;RETURN{VALUE:B(E,A[E]),DONE:!1}}D.NEXT=FUNCTION(){RETURN{DONE:!0,VALUE:VOID 0}};RETURN D.NEXT()}};D[SYMBOL.ITERATOR]=FUNCTION(){RETURN D};RETURN D};EA("ARRAY.PROTOTYPE.KEYS",FUNCTION(A){RETURN A?A:FUNCTION(){RETURN QA(THIS,FUNCTION(B){RETURN B})}});EA("ARRAY.PROTOTYPE.VALUES",FUNCTION(A){RETURN A?A:FUNCTION(){RETURN QA(THIS,FUNCTION(B,C){RETURN C})}});
20200713.1630.38 info  Import         Just eating: VAR RA=FUNCTION(A,B){RETURN OBJECT.PROTOTYPE.HASOWNPROPERTY.CALL(A,B)};
20200713.1630.38 info  Import         Just eating: EA("WEAKMAP",FUNCTION(A){FUNCTION B(){}FUNCTION C(L){VAR M=TYPEOF L;RETURN"OBJECT"===M&&NULL!==L||"FUNCTION"===M}FUNCTION D(L){IF(!RA(L,F)){VAR M=NEW B;BA(L,F,{VALUE:M})}}FUNCTION E(L){VAR M=OBJECT[L];M&&(OBJECT[L]=FUNCTION(R){IF(R INSTANCEOF B)RETURN R;OBJECT.ISEXTENSIBLE(R)&&D(R);RETURN M(R)})}IF(FUNCTION(){IF(!A||!OBJECT.SEAL)RETURN!1;TRY{VAR L=OBJECT.SEAL({}),M=OBJECT.SEAL({}),R=NEW A([[L,2],[M,3]]);IF(2!=R.GET(L)||3!=R.GET(M))RETURN!1;R.DELETE(L);R.SET(M,4);RETURN!R.HAS(L)&&4==R.GET(M)}CATCH(T){RETURN!1}}())RETURN A;
20200713.1630.38 info  Import         Just eating: VAR F="$JSCOMP_HIDDEN_"+MATH.RANDOM();E("FREEZE");E("PREVENTEXTENSIONS");E("SEAL");VAR G=0,K=FUNCTION(L){THIS.J=(G+=MATH.RANDOM()+1).TOSTRING();IF(L){L=_.IA(L);FOR(VAR M;!(M=L.NEXT()).DONE;)M=M.VALUE,THIS.SET(M[0],M[1])}};K.PROTOTYPE.SET=FUNCTION(L,M){IF(!C(L))THROW ERROR("G");D(L);IF(!RA(L,F))THROW ERROR("H`"+L);L[F][THIS.J]=M;RETURN THIS};K.PROTOTYPE.GET=FUNCTION(L){RETURN C(L)&&RA(L,F)?L[F][THIS.J]:VOID 0};K.PROTOTYPE.HAS=FUNCTION(L){RETURN C(L)&&RA(L,F)&&RA(L[F],THIS.J)};K.PROTOTYPE.DELETE=FUNCTION(L){RETURN C(L)&&
20200713.1630.38 info  Import         Just eating: RA(L,F)&&RA(L[F],THIS.J)?DELETE L[F][THIS.J]:!1};RETURN K});VAR SA="FUNCTION"==TYPEOF OBJECT.ASSIGN?OBJECT.ASSIGN:FUNCTION(A,B){FOR(VAR C=1;C<ARGUMENTS.LENGTH;C++){VAR D=ARGUMENTS[C];IF(D)FOR(VAR E IN D)RA(D,E)&&(A[E]=D[E])}RETURN A};EA("OBJECT.ASSIGN",FUNCTION(A){RETURN A||SA});
20200713.1630.38 info  Import         Just eating: EA("ARRAY.FROM",FUNCTION(A){RETURN A?A:FUNCTION(B,C,D){C=NULL!=C?C:FUNCTION(K){RETURN K};VAR E=[],F="UNDEFINED"!=TYPEOF SYMBOL&&SYMBOL.ITERATOR&&B[SYMBOL.ITERATOR];IF("FUNCTION"==TYPEOF F){B=F.CALL(B);FOR(VAR G=0;!(F=B.NEXT()).DONE;)E.PUSH(C.CALL(D,F.VALUE,G++))}ELSE FOR(F=B.LENGTH,G=0;G<F;G++)E.PUSH(C.CALL(D,B[G],G));RETURN E}});
20200713.1630.38 info  Import         Just eating: EA("MAP",FUNCTION(A){IF(FUNCTION(){IF(!A||"FUNCTION"!=TYPEOF A||!A.PROTOTYPE.ENTRIES||"FUNCTION"!=TYPEOF OBJECT.SEAL)RETURN!1;TRY{VAR K=OBJECT.SEAL({X:4}),L=NEW A(_.IA([[K,"S"]]));IF("S"!=L.GET(K)||1!=L.SIZE||L.GET({X:4})||L.SET({X:4},"T")!=L||2!=L.SIZE)RETURN!1;VAR M=L.ENTRIES(),R=M.NEXT();IF(R.DONE||R.VALUE[0]!=K||"S"!=R.VALUE[1])RETURN!1;R=M.NEXT();RETURN R.DONE||4!=R.VALUE[0].X||"T"!=R.VALUE[1]||!M.NEXT().DONE?!1:!0}CATCH(T){RETURN!1}}())RETURN A;VAR B=NEW WEAKMAP,C=FUNCTION(K){THIS.O={};THIS.J=
20200713.1630.38 info  Import         Just eating: F();THIS.SIZE=0;IF(K){K=_.IA(K);FOR(VAR L;!(L=K.NEXT()).DONE;)L=L.VALUE,THIS.SET(L[0],L[1])}};C.PROTOTYPE.SET=FUNCTION(K,L){K=0===K?0:K;VAR M=D(THIS,K);M.LIST||(M.LIST=THIS.O[M.ID]=[]);M.ZA?M.ZA.VALUE=L:(M.ZA={NEXT:THIS.J,$B:THIS.J.$B,HEAD:THIS.J,KEY:K,VALUE:L},M.LIST.PUSH(M.ZA),THIS.J.$B.NEXT=M.ZA,THIS.J.$B=M.ZA,THIS.SIZE++);RETURN THIS};C.PROTOTYPE.DELETE=FUNCTION(K){K=D(THIS,K);RETURN K.ZA&&K.LIST?(K.LIST.SPLICE(K.INDEX,1),K.LIST.LENGTH||DELETE THIS.O[K.ID],K.ZA.$B.NEXT=K.ZA.NEXT,K.ZA.NEXT.$B=
20200713.1630.38 info  Import         Just eating: K.ZA.$B,K.ZA.HEAD=NULL,THIS.SIZE--,!0):!1};C.PROTOTYPE.CLEAR=FUNCTION(){THIS.O={};THIS.J=THIS.J.$B=F();THIS.SIZE=0};C.PROTOTYPE.HAS=FUNCTION(K){RETURN!!D(THIS,K).ZA};C.PROTOTYPE.GET=FUNCTION(K){RETURN(K=D(THIS,K).ZA)&&K.VALUE};C.PROTOTYPE.ENTRIES=FUNCTION(){RETURN E(THIS,FUNCTION(K){RETURN[K.KEY,K.VALUE]})};C.PROTOTYPE.KEYS=FUNCTION(){RETURN E(THIS,FUNCTION(K){RETURN K.KEY})};C.PROTOTYPE.VALUES=FUNCTION(){RETURN E(THIS,FUNCTION(K){RETURN K.VALUE})};C.PROTOTYPE.FOREACH=FUNCTION(K,L){FOR(VAR M=THIS.ENTRIES(),
20200713.1630.38 info  Import         Just eating: R;!(R=M.NEXT()).DONE;)R=R.VALUE,K.CALL(L,R[1],R[0],THIS)};C.PROTOTYPE[SYMBOL.ITERATOR]=C.PROTOTYPE.ENTRIES;VAR D=FUNCTION(K,L){VAR M=L&&TYPEOF L;"OBJECT"==M||"FUNCTION"==M?B.HAS(L)?M=B.GET(L):(M=""+ ++G,B.SET(L,M)):M="P_"+L;VAR R=K.O[M];IF(R&&RA(K.O,M))FOR(K=0;K<R.LENGTH;K++){VAR T=R[K];IF(L!==L&&T.KEY!==T.KEY||L===T.KEY)RETURN{ID:M,LIST:R,INDEX:K,ZA:T}}RETURN{ID:M,LIST:R,INDEX:-1,ZA:VOID 0}},E=FUNCTION(K,L){VAR M=K.J;RETURN HA(FUNCTION(){IF(M){FOR(;M.HEAD!=K.J;)M=M.$B;FOR(;M.NEXT!=M.HEAD;)RETURN M=
20200713.1630.38 info  Import         Just eating: M.NEXT,{DONE:!1,VALUE:L(M)};M=NULL}RETURN{DONE:!0,VALUE:VOID 0}})},F=FUNCTION(){VAR K={};RETURN K.$B=K.NEXT=K.HEAD=K},G=0;RETURN C});
20200713.1630.38 info  Import         Just eating: EA("SET",FUNCTION(A){IF(FUNCTION(){IF(!A||"FUNCTION"!=TYPEOF A||!A.PROTOTYPE.ENTRIES||"FUNCTION"!=TYPEOF OBJECT.SEAL)RETURN!1;TRY{VAR C=OBJECT.SEAL({X:4}),D=NEW A(_.IA([C]));IF(!D.HAS(C)||1!=D.SIZE||D.ADD(C)!=D||1!=D.SIZE||D.ADD({X:4})!=D||2!=D.SIZE)RETURN!1;VAR E=D.ENTRIES(),F=E.NEXT();IF(F.DONE||F.VALUE[0]!=C||F.VALUE[1]!=C)RETURN!1;F=E.NEXT();RETURN F.DONE||F.VALUE[0]==C||4!=F.VALUE[0].X||F.VALUE[1]!=F.VALUE[0]?!1:E.NEXT().DONE}CATCH(G){RETURN!1}}())RETURN A;VAR B=FUNCTION(C){THIS.J=NEW MAP;IF(C){C=
20200713.1630.38 info  Import         Just eating: _.IA(C);FOR(VAR D;!(D=C.NEXT()).DONE;)THIS.ADD(D.VALUE)}THIS.SIZE=THIS.J.SIZE};B.PROTOTYPE.ADD=FUNCTION(C){C=0===C?0:C;THIS.J.SET(C,C);THIS.SIZE=THIS.J.SIZE;RETURN THIS};B.PROTOTYPE.DELETE=FUNCTION(C){C=THIS.J.DELETE(C);THIS.SIZE=THIS.J.SIZE;RETURN C};B.PROTOTYPE.CLEAR=FUNCTION(){THIS.J.CLEAR();THIS.SIZE=0};B.PROTOTYPE.HAS=FUNCTION(C){RETURN THIS.J.HAS(C)};B.PROTOTYPE.ENTRIES=FUNCTION(){RETURN THIS.J.ENTRIES()};B.PROTOTYPE.VALUES=FUNCTION(){RETURN THIS.J.VALUES()};B.PROTOTYPE.KEYS=B.PROTOTYPE.VALUES;
20200713.1630.38 info  Import         Just eating: B.PROTOTYPE[SYMBOL.ITERATOR]=B.PROTOTYPE.VALUES;B.PROTOTYPE.FOREACH=FUNCTION(C,D){VAR E=THIS;THIS.J.FOREACH(FUNCTION(F){RETURN C.CALL(D,F,F,E)})};RETURN B});EA("OBJECT.ENTRIES",FUNCTION(A){RETURN A?A:FUNCTION(B){VAR C=[],D;FOR(D IN B)RA(B,D)&&C.PUSH([D,B[D]]);RETURN C}});EA("OBJECT.IS",FUNCTION(A){RETURN A?A:FUNCTION(B,C){RETURN B===C?0!==B||1/B===1/C:B!==B&&C!==C}});
20200713.1630.38 info  Import         Just eating: EA("ARRAY.PROTOTYPE.INCLUDES",FUNCTION(A){RETURN A?A:FUNCTION(B,C){VAR D=THIS;D INSTANCEOF STRING&&(D=STRING(D));VAR E=D.LENGTH;C=C||0;FOR(0>C&&(C=MATH.MAX(C+E,0));C<E;C++){VAR F=D[C];IF(F===B||OBJECT.IS(F,B))RETURN!0}RETURN!1}});EA("STRING.PROTOTYPE.INCLUDES",FUNCTION(A){RETURN A?A:FUNCTION(B,C){RETURN-1!==PA(THIS,B,"INCLUDES").INDEXOF(B,C||0)}});
20200713.1630.38 info  Import         Just eating: EA("ARRAY.PROTOTYPE.FILL",FUNCTION(A){RETURN A?A:FUNCTION(B,C,D){VAR E=THIS.LENGTH||0;0>C&&(C=MATH.MAX(0,E+C));IF(NULL==D||D>E)D=E;D=NUMBER(D);0>D&&(D=MATH.MAX(0,E+D));FOR(C=NUMBER(C||0);C<D;C++)THIS[C]=B;RETURN THIS}});VAR TA=FUNCTION(A){RETURN A?A:ARRAY.PROTOTYPE.FILL};EA("INT8ARRAY.PROTOTYPE.FILL",TA);EA("UINT8ARRAY.PROTOTYPE.FILL",TA);EA("UINT8CLAMPEDARRAY.PROTOTYPE.FILL",TA);EA("INT16ARRAY.PROTOTYPE.FILL",TA);EA("UINT16ARRAY.PROTOTYPE.FILL",TA);EA("INT32ARRAY.PROTOTYPE.FILL",TA);
20200713.1630.38 info  Import         Just eating: EA("UINT32ARRAY.PROTOTYPE.FILL",TA);EA("FLOAT32ARRAY.PROTOTYPE.FILL",TA);EA("FLOAT64ARRAY.PROTOTYPE.FILL",TA);_.UA=_.UA||{};_.P=THIS||SELF;_.VA=FUNCTION(){};_.WA=FUNCTION(A){A.XE=VOID 0;A.VA=FUNCTION(){RETURN A.XE?A.XE:A.XE=NEW A}};_.YA=FUNCTION(A){VAR B=TYPEOF A;RETURN"OBJECT"!=B?B:A?ARRAY.ISARRAY(A)?"ARRAY":B:"NULL"};_.ZA=FUNCTION(A){RETURN"FUNCTION"==_.YA(A)};_.AA=FUNCTION(A){VAR B=TYPEOF A;RETURN"OBJECT"==B&&NULL!=A||"FUNCTION"==B};_.BA="CLOSURE_UID_"+(1E9*MATH.RANDOM()>>>0);
20200713.1630.38 info  Import         Just eating: CA=FUNCTION(A,B,C){RETURN A.CALL.APPLY(A.BIND,ARGUMENTS)};DA=FUNCTION(A,B,C){IF(!A)THROW ERROR();IF(2<ARGUMENTS.LENGTH){VAR D=ARRAY.PROTOTYPE.SLICE.CALL(ARGUMENTS,2);RETURN FUNCTION(){VAR E=ARRAY.PROTOTYPE.SLICE.CALL(ARGUMENTS);ARRAY.PROTOTYPE.UNSHIFT.APPLY(E,D);RETURN A.APPLY(B,E)}}RETURN FUNCTION(){RETURN A.APPLY(B,ARGUMENTS)}};_.Q=FUNCTION(A,B,C){FUNCTION.PROTOTYPE.BIND&&-1!=FUNCTION.PROTOTYPE.BIND.TOSTRING().INDEXOF("NATIVE CODE")?_.Q=CA:_.Q=DA;RETURN _.Q.APPLY(NULL,ARGUMENTS)};_.EA=DATE.NOW;
20200713.1630.38 info  Import         Just eating: _.U=FUNCTION(A,B){A=A.SPLIT(".");VAR C=_.P;A[0]IN C||"UNDEFINED"==TYPEOF C.EXECSCRIPT||C.EXECSCRIPT("VAR "+A[0]);FOR(VAR D;A.LENGTH&&(D=A.SHIFT());)A.LENGTH||VOID 0===B?C[D]&&C[D]!==OBJECT.PROTOTYPE[D]?C=C[D]:C=C[D]={}:C[D]=B};_.V=FUNCTION(A,B){FUNCTION C(){}C.PROTOTYPE=B.PROTOTYPE;A.P=B.PROTOTYPE;A.PROTOTYPE=NEW C;A.PROTOTYPE.CONSTRUCTOR=A};FA=FUNCTION(A){RETURN A};
20200713.1630.38 info  Import         Just eating: _.GA=FUNCTION(A){VAR B=NULL,C=_.P.TRUSTEDTYPES;IF(!C||!C.CREATEPOLICY)RETURN B;TRY{B=C.CREATEPOLICY(A,{CREATEHTML:FA,CREATESCRIPT:FA,CREATESCRIPTURL:FA})}CATCH(D){_.P.CONSOLE&&_.P.CONSOLE.ERROR(D.MESSAGE)}RETURN B};
20200713.1630.38 info  Import         Just eating: _.HA=FUNCTION(A){IF(ERROR.CAPTURESTACKTRACE)ERROR.CAPTURESTACKTRACE(THIS,_.HA);ELSE{VAR B=ERROR().STACK;B&&(THIS.STACK=B)}A&&(THIS.MESSAGE=STRING(A))};_.V(_.HA,ERROR);_.HA.PROTOTYPE.NAME="CUSTOMERROR";
20200713.1630.38 info  Import         Just eating: _.IA=ARRAY.PROTOTYPE.INDEXOF?FUNCTION(A,B){RETURN ARRAY.PROTOTYPE.INDEXOF.CALL(A,B,VOID 0)}:FUNCTION(A,B){IF("STRING"===TYPEOF A)RETURN"STRING"!==TYPEOF B||1!=B.LENGTH?-1:A.INDEXOF(B,0);FOR(VAR C=0;C<A.LENGTH;C++)IF(C IN A&&A[C]===B)RETURN C;RETURN-1};_.JA=ARRAY.PROTOTYPE.FOREACH?FUNCTION(A,B,C){ARRAY.PROTOTYPE.FOREACH.CALL(A,B,C)}:FUNCTION(A,B,C){FOR(VAR D=A.LENGTH,E="STRING"===TYPEOF A?A.SPLIT(""):A,F=0;F<D;F++)F IN E&&B.CALL(C,E[F],F,A)};
20200713.1630.38 info  Import         Just eating: _.KA=ARRAY.PROTOTYPE.FILTER?FUNCTION(A,B,C){RETURN ARRAY.PROTOTYPE.FILTER.CALL(A,B,C)}:FUNCTION(A,B,C){FOR(VAR D=A.LENGTH,E=[],F=0,G="STRING"===TYPEOF A?A.SPLIT(""):A,K=0;K<D;K++)IF(K IN G){VAR L=G[K];B.CALL(C,L,K,A)&&(E[F++]=L)}RETURN E};_.LA=ARRAY.PROTOTYPE.MAP?FUNCTION(A,B,C){RETURN ARRAY.PROTOTYPE.MAP.CALL(A,B,C)}:FUNCTION(A,B,C){FOR(VAR D=A.LENGTH,E=ARRAY(D),F="STRING"===TYPEOF A?A.SPLIT(""):A,G=0;G<D;G++)G IN F&&(E[G]=B.CALL(C,F[G],G,A));RETURN E};
20200713.1630.38 info  Import         Just eating: _.MA=ARRAY.PROTOTYPE.SOME?FUNCTION(A,B){RETURN ARRAY.PROTOTYPE.SOME.CALL(A,B,VOID 0)}:FUNCTION(A,B){FOR(VAR C=A.LENGTH,D="STRING"===TYPEOF A?A.SPLIT(""):A,E=0;E<C;E++)IF(E IN D&&B.CALL(VOID 0,D[E],E,A))RETURN!0;RETURN!1};_.NA=FUNCTION(A,B){RETURN 0<=(0,_.IA)(A,B)};
20200713.1630.38 info  Import         Just eating: VAR PA;_.OA=FUNCTION(A,B,C){FOR(VAR D IN A)B.CALL(C,A[D],D,A)};PA="CONSTRUCTOR HASOWNPROPERTY ISPROTOTYPEOF PROPERTYISENUMERABLE TOLOCALESTRING TOSTRING VALUEOF".SPLIT(" ");_.QA=FUNCTION(A,B){FOR(VAR C,D,E=1;E<ARGUMENTS.LENGTH;E++){D=ARGUMENTS[E];FOR(C IN D)A[C]=D[C];FOR(VAR F=0;F<PA.LENGTH;F++)C=PA[F],OBJECT.PROTOTYPE.HASOWNPROPERTY.CALL(D,C)&&(A[C]=D[C])}};
20200713.1630.38 info  Import         Just eating: VAR RA;_.SA=FUNCTION(){VOID 0===RA&&(RA=_.GA("OGB-QTM#HTML"));RETURN RA};
20200713.1630.38 info  Import         Just eating: VAR UA;_.VA=FUNCTION(A,B){THIS.J=A===_.TA&&B||"";THIS.O=UA};_.VA.PROTOTYPE.QB=!0;_.VA.PROTOTYPE.FB=FUNCTION(){RETURN THIS.J};_.WA=FUNCTION(A){RETURN A INSTANCEOF _.VA&&A.CONSTRUCTOR===_.VA&&A.O===UA?A.J:"TYPE_ERROR:CONST"};UA={};_.TA={};
20200713.1630.38 info  Import         Just eating: VAR YA,XA;_.ZA=FUNCTION(A,B){THIS.O=A===XA&&B||"";THIS.A=YA};_.ZA.PROTOTYPE.QB=!0;_.ZA.PROTOTYPE.FB=FUNCTION(){RETURN THIS.O.TOSTRING()};_.ZA.PROTOTYPE.VE=!0;_.ZA.PROTOTYPE.J=FUNCTION(){RETURN 1};_.AB=FUNCTION(A){RETURN _.$A(A).TOSTRING()};_.$A=FUNCTION(A){RETURN A INSTANCEOF _.ZA&&A.CONSTRUCTOR===_.ZA&&A.A===YA?A.O:"TYPE_ERROR:TRUSTEDRESOURCEURL"};YA={};_.BB=FUNCTION(A){VAR B=_.SA();A=B?B.CREATESCRIPTURL(A):A;RETURN NEW _.ZA(XA,A)};XA={};
20200713.1630.38 info  Import         Just eating: VAR DB;_.CB=STRING.PROTOTYPE.TRIM?FUNCTION(A){RETURN A.TRIM()}:FUNCTION(A){RETURN/^[\S\XA0]*([\S\S]*?)[\S\XA0]*$/.EXEC(A)[1]};
20200713.1630.38 info  Import         Just eating: _.EB=FUNCTION(A,B){VAR C=0;A=(0,_.CB)(STRING(A)).SPLIT(".");B=(0,_.CB)(STRING(B)).SPLIT(".");FOR(VAR D=MATH.MAX(A.LENGTH,B.LENGTH),E=0;0==C&&E<D;E++){VAR F=A[E]||"",G=B[E]||"";DO{F=/(\D*)(\D*)(.*)/.EXEC(F)||["","","",""];G=/(\D*)(\D*)(.*)/.EXEC(G)||["","","",""];IF(0==F[0].LENGTH&&0==G[0].LENGTH)BREAK;C=DB(0==F[1].LENGTH?0:PARSEINT(F[1],10),0==G[1].LENGTH?0:PARSEINT(G[1],10))||DB(0==F[2].LENGTH,0==G[2].LENGTH)||DB(F[2],G[2]);F=F[3];G=G[3]}WHILE(0==C)}RETURN C};
20200713.1630.38 info  Import         Just eating: DB=FUNCTION(A,B){RETURN A<B?-1:A>B?1:0};
20200713.1630.38 info  Import         Just eating: VAR JB,GB;_.HB=FUNCTION(A,B){THIS.O=A===_.FB&&B||"";THIS.A=GB};_.HB.PROTOTYPE.QB=!0;_.HB.PROTOTYPE.FB=FUNCTION(){RETURN THIS.O.TOSTRING()};_.HB.PROTOTYPE.VE=!0;_.HB.PROTOTYPE.J=FUNCTION(){RETURN 1};_.IB=FUNCTION(A){RETURN A INSTANCEOF _.HB&&A.CONSTRUCTOR===_.HB&&A.A===GB?A.O:"TYPE_ERROR:SAFEURL"};JB=/^(?:(?:HTTPS?|MAILTO|FTP):|[^:/?#]*(?:[/?#]|$))/I;_.KB=FUNCTION(A){IF(A INSTANCEOF _.HB)RETURN A;A="OBJECT"==TYPEOF A&&A.QB?A.FB():STRING(A);RETURN JB.TEST(A)?NEW _.HB(_.FB,A):NULL};
20200713.1630.38 info  Import         Just eating: _.LB=FUNCTION(A){IF(A INSTANCEOF _.HB)RETURN A;A="OBJECT"==TYPEOF A&&A.QB?A.FB():STRING(A);JB.TEST(A)||(A="ABOUT:INVALID#ZCLOSUREZ");RETURN NEW _.HB(_.FB,A)};GB={};_.MB=NEW _.HB(_.FB,"ABOUT:INVALID#ZCLOSUREZ");_.FB={};
20200713.1630.38 info  Import         Just eating: _.OB=FUNCTION(){THIS.J="";THIS.O=_.NB};_.OB.PROTOTYPE.QB=!0;_.NB={};_.OB.PROTOTYPE.FB=FUNCTION(){RETURN THIS.J};_.PB=FUNCTION(A){VAR B=NEW _.OB;B.J=A;RETURN B};_.QB=_.PB("");
20200713.1630.38 info  Import         Just eating: A:{VAR SB=_.P.NAVIGATOR;IF(SB){VAR TB=SB.USERAGENT;IF(TB){_.RB=TB;BREAK A}}_.RB=""}_.W=FUNCTION(A){RETURN-1!=_.RB.INDEXOF(A)};
20200713.1630.38 info  Import         Just eating: VAR WB;_.UB=FUNCTION(){RETURN _.W("TRIDENT")||_.W("MSIE")};_.VB=FUNCTION(){RETURN _.W("FIREFOX")||_.W("FXIOS")};_.XB=FUNCTION(){RETURN _.W("SAFARI")&&!(WB()||_.W("COAST")||_.W("OPERA")||_.W("EDGE")||_.W("EDG/")||_.W("OPR")||_.VB()||_.W("SILK")||_.W("ANDROID"))};WB=FUNCTION(){RETURN(_.W("CHROME")||_.W("CRIOS"))&&!_.W("EDGE")};_.YB=FUNCTION(){RETURN _.W("ANDROID")&&!(WB()||_.VB()||_.W("OPERA")||_.W("SILK"))};
20200713.1630.38 info  Import         Just eating: VAR ZB;_.AB=FUNCTION(){THIS.O="";THIS.B=ZB;THIS.A=NULL};_.AB.PROTOTYPE.VE=!0;_.AB.PROTOTYPE.J=FUNCTION(){RETURN THIS.A};_.AB.PROTOTYPE.QB=!0;_.AB.PROTOTYPE.FB=FUNCTION(){RETURN THIS.O.TOSTRING()};_.BB=FUNCTION(A){RETURN A INSTANCEOF _.AB&&A.CONSTRUCTOR===_.AB&&A.B===ZB?A.O:"TYPE_ERROR:SAFEHTML"};ZB={};_.CB=FUNCTION(A,B){VAR C=NEW _.AB,D=_.SA();C.O=D?D.CREATEHTML(A):A;C.A=B;RETURN C};_.DB=NEW _.AB;_.DB.O=_.P.TRUSTEDTYPES&&_.P.TRUSTEDTYPES.EMPTYHTML?_.P.TRUSTEDTYPES.EMPTYHTML:"";_.DB.A=0;
20200713.1630.38 info  Import         Just eating: _.EB=_.CB("<BR>",0);
20200713.1630.38 info  Import         Just eating: _.FB=FUNCTION(A){VAR B=!1,C;RETURN FUNCTION(){B||(C=A(),B=!0);RETURN C}}(FUNCTION(){VAR A=DOCUMENT.CREATEELEMENT("DIV"),B=DOCUMENT.CREATEELEMENT("DIV");B.APPENDCHILD(DOCUMENT.CREATEELEMENT("DIV"));A.APPENDCHILD(B);B=A.FIRSTCHILD.FIRSTCHILD;A.INNERHTML=_.BB(_.DB);RETURN!B.PARENTELEMENT});
20200713.1630.38 info  Import         Just eating: VAR GB;GB=FUNCTION(){RETURN _.W("IPHONE")&&!_.W("IPOD")&&!_.W("IPAD")};_.HB=FUNCTION(){RETURN GB()||_.W("IPAD")||_.W("IPOD")};
20200713.1630.38 info  Import         Just eating: _.IB=FUNCTION(A){_.IB[" "](A);RETURN A};_.IB[" "]=_.VA;VAR KB=FUNCTION(A,B){VAR C=JB;RETURN OBJECT.PROTOTYPE.HASOWNPROPERTY.CALL(C,A)?C[A]:C[A]=B(A)};
20200713.1630.38 info  Import         Just eating: VAR YB,ZB,JB,GC;_.LB=_.W("OPERA");_.X=_.UB();_.MB=_.W("EDGE");_.NB=_.MB||_.X;_.OB=_.W("GECKO")&&!(-1!=_.RB.TOLOWERCASE().INDEXOF("WEBKIT")&&!_.W("EDGE"))&&!(_.W("TRIDENT")||_.W("MSIE"))&&!_.W("EDGE");_.PB=-1!=_.RB.TOLOWERCASE().INDEXOF("WEBKIT")&&!_.W("EDGE");_.QB=_.W("MACINTOSH");_.RB=_.W("WINDOWS");_.SB=_.W("LINUX")||_.W("CROS");_.TB=_.W("ANDROID");_.UB=GB();_.VB=_.W("IPAD");_.WB=_.W("IPOD");_.XB=_.HB();YB=FUNCTION(){VAR A=_.P.DOCUMENT;RETURN A?A.DOCUMENTMODE:VOID 0};
20200713.1630.38 info  Import         Just eating: A:{VAR $B="",AC=FUNCTION(){VAR A=_.RB;IF(_.OB)RETURN/RV:([^\);]+)(\)|;)/.EXEC(A);IF(_.MB)RETURN/EDGE\/([\D\.]+)/.EXEC(A);IF(_.X)RETURN/\B(?:MSIE|RV)[: ]([^\);]+)(\)|;)/.EXEC(A);IF(_.PB)RETURN/WEBKIT\/(\S+)/.EXEC(A);IF(_.LB)RETURN/(?:VERSION)[ \/]?(\S+)/.EXEC(A)}();AC&&($B=AC?AC[1]:"");IF(_.X){VAR BC=YB();IF(NULL!=BC&&BC>PARSEFLOAT($B)){ZB=STRING(BC);BREAK A}}ZB=$B}_.CC=ZB;JB={};_.DC=FUNCTION(A){RETURN KB(A,FUNCTION(){RETURN 0<=_.EB(_.CC,A)})};_.FC=FUNCTION(A){RETURN NUMBER(EC)>=A};
20200713.1630.38 info  Import         Just eating: IF(_.P.DOCUMENT&&_.X){VAR HC=YB();GC=HC?HC:PARSEINT(_.CC,10)||VOID 0}ELSE GC=VOID 0;VAR EC=GC;
20200713.1630.38 info  Import         Just eating: _.IC=_.VB();_.JC=GB()||_.W("IPOD");_.KC=_.W("IPAD");_.LC=_.YB();_.MC=WB();_.NC=_.XB()&&!_.HB();
20200713.1630.38 info  Import         Just eating: VAR OC={},PC=NULL;
20200713.1630.38 info  Import         Just eating: _.QC=FUNCTION(A){THIS.J=0;THIS.O=A};_.QC.PROTOTYPE.NEXT=FUNCTION(){RETURN THIS.J<THIS.O.LENGTH?{DONE:!1,VALUE:THIS.O[THIS.J++]}:{DONE:!0,VALUE:VOID 0}};"UNDEFINED"!=TYPEOF SYMBOL&&"UNDEFINED"!=TYPEOF SYMBOL.ITERATOR&&(_.QC.PROTOTYPE[SYMBOL.ITERATOR]=FUNCTION(){RETURN THIS});
20200713.1630.38 info  Import         Just eating: VAR XC;_.Y=FUNCTION(){};_.RC="FUNCTION"==TYPEOF UINT8ARRAY;
20200713.1630.38 info  Import         Just eating: _.Z=FUNCTION(A,B,C,D,E,F){A.J=NULL;B||(B=C?[C]:[]);A.J=C?STRING(C):VOID 0;A.C=0===C?-1:0;A.A=B;A:{C=A.A.LENGTH;B=-1;IF(C&&(B=C-1,C=A.A[B],!(NULL===C||"OBJECT"!=TYPEOF C||ARRAY.ISARRAY(C)||_.RC&&C INSTANCEOF UINT8ARRAY))){A.D=B-A.C;A.B=C;BREAK A}-1<D?(A.D=MATH.MAX(D,B+1-A.C),A.B=NULL):A.D=NUMBER.MAX_VALUE}A.K={};IF(E)FOR(D=0;D<E.LENGTH;D++)B=E[D],B<A.D?(B+=A.C,A.A[B]=A.A[B]||_.SC):(_.TC(A),A.B[B]=A.B[B]||_.SC);IF(F&&F.LENGTH)FOR(D=0;D<F.LENGTH;D++)_.UC(A,F[D])};_.SC=[];
20200713.1630.38 info  Import         Just eating: _.TC=FUNCTION(A){VAR B=A.D+A.C;A.A[B]||(A.B=A.A[B]={})};_.A=FUNCTION(A,B){IF(B<A.D){B+=A.C;VAR C=A.A[B];RETURN C===_.SC?A.A[B]=[]:C}IF(A.B)RETURN C=A.B[B],C===_.SC?A.B[B]=[]:C};_.B=FUNCTION(A,B){A=_.A(A,B);RETURN NULL==A?A:!!A};_.C=FUNCTION(A,B,C){A=_.A(A,B);RETURN NULL==A?C:A};_.VC=FUNCTION(A,B,C){A=_.B(A,B);RETURN NULL==A?C:A};_.WC=FUNCTION(A,B,C){A=_.A(A,B);A=NULL==A?A:+A;RETURN NULL==A?C:A};_.E=FUNCTION(A,B,C){B<A.D?A.A[B+A.C]=C:(_.TC(A),A.B[B]=C);RETURN A};
20200713.1630.38 info  Import         Just eating: _.UC=FUNCTION(A,B){FOR(VAR C,D,E=0;E<B.LENGTH;E++){VAR F=B[E],G=_.A(A,F);NULL!=G&&(C=F,D=G,_.E(A,F,VOID 0))}RETURN C?(_.E(A,C,D),C):0};_.G=FUNCTION(A,B,C){A.J||(A.J={});IF(!A.J[C]){VAR D=_.A(A,C);D&&(A.J[C]=NEW B(D))}RETURN A.J[C]};_.H=FUNCTION(A,B,C){A.J||(A.J={});VAR D=C?C.UB():C;A.J[B]=C;RETURN _.E(A,B,D)};XC=FUNCTION(A){IF(A.J)FOR(VAR B IN A.J){VAR C=A.J[B];IF(ARRAY.ISARRAY(C))FOR(VAR D=0;D<C.LENGTH;D++)C[D]&&C[D].UB();ELSE C&&C.UB()}};_.Y.PROTOTYPE.UB=FUNCTION(){XC(THIS);RETURN THIS.A};
20200713.1630.38 info  Import         Just eating: _.Y.PROTOTYPE.O=_.RC?FUNCTION(){VAR A=UINT8ARRAY.PROTOTYPE.TOJSON;UINT8ARRAY.PROTOTYPE.TOJSON=FUNCTION(){VAR B;VOID 0===B&&(B=0);IF(!PC){PC={};FOR(VAR C="ABCDEFGHIJKLMNOPQRSTUVWXYZABCDEFGHIJKLMNOPQRSTUVWXYZ0123456789".SPLIT(""),D=["+/=","+/","-_=","-_.","-_"],E=0;5>E;E++){VAR F=C.CONCAT(D[E].SPLIT(""));OC[E]=F;FOR(VAR G=0;G<F.LENGTH;G++){VAR K=F[G];VOID 0===PC[K]&&(PC[K]=G)}}}B=OC[B];C=[];FOR(D=0;D<THIS.LENGTH;D+=3){VAR L=THIS[D],M=(E=D+1<THIS.LENGTH)?THIS[D+1]:0;K=(F=D+2<THIS.LENGTH)?THIS[D+2]:0;
20200713.1630.38 info  Import         Just eating: G=L>>2;L=(L&3)<<4|M>>4;M=(M&15)<<2|K>>6;K&=63;F||(K=64,E||(M=64));C.PUSH(B[G],B[L],B[M]||"",B[K]||"")}RETURN C.JOIN("")};TRY{RETURN JSON.STRINGIFY(THIS.A&&THIS.UB(),YC)}FINALLY{UINT8ARRAY.PROTOTYPE.TOJSON=A}}:FUNCTION(){RETURN JSON.STRINGIFY(THIS.A&&THIS.UB(),YC)};VAR YC=FUNCTION(A,B){RETURN"NUMBER"!==TYPEOF B||!ISNAN(B)&&INFINITY!==B&&-INFINITY!==B?B:STRING(B)};_.Y.PROTOTYPE.TOSTRING=FUNCTION(){XC(THIS);RETURN THIS.A.TOSTRING()};
20200713.1630.38 info  Import         Just eating: _.I=FUNCTION(){THIS.YA=THIS.YA;THIS.PB=THIS.PB};_.I.PROTOTYPE.YA=!1;_.I.PROTOTYPE.UA=FUNCTION(){THIS.YA||(THIS.YA=!0,THIS.S())};_.I.PROTOTYPE.S=FUNCTION(){IF(THIS.PB)FOR(;THIS.PB.LENGTH;)THIS.PB.SHIFT()()};
20200713.1630.38 info  Import         Just eating: VAR ZC=FUNCTION(A){_.Z(THIS,A,0,-1,NULL,NULL)};_.V(ZC,_.Y);
20200713.1630.38 info  Import         Just eating: _.AC=FUNCTION(A){_.Z(THIS,A,0,-1,NULL,NULL)};_.V(_.AC,_.Y);
20200713.1630.38 info  Import         Just eating: VAR BC=FUNCTION(A){_.Z(THIS,A,0,-1,NULL,NULL)};_.V(BC,_.Y);
20200713.1630.38 info  Import         Just eating: _.CC=FUNCTION(A){_.Z(THIS,A,0,-1,NULL,NULL)};_.V(_.CC,_.Y);
20200713.1630.38 info  Import         Just eating: _.DC=FUNCTION(A){_.Z(THIS,A,0,-1,NULL,NULL)};_.V(_.DC,_.Y);
20200713.1630.38 info  Import         Just eating: VAR EC=FUNCTION(A){_.I.CALL(THIS);THIS.A=A;THIS.J=[];THIS.O={}};_.V(EC,_.I);EC.PROTOTYPE.VD=FUNCTION(){FOR(VAR A=THIS.J.LENGTH,B=THIS.J,C=[],D=0;D<A;++D){VAR E=B[D].J();A:{VAR F=THIS.A;FOR(VAR G=E.SPLIT("."),K=G.LENGTH,L=0;L<K;++L)IF(F[G[L]])F=F[G[L]];ELSE{F=NULL;BREAK A}F=F INSTANCEOF FUNCTION?F:NULL}IF(F&&F!=THIS.O[E])TRY{B[D].VD(F)}CATCH(M){}ELSE C.PUSH(B[D])}THIS.J=C.CONCAT(B.SLICE(A))};
20200713.1630.38 info  Import         Just eating: VAR LC;_.FC=FUNCTION(){THIS.J={};THIS.O={}};_.WA(_.FC);_.HC=FUNCTION(A){RETURN _.GC(_.FC.VA(),A)};_.JC=FUNCTION(A,B){VAR C=_.FC.VA();IF(A IN C.J){IF(C.J[A]!=B)THROW NEW IC(A);}ELSE{C.J[A]=B;IF(B=C.O[A])FOR(VAR D=0,E=B.LENGTH;D<E;D++)B[D].J(C.J,A);DELETE C.O[A]}};_.GC=FUNCTION(A,B){IF(B IN A.J)RETURN A.J[B];THROW NEW KC(B);};LC=FUNCTION(){_.HA.CALL(THIS)};_.V(LC,_.HA);VAR IC=FUNCTION(){_.HA.CALL(THIS)};_.V(IC,LC);VAR KC=FUNCTION(){_.HA.CALL(THIS)};_.V(KC,LC);
20200713.1630.38 info  Import         Just eating: VAR MC=FUNCTION(A){_.I.CALL(THIS);THIS.C=A;THIS.A=THIS.J=NULL;THIS.D=0;THIS.B={};THIS.O=!1;A=WINDOW.NAVIGATOR.USERAGENT;0<=A.INDEXOF("MSIE")&&0<=A.INDEXOF("TRIDENT")&&(A=/\B(?:MSIE|RV)[: ]([^\);]+)(\)|;)/.EXEC(A))&&A[1]&&9>PARSEFLOAT(A[1])&&(THIS.O=!0)};_.N(MC,_.I);MC.PROTOTYPE.F=FUNCTION(A,B){THIS.J=B;THIS.A=A;B.PREVENTDEFAULT?B.PREVENTDEFAULT():B.RETURNVALUE=!1};
20200713.1630.38 info  Import         Just eating: _.PC=FUNCTION(A){_.Z(THIS,A,0,-1,NULL,NULL)};_.V(_.PC,_.Y);
20200713.1630.38 info  Import         Just eating: _.QC=FUNCTION(A){_.Z(THIS,A,0,-1,NULL,NULL)};_.V(_.QC,_.Y);
20200713.1630.38 info  Import         Just eating: _.J=FUNCTION(A,B){RETURN NULL!=A?!!A:!!B};_.L=FUNCTION(A,B){VOID 0==B&&(B="");RETURN NULL!=A?A:B};_.RC=FUNCTION(A,B){VOID 0==B&&(B=0);RETURN NULL!=A?A:B};
20200713.1630.38 info  Import         Just eating: _.SC=FUNCTION(){THIS.DATA={}};_.SC.PROTOTYPE.J=FUNCTION(){WINDOW.CONSOLE&&WINDOW.CONSOLE.LOG&&WINDOW.CONSOLE.LOG("LOG DATA: ",THIS.DATA)};_.SC.PROTOTYPE.O=FUNCTION(A){VAR B=[],C;FOR(C IN THIS.DATA)B.PUSH(ENCODEURICOMPONENT(C)+"="+ENCODEURICOMPONENT(STRING(THIS.DATA[C])));RETURN("ATYP=I&ZX="+(NEW DATE).GETTIME()+"&"+B.JOIN("&")).SUBSTR(0,A)};
20200713.1630.38 info  Import         Just eating: VAR TC=FUNCTION(A,B){THIS.DATA={};VAR C=_.G(A,BC,8)||NEW BC;WINDOW.GOOGLE&&WINDOW.GOOGLE.KEI&&(THIS.DATA.EI=WINDOW.GOOGLE.KEI);THIS.DATA.SEI=_.L(_.A(A,10));THIS.DATA.OGF=_.L(_.A(C,3));VAR D=WINDOW.GOOGLE&&WINDOW.GOOGLE.SN?/.*HP$/.TEST(WINDOW.GOOGLE.SN)?!1:!0:_.J(_.B(A,7));THIS.DATA.OGRP=D?"1":"";THIS.DATA.OGV=_.L(_.A(C,6))+"."+_.L(_.A(C,7));THIS.DATA.OGD=_.L(_.A(A,21));THIS.DATA.OGC=_.L(_.A(A,20));THIS.DATA.OGL=_.L(_.A(A,5));B&&(THIS.DATA.OGGV=B)};_.V(TC,_.SC);
20200713.1630.38 info  Import         Just eating: VAR UC=[1,2,3,4,5,6,9,10,11,13,14,28,29,30,34,35,37,38,39,40,42,43,48,49,50,51,52,53,62,500],XC=FUNCTION(A,B,C,D,E,F){TC.CALL(THIS,A,B);_.QA(THIS.DATA,{OGE:D,OGEX:_.L(_.A(A,9)),OGP:_.L(_.A(A,6)),OGSR:MATH.ROUND(1/(VC(D)?_.RC(_.WC(C,3,1)):_.RC(_.WC(C,2,1E-4)))),OGUS:E});IF(F){"OGW"IN F&&(THIS.DATA.OGW=F.OGW,DELETE F.OGW);"VED"IN F&&(THIS.DATA.VED=F.VED,DELETE F.VED);A=[];FOR(VAR G IN F)0!=A.LENGTH&&A.PUSH(","),A.PUSH(WC(G)),A.PUSH("."),A.PUSH(WC(F[G]));F=A.JOIN("");""!=F&&(THIS.DATA.OGAD=F)}};
20200713.1630.38 info  Import         Just eating: _.V(XC,TC);VAR WC=FUNCTION(A){A=STRING(A);RETURN A.REPLACE(".","%2E").REPLACE(",","%2C")},YC=NULL,VC=FUNCTION(A){IF(!YC){YC={};FOR(VAR B=0;B<UC.LENGTH;B++)YC[UC[B]]=!0}RETURN!!YC[A]};
20200713.1630.38 info  Import         Just eating: VAR ZC,BD,AD;_.$C=FUNCTION(A){VAR B=WINDOW.GOOGLE&&WINDOW.GOOGLE.LOGURL?"":"HTTPS://WWW.GOOGLE.COM";B+="/GEN_204?";B+=A.O(2040-B.LENGTH);ZC(_.KB(B)||_.MB)};ZC=FUNCTION(A){VAR B=NEW IMAGE;B.ONERROR=B.ONLOAD=B.ONABORT=FUNCTION(){AD IN BD&&DELETE BD[AD]};BD[AD++]=B;B.SRC=_.IB(A)};BD=[];AD=0;
20200713.1630.38 info  Import         Just eating: VAR FD=FUNCTION(){VAR A=CD,B=DD,C=ED;THIS.D=A;THIS.C=B;THIS.B=_.RC(_.WC(A,2,1E-4),1E-4);THIS.O=_.RC(_.WC(A,3,1),1);B=MATH.RANDOM();THIS.A=_.J(_.B(A,1))&&B<THIS.B;THIS.J=_.J(_.B(A,1))&&B<THIS.O;A=0;_.J(_.B(C,1))&&(A|=1);_.J(_.B(C,2))&&(A|=2);_.J(_.B(C,3))&&(A|=4);THIS.F=A};FD.PROTOTYPE.LOG=FUNCTION(A,B){TRY{IF(VC(A)?THIS.J:THIS.A){VAR C=NEW XC(THIS.C,"QUANTUM:GAPIBUILDLABEL",THIS.D,A,THIS.F,B);_.$C(C)}}CATCH(D){}};
20200713.1630.38 info  Import         Just eating: _.GD=FUNCTION(A,B,C,D,E){TC.CALL(THIS,A,B);_.QA(THIS.DATA,{JEXPID:_.L(_.A(A,9)),SRCPG:"PROP="+_.L(_.A(A,6)),JSR:MATH.ROUND(1/D),EMSG:C.NAME+":"+C.MESSAGE});IF(E){E._SN&&(E._SN="OG."+E._SN);FOR(VAR F IN E)THIS.DATA[ENCODEURICOMPONENT(F)]=E[F]}};_.V(_.GD,TC);
20200713.1630.38 info  Import         Just eating: _.HD=FUNCTION(A){_.Z(THIS,A,0,-1,NULL,NULL)};_.V(_.HD,_.Y);
20200713.1630.38 info  Import         Just eating: VAR KD=FUNCTION(){VAR A=ID;THIS.F=JD;THIS.B=_.RC(_.WC(A,2,.001),.001);THIS.D=_.J(_.B(A,1))&&MATH.RANDOM()<THIS.B;THIS.C=_.RC(_.C(A,3,1),1);THIS.A=0;THIS.J=THIS.O=NULL;_.VC(A,4,!0)};KD.PROTOTYPE.LOG=FUNCTION(A,B){IF(THIS.J){VAR C=NEW ZC;_.E(C,1,A.MESSAGE);_.E(C,2,A.STACK);_.E(C,3,A.LINENUMBER);_.E(C,5,1);VAR D=NEW _.AC;_.H(D,40,C);THIS.J.LOG(98,D)}TRY{IF(THIS.D&&THIS.A<THIS.C){TRY{VAR E=(THIS.O||_.GC(_.FC.VA(),"LM")).J(A,B)}CATCH(F){E=NEW _.GD(THIS.F,"QUANTUM:GAPIBUILDLABEL",A,THIS.B,B)}_.$C(E);THIS.A++}}CATCH(F){}};
20200713.1630.38 info  Import         Just eating: VAR LD=FUNCTION(A){_.Z(THIS,A,0,-1,NULL,NULL)};_.V(LD,_.Y);
20200713.1630.38 info  Import         Just eating: VAR MD=FUNCTION(A){THIS.J=A;THIS.O=VOID 0;THIS.A=[]};MD.PROTOTYPE.THEN=FUNCTION(A,B,C){THIS.A.PUSH(NEW ND(A,B,C));_.OD(THIS)};_.PD=FUNCTION(A,B){IF(VOID 0!==A.J||VOID 0!==A.O)THROW ERROR("O");A.J=B;_.OD(A)};_.OD=FUNCTION(A){IF(0<A.A.LENGTH){VAR B=VOID 0!==A.J,C=VOID 0!==A.O;IF(B||C){B=B?A.B:A.C;C=A.A;A.A=[];TRY{(0,_.JA)(C,B,A)}CATCH(D){CONSOLE.ERROR(D)}}}};MD.PROTOTYPE.B=FUNCTION(A){A.O&&A.O.CALL(A.J,THIS.J)};MD.PROTOTYPE.C=FUNCTION(A){A.A&&A.A.CALL(A.J,THIS.O)};
20200713.1630.38 info  Import         Just eating: VAR ND=FUNCTION(A,B,C){THIS.O=A;THIS.A=B;THIS.J=C};
20200713.1630.38 info  Import         Just eating: _.M=FUNCTION(){THIS.B=NEW MD;THIS.O=NEW MD;THIS.F=NEW MD;THIS.C=NEW MD;THIS.D=NEW MD;THIS.H=NEW MD;THIS.K=NEW MD;THIS.J=NEW MD;THIS.A=NEW MD};_.H=_.M.PROTOTYPE;_.H.GH=FUNCTION(){RETURN THIS.B};_.H.OH=FUNCTION(){RETURN THIS.O};_.H.UH=FUNCTION(){RETURN THIS.F};_.H.NH=FUNCTION(){RETURN THIS.C};_.H.SH=FUNCTION(){RETURN THIS.D};_.H.VH=FUNCTION(){RETURN THIS.H};_.H.KH=FUNCTION(){RETURN THIS.K};_.H.LH=FUNCTION(){RETURN THIS.J};_.H.ZH=FUNCTION(){RETURN THIS.A};_.WA(_.M);
20200713.1630.38 info  Import         Just eating: VAR QD=FUNCTION(A){_.Z(THIS,A,0,-1,NULL,NULL)};_.V(QD,_.Y);_.SD=FUNCTION(){RETURN _.G(_.RD,_.CC,1)};_.TD=FUNCTION(){RETURN _.G(_.RD,_.DC,5)};
20200713.1630.38 info  Import         Just eating: VAR UD;WINDOW.GBAR_&&WINDOW.GBAR_.CONFIG?UD=WINDOW.GBAR_.CONFIG[0]||{}:UD=[];_.RD=NEW QD(UD);
20200713.1630.38 info  Import         Just eating: VAR ID,JD,DD,ED,CD;ID=_.G(_.RD,_.HD,3)||NEW _.HD;JD=_.SD()||NEW _.CC;_.VD=NEW KD;DD=_.SD()||NEW _.CC;ED=_.TD()||NEW _.DC;CD=_.G(_.RD,LD,4)||NEW LD;_.WD=NEW FD;
20200713.1630.38 info  Import         Just eating: _.U("GBAR_._DUMPEXCEPTION",FUNCTION(A){_.VD?_.VD.LOG(A):CONSOLE.ERROR(A)});
20200713.1630.38 info  Import         Just eating: _.XD=NEW MC(_.VD);
20200713.1630.38 info  Import         Just eating: _.WD.LOG(8,{M:"BACKCOMPAT"==DOCUMENT.COMPATMODE?"Q":"S"});_.U("GBAR.A",MD);MD.PROTOTYPE.AA=MD.PROTOTYPE.THEN;_.U("GBAR.B",_.M);_.M.PROTOTYPE.BA=_.M.PROTOTYPE.OH;_.M.PROTOTYPE.BB=_.M.PROTOTYPE.UH;_.M.PROTOTYPE.BD=_.M.PROTOTYPE.SH;_.M.PROTOTYPE.BE=_.M.PROTOTYPE.VH;_.M.PROTOTYPE.BF=_.M.PROTOTYPE.GH;_.M.PROTOTYPE.BG=_.M.PROTOTYPE.NH;_.M.PROTOTYPE.BH=_.M.PROTOTYPE.KH;_.M.PROTOTYPE.BI=_.M.PROTOTYPE.LH;_.M.PROTOTYPE.BJ=_.M.PROTOTYPE.ZH;_.U("GBAR.A",_.M.VA());VAR YD=NEW EC(WINDOW);_.JC("API",YD);
20200713.1630.38 info  Import         Just eating: VAR ZD=_.TD()||NEW _.DC,AD=_.L(_.A(ZD,8));WINDOW.__PVT=AD;_.JC("EQ",_.XD);
20200713.1630.38 info  Import         Just eating: 
20200713.1630.38 info  Import         Just eating: }CATCH(E){_._DUMPEXCEPTION(E)}
20200713.1630.38 info  Import         Just eating: TRY{
20200713.1630.38 info  Import         Just eating: VAR BD=FUNCTION(A){_.Z(THIS,A,0,-1,NULL,NULL)};_.V(BD,_.Y);
20200713.1630.38 info  Import         Just eating: VAR CD=FUNCTION(){_.I.CALL(THIS);THIS.O=[];THIS.J=[]};_.N(CD,_.I);CD.PROTOTYPE.A=FUNCTION(A,B){THIS.O.PUSH({UD:A,OPTIONS:B})};CD.PROTOTYPE.INIT=FUNCTION(A,B,C){WINDOW.GAPI={};VAR D=WINDOW.___JSL={};D.H=_.L(_.A(A,1));NULL!=_.A(A,12)&&(D.DPO=_.J(_.B(A,12)));D.MS=_.L(_.A(A,2));D.M=_.L(_.A(A,3));D.L=[];_.A(B,1)&&(A=_.A(B,3))&&THIS.J.PUSH(A);_.A(C,1)&&(C=_.A(C,2))&&THIS.J.PUSH(C);_.U("GAPI.LOAD",(0,_.Q)(THIS.A,THIS));RETURN THIS};
20200713.1630.38 info  Import         Just eating: VAR DD=_.G(_.RD,_.PC,14)||NEW _.PC,ED=_.G(_.RD,_.QC,9)||NEW _.QC,FD=NEW BD,GD=NEW CD;GD.INIT(DD,ED,FD);_.JC("GS",GD);
20200713.1630.38 info  Import         Just eating: 
20200713.1630.38 info  Import         Just eating: }CATCH(E){_._DUMPEXCEPTION(E)}
20200713.1630.38 info  Import         Just eating: })(THIS.GBAR_);
20200713.1630.38 info  Import         Just eating: // GOOGLE INC.
20200713.1630.38 info  Import         Just eating: </SCRIPT><STYLE>.GB_4A:NOT(.GB_ZD){FONT:13PX/27PX ROBOTO,ROBOTODRAFT,ARIAL,SANS-SERIF;Z-INDEX:986}@KEYFRAMES GB__A{0%{OPACITY:0}50%{OPACITY:1}}A.GB_0{BORDER:NONE;COLOR:#4285F4;CURSOR:DEFAULT;FONT-WEIGHT:BOLD;OUTLINE:NONE;POSITION:RELATIVE;TEXT-ALIGN:CENTER;TEXT-DECORATION:NONE;TEXT-TRANSFORM:UPPERCASE;WHITE-SPACE:NOWRAP}A.GB_0:HOVER:AFTER,A.GB_0:FOCUS:AFTER{BACKGROUND-COLOR:RGBA(0,0,0,.12);CONTENT:'';HEIGHT:100%;RIGHT:0;POSITION:ABSOLUTE;TOP:0;WIDTH:100%}A.GB_0:HOVER,A.GB_0:FOCUS{TEXT-DECORATION:NONE}A.GB_0:ACTIVE{BACKGROUND-COLOR:RGBA(153,153,153,.4);TEXT-DECORATION:NONE}A.GB_1{BACKGROUND-COLOR:#4285F4;COLOR:#FFF}A.GB_1:ACTIVE{BACKGROUND-COLOR:#0043B2}.GB_2{BOX-SHADOW:0 1PX 1PX RGBA(0,0,0,.16)}.GB_0,.GB_1,.GB_3,.GB_4{DISPLAY:INLINE-BLOCK;LINE-HEIGHT:28PX;PADDING:0 12PX;BORDER-RADIUS:2PX}.GB_3{BACKGROUND:#F8F8F8;BORDER:1PX SOLID #C6C6C6}.GB_4{BACKGROUND:#F8F8F8}.GB_3,#GB A.GB_3.GB_3,.GB_4{COLOR:#666;CURSOR:DEFAULT;TEXT-DECORATION:NONE}#GB A.GB_4.GB_4{CURSOR:DEFAULT;TEXT-DECORATION:NONE}.GB_4{BORDER:1PX SOLID #4285F4;FONT-WEIGHT:BOLD;OUTLINE:NONE;BACKGROUND:#4285F4;BACKGROUND:LINEAR-GRADIENT(TOP,#4387FD,#4683EA);FILTER:PROGID:DXIMAGETRANSFORM.MICROSOFT.GRADIENT(STARTCOLORSTR=#4387FD,ENDCOLORSTR=#4683EA,GRADIENTTYPE=0)}#GB A.GB_4.GB_4{COLOR:#FFF}.GB_4:HOVER{BOX-SHADOW:0 1PX 0 RGBA(0,0,0,.15)}.GB_4:ACTIVE{BOX-SHADOW:INSET 0 2PX 0 RGBA(0,0,0,.15);BACKGROUND:#3C78DC;BACKGROUND:LINEAR-GRADIENT(TOP,#3C7AE4,#3F76D3);FILTER:PROGID:DXIMAGETRANSFORM.MICROSOFT.GRADIENT(STARTCOLORSTR=#3C7AE4,ENDCOLORSTR=#3F76D3,GRADIENTTYPE=0)}.GB_IA{DISPLAY:NONE!IMPORTANT}.GB_JA{VISIBILITY:HIDDEN}.GB_ND{DISPLAY:INLINE-BLOCK;VERTICAL-ALIGN:MIDDLE}.GB_ZF{POSITION:RELATIVE}.GB_D{DISPLAY:INLINE-BLOCK;OUTLINE:NONE;VERTICAL-ALIGN:MIDDLE;BORDER-RADIUS:2PX;BOX-SIZING:BORDER-BOX;HEIGHT:40PX;WIDTH:40PX;COLOR:#000;CURSOR:POINTER;TEXT-DECORATION:NONE}#GB#GB A.GB_D{COLOR:#000;CURSOR:POINTER;TEXT-DECORATION:NONE}.GB_6A{BORDER-COLOR:TRANSPARENT;BORDER-BOTTOM-COLOR:#FFF;BORDER-STYLE:DASHED DASHED SOLID;BORDER-WIDTH:0 8.5PX 8.5PX;DISPLAY:NONE;POSITION:ABSOLUTE;RIGHT:11.5PX;TOP:43PX;Z-INDEX:1;HEIGHT:0;WIDTH:0;ANIMATION:GB__A .2S}.GB_7A{BORDER-COLOR:TRANSPARENT;BORDER-STYLE:DASHED DASHED SOLID;BORDER-WIDTH:0 8.5PX 8.5PX;DISPLAY:NONE;POSITION:ABSOLUTE;RIGHT:11.5PX;Z-INDEX:1;HEIGHT:0;WIDTH:0;ANIMATION:GB__A .2S;BORDER-BOTTOM-COLOR:#CCC;BORDER-BOTTOM-COLOR:RGBA(0,0,0,.2);TOP:42PX}X:-O-PREFOCUS,DIV.GB_7A{BORDER-BOTTOM-COLOR:#CCC}.GB_F{BACKGROUND:#FFF;BORDER:1PX SOLID #CCC;BORDER-COLOR:RGBA(0,0,0,.2);COLOR:#000;BOX-SHADOW:0 2PX 10PX RGBA(0,0,0,.2);DISPLAY:NONE;OUTLINE:NONE;OVERFLOW:HIDDEN;POSITION:ABSOLUTE;LEFT:8PX;TOP:62PX;ANIMATION:GB__A .2S;BORDER-RADIUS:2PX}.GB_ND.GB_NA .GB_6A,.GB_ND.GB_NA .GB_7A,.GB_ND.GB_NA .GB_F,.GB_NA.GB_F{DISPLAY:BLOCK}.GB_ND.GB_NA.GB_0F .GB_6A,.GB_ND.GB_NA.GB_0F .GB_7A{DISPLAY:NONE}.GB_1F{POSITION:ABSOLUTE;LEFT:8PX;TOP:62PX;Z-INDEX:-1}.GB_QA .GB_6A,.GB_QA .GB_7A,.GB_QA .GB_F{MARGIN-TOP:-10PX}.GB_ND:FIRST-CHILD,#GBSFW:FIRST-CHILD+.GB_ND{PADDING-RIGHT:4PX}.GB_SA.GB_8E .GB_ND:FIRST-CHILD{PADDING-RIGHT:0}.GB_4C{POSITION:RELATIVE}.GB_TC .GB_4C,.GB_GE .GB_4C{FLOAT:LEFT}.GB_D{PADDING:8PX;CURSOR:POINTER}.GB_SA .GB_6C:NOT(.GB_0):FOCUS IMG{BACKGROUND-COLOR:RGBA(0,0,0,0.20);OUTLINE:NONE;BORDER-RADIUS:50%}.GB_9E BUTTON:FOCUS SVG,.GB_9E BUTTON:HOVER SVG,.GB_9E BUTTON:ACTIVE SVG,.GB_D:FOCUS,.GB_D:HOVER,.GB_D:ACTIVE,.GB_D[ARIA-EXPANDED=TRUE]{OUTLINE:NONE;BORDER-RADIUS:50%}.GB_CC .GB_9E.GB_AF BUTTON:FOCUS SVG,.GB_CC .GB_9E.GB_AF BUTTON:FOCUS:HOVER SVG,.GB_9E BUTTON:FOCUS SVG,.GB_9E BUTTON:FOCUS:HOVER SVG,.GB_D:FOCUS,.GB_D:FOCUS:HOVER{BACKGROUND-COLOR:RGBA(60,64,67,0.1)}.GB_CC .GB_9E.GB_AF BUTTON:ACTIVE SVG,.GB_9E BUTTON:ACTIVE SVG,.GB_D:ACTIVE{BACKGROUND-COLOR:RGBA(60,64,67,0.12)}.GB_CC .GB_9E.GB_AF BUTTON:HOVER SVG,.GB_9E BUTTON:HOVER SVG,.GB_D:HOVER{BACKGROUND-COLOR:RGBA(60,64,67,0.08)}.GB_IA .GB_D.GB_TA:HOVER{BACKGROUND-COLOR:TRANSPARENT}.GB_D[ARIA-EXPANDED=TRUE],.GB_D:HOVER[ARIA-EXPANDED=TRUE]{BACKGROUND-COLOR:RGBA(95,99,104,0.24)}.GB_D[ARIA-EXPANDED=TRUE] .GB_BF,.GB_D[ARIA-EXPANDED=TRUE] .GB_CF{FILL:#5F6368;OPACITY:1}.GB_CC .GB_9E BUTTON:HOVER SVG,.GB_CC .GB_D:HOVER{BACKGROUND-COLOR:RGBA(232,234,237,0.08)}.GB_CC .GB_9E BUTTON:FOCUS SVG,.GB_CC .GB_9E BUTTON:FOCUS:HOVER SVG,.GB_CC .GB_D:FOCUS,.GB_CC .GB_D:FOCUS:HOVER{BACKGROUND-COLOR:RGBA(232,234,237,0.10)}.GB_CC .GB_9E BUTTON:ACTIVE SVG,.GB_CC .GB_D:ACTIVE{BACKGROUND-COLOR:RGBA(232,234,237,0.12)}.GB_CC .GB_D[ARIA-EXPANDED=TRUE],.GB_CC .GB_D:HOVER[ARIA-EXPANDED=TRUE]{BACKGROUND-COLOR:RGBA(255,255,255,0.12)}.GB_CC .GB_D[ARIA-EXPANDED=TRUE] .GB_BF,.GB_CC .GB_D[ARIA-EXPANDED=TRUE] .GB_CF{FILL:#FFFFFF;OPACITY:1}.GB_ND{PADDING:4PX}.GB_SA.GB_8E .GB_ND{PADDING:4PX 2PX}.GB_SA.GB_8E .GB_UA.GB_ND{PADDING-RIGHT:6PX}.GB_F{Z-INDEX:991;LINE-HEIGHT:NORMAL}.GB_F.GB_DF{RIGHT:8PX;LEFT:AUTO}@MEDIA (MAX-WIDTH:350PX){.GB_F.GB_DF{RIGHT:0}}.GB_EF .GB_F{TOP:56PX}.GB_C .GB_D,.GB_E .GB_C .GB_D{BACKGROUND-POSITION:-64PX -29PX}.GB_J .GB_C .GB_D{BACKGROUND-POSITION:-29PX -29PX;OPACITY:1}.GB_C .GB_D,.GB_C .GB_D:HOVER,.GB_C .GB_D:FOCUS{OPACITY:1}.GB_0D{DISPLAY:NONE}.GB_7C{FONT-FAMILY:GOOGLE SANS,ROBOTO,ROBOTODRAFT,HELVETICA,ARIAL,SANS-SERIF;FONT-SIZE:20PX;FONT-WEIGHT:400;LETTER-SPACING:.25PX;LINE-HEIGHT:48PX;MARGIN-BOTTOM:2PX;OPACITY:1;OVERFLOW:HIDDEN;PADDING-RIGHT:16PX;POSITION:RELATIVE;TEXT-OVERFLOW:ELLIPSIS;VERTICAL-ALIGN:MIDDLE;TOP:2PX;WHITE-SPACE:NOWRAP;FLEX:1 1 AUTO}.GB_7C.GB_8C{COLOR:#3C4043}.GB_SA.GB_TA .GB_7C{MARGIN-BOTTOM:0}.GB_9C.GB_AD .GB_7C{PADDING-RIGHT:4PX}.GB_SA.GB_TA .GB_BD{POSITION:RELATIVE;TOP:-2PX}.GB_SA{COLOR:BLACK;MIN-WIDTH:320PX;POSITION:RELATIVE;TRANSITION:BOX-SHADOW 250MS}.GB_SA.GB_LC{MIN-WIDTH:240PX}.GB_SA.GB_1D .GB_2C{DISPLAY:NONE}.GB_SA.GB_1D .GB_2D{HEIGHT:56PX}HEADER.GB_SA{DISPLAY:BLOCK}.GB_SA SVG{FILL:CURRENTCOLOR}.GB_3D{POSITION:FIXED;TOP:0;WIDTH:100%}.GB_4D{BOX-SHADOW:0 4PX 5PX 0 RGBA(0,0,0,0.14),0 1PX 10PX 0 RGBA(0,0,0,0.12),0 2PX 4PX -1PX RGBA(0,0,0,0.2)}.GB_5D{HEIGHT:64PX}.GB_SA:NOT(.GB_OC) .GB_DD.GB_ED:NOT(.GB_6D):NOT(.GB_7D),.GB_SA:NOT(.GB_OC) .GB_VD:NOT(.GB_6D):NOT(.GB_7D),.GB_SA.GB_8D .GB_DD.GB_ED.GB_6D,.GB_SA.GB_8D .GB_VD.GB_6D,.GB_SA.GB_8D .GB_DD.GB_ED.GB_7D,.GB_SA.GB_8D .GB_VD.GB_7D{DISPLAY:NONE!IMPORTANT}.GB_2D{BOX-SIZING:BORDER-BOX;POSITION:RELATIVE;WIDTH:100%;DISPLAY:FLEX;JUSTIFY-CONTENT:SPACE-BETWEEN;MIN-WIDTH:MIN-CONTENT}.GB_SA:NOT(.GB_TA) .GB_2D{PADDING:8PX}.GB_SA.GB_9D .GB_2D{FLEX:1 0 AUTO}.GB_SA .GB_2D.GB_AE.GB_BE{MIN-WIDTH:0}.GB_SA.GB_TA .GB_2D{PADDING:4PX;PADDING-RIGHT:8PX;MIN-WIDTH:0}.GB_2C{HEIGHT:48PX;VERTICAL-ALIGN:MIDDLE;WHITE-SPACE:NOWRAP;ALIGN-ITEMS:CENTER;DISPLAY:FLEX}.GB_DE>.GB_2C{DISPLAY:TABLE-CELL;WIDTH:100%}.GB_9C{PADDING-LEFT:30PX;BOX-SIZING:BORDER-BOX;FLEX:1 0 AUTO}.GB_SA.GB_TA .GB_9C{PADDING-LEFT:14PX}.GB_EE{FLEX:1 1 100%}.GB_EE>:ONLY-CHILD{DISPLAY:INLINE-BLOCK}.GB_3C.GB_UC{PADDING-RIGHT:4PX}.GB_3C.GB_FE,.GB_SA.GB_9D .GB_3C,.GB_SA.GB_TA:NOT(.GB_GE) .GB_3C{PADDING-RIGHT:0}.GB_SA.GB_TA .GB_3C.GB_FE{PADDING-LEFT:0}.GB_SA.GB_TA .GB_3C.GB_FE .GB_IA{MARGIN-RIGHT:10PX}.GB_UC{DISPLAY:INLINE}.GB_SA.GB_OC .GB_3C.GB_HE,.GB_SA.GB_GE .GB_3C.GB_HE{PADDING-RIGHT:2PX}.GB_7C{DISPLAY:INLINE-BLOCK}.GB_3C{BOX-SIZING:BORDER-BOX;HEIGHT:48PX;LINE-HEIGHT:NORMAL;PADDING:0 4PX;PADDING-RIGHT:30PX;FLEX:0 0 AUTO;JUSTIFY-CONTENT:FLEX-END}.GB_GE{HEIGHT:48PX}.GB_SA.GB_GE{MIN-WIDTH:INITIAL;MIN-WIDTH:AUTO}.GB_GE .GB_3C{FLOAT:LEFT;PADDING-RIGHT:32PX}.GB_GE .GB_3C.GB_IE{PADDING-RIGHT:0}.GB_JE{FONT-SIZE:14PX;MAX-WIDTH:200PX;OVERFLOW:HIDDEN;PADDING:0 12PX;TEXT-OVERFLOW:ELLIPSIS;WHITE-SPACE:NOWRAP}.GB_KE{TRANSITION:BACKGROUND-COLOR .4S}.GB_LE{COLOR:BLACK}.GB_CC{COLOR:WHITE}.GB_SA A,.GB_IC A{COLOR:INHERIT}.GB_T{COLOR:RGBA(0,0,0,0.87)}.GB_SA SVG,.GB_IC SVG,.GB_9C .GB_ME,.GB_TC .GB_ME{COLOR:#5F6368;OPACITY:1}.GB_CC SVG,.GB_IC.GB_MC SVG,.GB_CC .GB_9C .GB_ME,.GB_CC .GB_9C .GB_BC,.GB_CC .GB_9C .GB_BD,.GB_IC.GB_MC .GB_ME{COLOR:RGBA(255,255,255, .87 )}.GB_CC .GB_9C .GB_UA:NOT(.GB_NE){OPACITY:.87}.GB_8C{COLOR:INHERIT;OPACITY:1;TEXT-RENDERING:OPTIMIZELEGIBILITY}.GB_CC .GB_8C,.GB_LE .GB_8C{OPACITY:1}.GB_OE{POSITION:RELATIVE}.GB_PE{FONT-FAMILY:ARIAL,SANS-SERIF;LINE-HEIGHT:NORMAL;PADDING-LEFT:15PX}A.GB_G,SPAN.GB_G{COLOR:RGBA(0,0,0,0.87);TEXT-DECORATION:NONE}.GB_CC A.GB_G,.GB_CC SPAN.GB_G{COLOR:WHITE}A.GB_G:HOVER,A.GB_G:FOCUS{OPACITY:.85;TEXT-DECORATION:UNDERLINE}.GB_H{DISPLAY:INLINE-BLOCK;PADDING-RIGHT:15PX}.GB_H .GB_G{DISPLAY:INLINE-BLOCK;LINE-HEIGHT:24PX;OUTLINE:NONE;VERTICAL-ALIGN:MIDDLE}.GB_QE{FONT-FAMILY:GOOGLE SANS,ROBOTO,ROBOTODRAFT,HELVETICA,ARIAL,SANS-SERIF;FONT-WEIGHT:500;FONT-SIZE:14PX;LETTER-SPACING:.25PX;LINE-HEIGHT:16PX;MARGIN-RIGHT:10PX;MARGIN-LEFT:8PX;MIN-WIDTH:96PX;PADDING:9PX 23PX;TEXT-ALIGN:CENTER;VERTICAL-ALIGN:MIDDLE;BORDER-RADIUS:4PX;BOX-SIZING:BORDER-BOX}.GB_SA.GB_GE .GB_QE{MARGIN-RIGHT:8PX}#GB A.GB_4.GB_4.GB_QE,#GB A.GB_3.GB_3.GB_QE{CURSOR:POINTER}.GB_4.GB_QE:HOVER{BACKGROUND:#2B7DE9;BOX-SHADOW:0 1PX 2PX 0 RGBA(66,133,244,0.3),0 1PX 3PX 1PX RGBA(66,133,244,0.15)}.GB_4.GB_QE:FOCUS,.GB_4.GB_QE:HOVER:FOCUS{BACKGROUND:#5094ED;BOX-SHADOW:0 1PX 2PX 0 RGBA(66,133,244,0.3),0 1PX 3PX 1PX RGBA(66,133,244,0.15)}.GB_4.GB_QE:ACTIVE{BACKGROUND:#63A0EF;BOX-SHADOW:0 1PX 2PX 0 RGBA(66,133,244,0.3),0 1PX 3PX 1PX RGBA(66,133,244,0.15)}.GB_QE:NOT(.GB_3){BACKGROUND:#1A73E8;BORDER:1PX SOLID TRANSPARENT}.GB_SA.GB_TA .GB_QE{PADDING:9PX 15PX;MIN-WIDTH:80PX}.GB_RE{TEXT-ALIGN:RIGHT}#GB A.GB_4.GB_JA.GB_QE,#GB A.GB_QE.GB_3{BACKGROUND:#FFFFFF;BORDER-COLOR:#DADCE0;BOX-SHADOW:NONE;COLOR:#1A73E8}#GB A.GB_4.GB_JA.GB_QE:HOVER,#GB A.GB_QE.GB_3:HOVER{BACKGROUND:#F8FBFF;BORDER-COLOR:#CCE0FC}#GB A.GB_4.GB_JA.GB_QE:FOCUS,#GB A.GB_4.GB_JA.GB_QE:FOCUS:HOVER,#GB A.GB_QE.GB_3:FOCUS,#GB A.GB_QE.GB_3:FOCUS:HOVER{BACKGROUND:#F4F8FF;BORDER-COLOR:#C9DDFC}#GB A.GB_4.GB_JA.GB_QE:ACTIVE,#GB A.GB_QE.GB_3:ACTIVE{BACKGROUND:#ECF3FE}#GB A.GB_4.GB_JA.GB_QE:ACTIVE{BOX-SHADOW:0 1PX 2PX 0 RGBA(0,0,0,0.3),0 2PX 6PX 2PX RGBA(0,0,0,0.15)}#GB A.GB_QE.GB_3:NOT(.GB_JA):ACTIVE{BOX-SHADOW:0 1PX 2PX 0 RGBA(60,64,67,0.3),0 2PX 6PX 2PX RGBA(60,64,67,0.15)}.GB_IA{BACKGROUND-COLOR:RGBA(255,255,255,0.88);BORDER:1PX SOLID #DADCE0;BOX-SIZING:BORDER-BOX;CURSOR:POINTER;DISPLAY:INLINE-BLOCK;MAX-HEIGHT:48PX;OVERFLOW:HIDDEN;OUTLINE:NONE;PADDING:0;VERTICAL-ALIGN:MIDDLE;WIDTH:134PX;BORDER-RADIUS:8PX}.GB_IA.GB_JA{BACKGROUND-COLOR:TRANSPARENT;BORDER:1PX SOLID #5F6368}.GB_KA{WIDTH:115PX}.GB_LA{DISPLAY:INHERIT}.GB_LA.GB_JA{BACKGROUND:#FFFFFF;BORDER-RADIUS:4PX;DISPLAY:INLINE-BLOCK;RIGHT:8PX;MARGIN-LEFT:5PX;POSITION:RELATIVE;PADDING:3PX;TOP:-1PX}.GB_LA.GB_MA.GB_JA{RIGHT:6PX;MARGIN-LEFT:2PX}.GB_IA:HOVER{BORDER:1PX SOLID #D2E3FC;BACKGROUND-COLOR:RGBA(248,250,255,0.88)}.GB_IA.GB_JA:HOVER{BORDER:1PX SOLID #5F6368;BACKGROUND-COLOR:RGBA(232,234,237,0.08)}.GB_IA:FOCUS{BORDER:1PX SOLID #FFF;BACKGROUND-COLOR:RGBA(255,255,255);BOX-SHADOW:0 1PX 2PX 0 RGBA(60,64,67,0.3),0 1PX 3PX 1PX RGBA(60,64,67,0.15)}.GB_IA.GB_JA:FOCUS{BORDER:1PX SOLID #E8EAED;BACKGROUND-COLOR:#38383B}.GB_IA.GB_JA:ACTIVE,.GB_IA.GB_NA.GB_JA:FOCUS{BORDER:1PX SOLID #5F6368;BACKGROUND-COLOR:#333438}.GB_OA{DISPLAY:INLINE-BLOCK;PADDING-RIGHT:7PX;PADDING-BOTTOM:2PX;TEXT-ALIGN:CENTER;VERTICAL-ALIGN:MIDDLE;LINE-HEIGHT:32PX;WIDTH:78PX}.GB_OA.GB_JA{LINE-HEIGHT:26PX;WIDTH:72PX}.GB_OA.GB_PA.GB_JA{LINE-HEIGHT:30PX;WIDTH:57PX}.GB_OA.GB_PA{LINE-HEIGHT:40PX;WIDTH:59PX}.GB_OA.GB_JA{PADDING-RIGHT:0;PADDING-BOTTOM:0}.GB_OA.GB_QA{BACKGROUND-COLOR:#F1F3F4;BORDER-RADIUS:4PX;MARGIN-RIGHT:8PX;PADDING-RIGHT:0}.GB_OA.GB_QA .GB_RA{VERTICAL-ALIGN:MIDDLE}.GB_SA:NOT(.GB_TA) .GB_IA{MARGIN-RIGHT:10PX;MARGIN-LEFT:4PX}.GB_IA .GB_RA.GB_UA{MIN-WIDTH:0}.GB_VA{MAX-HEIGHT:32PX;WIDTH:78PX}.GB_PA>.GB_VA{MAX-HEIGHT:40PX;WIDTH:96PX}.GB_VA.GB_JA{MAX-HEIGHT:26PX;WIDTH:72PX}.GB_PA>.GB_VA.GB_JA{MAX-HEIGHT:30PX;WIDTH:88PX}.GB_KA{BACKGROUND-SIZE:32PX 32PX;BORDER:0;BORDER-RADIUS:50%;DISPLAY:BLOCK;MARGIN:0;POSITION:RELATIVE;HEIGHT:32PX;WIDTH:32PX;Z-INDEX:0}.GB_LA{BACKGROUND-COLOR:#E8F0FE;BORDER:1PX SOLID RGBA(32,33,36,.08);POSITION:RELATIVE}.GB_LA.GB_KA{HEIGHT:30PX;WIDTH:30PX}.GB_LA.GB_KA:HOVER,.GB_LA.GB_KA:ACTIVE{BOX-SHADOW:NONE}.GB_MA{BACKGROUND:#FFF;BORDER:NONE;BORDER-RADIUS:50%;BOTTOM:2PX;BOX-SHADOW:0 1PX 2PX 0 RGBA(60,64,67,.30),0 1PX 3PX 1PX RGBA(60,64,67,.15);HEIGHT:14PX;MARGIN:2PX;POSITION:ABSOLUTE;LEFT:0;WIDTH:14PX}.GB_NA{COLOR:#1F71E7;FONT:400 22PX/32PX GOOGLE SANS,ROBOTO,ROBOTODRAFT,HELVETICA,ARIAL,SANS-SERIF;TEXT-ALIGN:CENTER;TEXT-TRANSFORM:UPPERCASE}@MEDIA (MIN-RESOLUTION:1.25DPPX),(-O-MIN-DEVICE-PIXEL-RATIO:5/4),(-WEBKIT-MIN-DEVICE-PIXEL-RATIO:1.25),(MIN-DEVICE-PIXEL-RATIO:1.25){.GB_KA::BEFORE{DISPLAY:INLINE-BLOCK;TRANSFORM:SCALE(.5);TRANSFORM-ORIGIN:RIGHT 0}.GB_OA::BEFORE{DISPLAY:INLINE-BLOCK;TRANSFORM:SCALE(.5);TRANSFORM-ORIGIN:RIGHT 0}.GB_L .GB_OA::BEFORE{TRANSFORM:SCALE(0.416666667)}}.GB_KA:HOVER,.GB_KA:FOCUS{BOX-SHADOW:0 1PX 0 RGBA(0,0,0,.15)}.GB_KA:ACTIVE{BOX-SHADOW:INSET 0 2PX 0 RGBA(0,0,0,.15)}.GB_KA:ACTIVE::AFTER{BACKGROUND:RGBA(0,0,0,.1);BORDER-RADIUS:50%;CONTENT:'';DISPLAY:BLOCK;HEIGHT:100%}.GB_PA{CURSOR:POINTER;LINE-HEIGHT:40PX;MIN-WIDTH:30PX;OPACITY:.75;OVERFLOW:HIDDEN;VERTICAL-ALIGN:MIDDLE;TEXT-OVERFLOW:ELLIPSIS}.GB_D.GB_PA{WIDTH:AUTO}.GB_PA:HOVER,.GB_PA:FOCUS{OPACITY:.85}.GB_QA .GB_PA,.GB_QA .GB_RA{LINE-HEIGHT:26PX}#GB#GB.GB_QA A.GB_PA,.GB_QA .GB_RA{FONT-SIZE:11PX;HEIGHT:AUTO}.GB_SA{BORDER-TOP:4PX SOLID #000;BORDER-RIGHT:4PX DASHED TRANSPARENT;BORDER-LEFT:4PX DASHED TRANSPARENT;DISPLAY:INLINE-BLOCK;MARGIN-RIGHT:6PX;OPACITY:.75;VERTICAL-ALIGN:MIDDLE}.GB_TA:HOVER .GB_SA{OPACITY:.85}.GB_IA>.GB_UA{PADDING:3PX 4PX 3PX 3PX}.GB_VA.GB_JA{COLOR:#FFF}.GB_J .GB_PA,.GB_J .GB_SA{OPACITY:1}#GB#GB.GB_J.GB_J A.GB_PA,#GB#GB .GB_J.GB_J A.GB_PA{COLOR:#FFF}.GB_J.GB_J .GB_SA{BORDER-TOP-COLOR:#FFF;OPACITY:1}.GB_E .GB_KA:HOVER,.GB_J .GB_KA:HOVER,.GB_E .GB_KA:FOCUS,.GB_J .GB_KA:FOCUS{BOX-SHADOW: 0 1PX 0 RGBA(0,0,0,.15) , 0 1PX 2PX RGBA(0,0,0,.2) }.GB_WA .GB_UA,.GB_XA .GB_UA{POSITION:ABSOLUTE;LEFT:1PX}.GB_UA.GB_I,.GB_ZA.GB_I,.GB_TA.GB_I{FLEX:0 1 AUTO;FLEX:0 1 MAIN-SIZE}.GB_0A.GB_1A .GB_PA{WIDTH:30PX!IMPORTANT}.GB_2A.GB_JA{DISPLAY:NONE}.GB_3A{HEIGHT:40PX;POSITION:ABSOLUTE;LEFT:-5PX;TOP:-5PX;WIDTH:40PX}.GB_4A .GB_3A,.GB_5A .GB_3A{LEFT:0;TOP:0}.GB_UA .GB_D{PADDING:4PX}.GB_TE{DISPLAY:NONE}.GB_CD{DISPLAY:NONE}.GB_CD.GB_NA{DISPLAY:BLOCK}.GB_DD{BACKGROUND-COLOR:#FFF;BOX-SHADOW:0 1PX 0 RGBA(0,0,0,0.08);COLOR:#000;POSITION:RELATIVE;Z-INDEX:986}.GB_ED{HEIGHT:40PX;PADDING:16PX 24PX;WHITE-SPACE:NOWRAP}.GB_FD{POSITION:FIXED;BOTTOM:16PX;PADDING:16PX;LEFT:16PX;WHITE-SPACE:NORMAL;WIDTH:328PX;TRANSITION:WIDTH .2S,BOTTOM .2S,RIGHT .2S;BORDER-RADIUS:2PX;BOX-SHADOW:0 5PX 5PX -3PX RGBA(0,0,0,0.2),0 8PX 10PX 1PX RGBA(0,0,0,0.14),0 3PX 14PX 2PX RGBA(0,0,0,0.12)}@MEDIA (MAX-WIDTH:400PX){.GB_DD.GB_FD{MAX-WIDTH:368PX;WIDTH:AUTO;BOTTOM:0;LEFT:0}}.GB_DD .GB_6C{BORDER:0;FONT-WEIGHT:500;FONT-SIZE:14PX;LINE-HEIGHT:36PX;MIN-WIDTH:32PX;PADDING:0 16PX;VERTICAL-ALIGN:MIDDLE}.GB_DD .GB_6C:BEFORE{CONTENT:'';HEIGHT:6PX;RIGHT:0;POSITION:ABSOLUTE;TOP:-6PX;WIDTH:100%}.GB_DD .GB_6C:AFTER{BOTTOM:-6PX;CONTENT:'';HEIGHT:6PX;RIGHT:0;POSITION:ABSOLUTE;WIDTH:100%}.GB_DD .GB_6C+.GB_6C{MARGIN-RIGHT:8PX}.GB_GD{HEIGHT:48PX;PADDING:4PX;MARGIN:-8PX -8PX 0 0}.GB_FD .GB_GD{FLOAT:RIGHT;MARGIN:-4PX}.GB_HD{FONT-FAMILY:ROBOTO,ROBOTODRAFT,HELVETICA,ARIAL,SANS-SERIF;OVERFLOW:HIDDEN;VERTICAL-ALIGN:TOP}.GB_ED .GB_HD{DISPLAY:INLINE-BLOCK;PADDING-RIGHT:8PX;WIDTH:640PX}.GB_FD .GB_HD{DISPLAY:BLOCK;MARGIN-RIGHT:56PX;PADDING-BOTTOM:16PX}.GB_ID{BACKGROUND-COLOR:INHERIT}.GB_ED .GB_ID{DISPLAY:INLINE-BLOCK;POSITION:ABSOLUTE;TOP:18PX;LEFT:24PX}.GB_FD .GB_ID{TEXT-ALIGN:LEFT;PADDING-LEFT:24PX;PADDING-TOP:6PX}.GB_ID .GB_JD{HEIGHT:1.5EM;MARGIN:-.25EM 0 -.25EM 10PX;VERTICAL-ALIGN:TEXT-TOP;WIDTH:1.5EM}.GB_KD{LINE-HEIGHT:20PX;FONT-SIZE:16PX;FONT-WEIGHT:700;COLOR:RGBA(0,0,0,.87)}.GB_FD .GB_KD{COLOR:RGBA(0,0,0,.87);FONT-SIZE:16PX;LINE-HEIGHT:20PX;PADDING-TOP:8PX}.GB_ED .GB_KD,.GB_ED .GB_LD{WIDTH:640PX}.GB_LD .GB_MD,.GB_LD{LINE-HEIGHT:20PX;FONT-SIZE:13PX;FONT-WEIGHT:400;COLOR:RGBA(0,0,0,.54)}.GB_FD .GB_LD .GB_MD{FONT-SIZE:14PX}.GB_FD .GB_LD{PADDING-TOP:12PX}.GB_FD .GB_LD A{COLOR:RGBA(66,133,244,1)}.GB_ND.GB_OD{PADDING:0}.GB_OD .GB_F{BACKGROUND:#FFFFFF;BORDER:SOLID 1PX TRANSPARENT;BORDER-RADIUS:8PX;BOX-SIZING:BORDER-BOX;PADDING:16PX;LEFT:16PX;TOP:72PX;BOX-SHADOW:0 1PX 2PX 0 RGBA(65,69,73,0.3),0 3PX 6PX 2PX RGBA(65,69,73,0.15)}.GB_OD .GB_F.GB_PD{LEFT:60PX;TOP:57PX}A.GB_QD{COLOR:#5F6368!IMPORTANT;FONT-SIZE:22PX;HEIGHT:24PX;OPACITY:1;PADDING:8PX;POSITION:ABSOLUTE;LEFT:8PX;TOP:8PX;TEXT-DECORATION:NONE!IMPORTANT;WIDTH:24PX}A.GB_QD:FOCUS,A.GB_QD:ACTIVE,A.GB_QD:FOCUS:HOVER{BACKGROUND-COLOR:#E8EAED;BORDER-RADIUS:50%;OUTLINE:NONE}A.GB_QD:HOVER{BACKGROUND-COLOR:#F1F3F4;BORDER-RADIUS:50%;OUTLINE:NONE}SVG.GB_RD{FILL:#5F6368;OPACITY:1}.GB_SD{PADDING:0;WHITE-SPACE:NORMAL;DISPLAY:TABLE}.GB_TD{LINE-HEIGHT:NORMAL;FONT-FAMILY:ROBOTO,ROBOTODRAFT,HELVETICA,ARIAL,SANS-SERIF}.GB_OD .GB_4:ACTIVE{OUTLINE:NONE;BOX-SHADOW:0 4PX 5PX RGBA(0,0,0,.16)}.GB_0.GB_UD.GB_VD{BORDER-RADIUS:4PX;BOX-SIZING:BORDER-BOX;CURSOR:POINTER;HEIGHT:36PX;FONT-FAMILY:GOOGLE SANS,ROBOTO,ROBOTODRAFT,HELVETICA,ARIAL,SANS-SERIF;FONT-SIZE:14PX;FONT-WEIGHT:500;LETTER-SPACING:.25PX;LINE-HEIGHT:16PX;MIN-WIDTH:70PX;OUTLINE:NONE;TEXT-TRANSFORM:NONE}.GB_0.GB_WD.GB_VD{BORDER-RADIUS:4PX;BOX-SIZING:BORDER-BOX;CURSOR:POINTER;HEIGHT:36PX;COLOR:#5F6368;FONT-FAMILY:GOOGLE SANS,ROBOTO,ROBOTODRAFT,HELVETICA,ARIAL,SANS-SERIF;FONT-SIZE:14PX;FONT-WEIGHT:500;LETTER-SPACING:.25PX;LINE-HEIGHT:16PX;MIN-WIDTH:70PX;OUTLINE:NONE;PADDING:8PX 6PX;TEXT-TRANSFORM:NONE}.GB_0.GB_UD.GB_VD{BACKGROUND:WHITE;BORDER:1PX SOLID #DADCE0;COLOR:#1A73E8;MARGIN-TOP:21PX;PADDING:9PX 7PX}.GB_0.GB_UD.GB_VD:HOVER{BACKGROUND-COLOR:RGBA(26,115,232,0.04)}.GB_0.GB_UD.GB_VD:FOCUS,.GB_0.GB_UD.GB_VD:FOCUS:HOVER{BACKGROUND-COLOR:RGBA(26,115,232,0.12);BORDER:SOLID 1PX #1A73E8}.GB_0.GB_UD.GB_VD:ACTIVE{BACKGROUND-COLOR:RGBA(26,115,232,0.1);BORDER-COLOR:TRANSPARENT}.GB_0.GB_WD:HOVER{BACKGROUND-COLOR:#F8F9FA}.GB_0.GB_WD:FOCUS,.GB_0.GB_WD:HOVER:FOCUS{BACKGROUND-COLOR:#F1F3F4;BORDER-COLOR:TRANSPARENT}.GB_0.GB_WD:ACTIVE{BACKGROUND-COLOR:#F1F3F4;BOX-SHADOW:0 1PX 2PX 0 RGBA(60,64,67,0.3),0 1PX 3PX 1PX RGBA(60,64,67,0.15)}.GB_MD{COLOR:#5F6368;FONT-FAMILY:ROBOTO,ROBOTODRAFT,HELVETICA,ARIAL,SANS-SERIF;FONT-SIZE:14PX;LETTER-SPACING:.25PX;LINE-HEIGHT:20PX;MARGIN:0;MARGIN-BOTTOM:5PX}.GB_XD{TEXT-ALIGN:LEFT;FONT-SIZE:14PX;PADDING-BOTTOM:0;WHITE-SPACE:NOWRAP}.GB_XD .GB_YD,.GB_XD .GB_ZD{MARGIN-RIGHT:12PX;TEXT-TRANSFORM:NONE}A.GB_4.GB_YD:HOVER{BACKGROUND-COLOR:#2B7DE9;BORDER-COLOR:TRANSPARENT;BOX-SHADOW:0 1PX 2PX 0 RGBA(66,133,244,0.3),0 1PX 3PX 1PX RGBA(66,133,244,0.15)}A.GB_4.GB_YD:FOCUS,A.GB_4.GB_YD:HOVER:FOCUS{BACKGROUND-COLOR:#5094ED;BORDER-COLOR:TRANSPARENT;BOX-SHADOW:0 1PX 2PX 0 RGBA(66,133,244,0.3),0 1PX 3PX 1PX RGBA(66,133,244,0.15)}A.GB_4.GB_YD:ACTIVE{BACKGROUND-COLOR:#63A0EF;BOX-SHADOW:0 1PX 2PX 0 RGBA(66,133,244,0.3),0 1PX 3PX 1PX RGBA(66,133,244,0.15)}.GB_XD .GB_YD.GB_AD{PADDING-RIGHT:6PX;PADDING-LEFT:14PX}.GB_XD .GB_VD.GB_YD IMG{BACKGROUND-COLOR:INHERIT;BORDER-RADIUS:INITIAL;HEIGHT:18PX;MARGIN:0 4PX 0 8PX;VERTICAL-ALIGN:TEXT-TOP;WIDTH:18PX}.GB_BD .GB_SD .GB_CD .GB_VD{BORDER:2PX SOLID TRANSPARENT}.GB_SD .GB_CD .GB_VD:FOCUS:AFTER,.GB_SD .GB_CD .GB_VD:HOVER:AFTER{BACKGROUND-COLOR:TRANSPARENT}.GB_TD{BACKGROUND-COLOR:#404040;COLOR:#FFF;PADDING:16PX;POSITION:ABSOLUTE;TOP:62PX;MIN-WIDTH:328PX;MAX-WIDTH:650PX;LEFT:8PX;BORDER-RADIUS:2PX;BOX-SHADOW:4PX 4PX 12PX RGBA(0,0,0,0.4)}.GB_TD A,.GB_TD A:VISITED{COLOR:#5E97F6;TEXT-DECORATION:NONE}.GB_DD{TEXT-TRANSFORM:UPPERCASE}.GB_ED{PADDING-RIGHT:50PX}.GB_FD{COLOR:#3C4043;FONT-FAMILY:GOOGLE SANS,ROBOTO,ROBOTODRAFT,HELVETICA,ARIAL,SANS-SERIF;FONT-SIZE:16PX;FONT-WEIGHT:500;LETTER-SPACING:.1PX;LINE-HEIGHT:20PX;MARGIN:0;MARGIN-BOTTOM:12PX}.GB_MD A.GB_ID{TEXT-DECORATION:NONE;COLOR:#5E97F6}.GB_MD A.GB_ID:VISITED{COLOR:#5E97F6}.GB_MD A.GB_ID:HOVER,.GB_MD A.GB_ID:ACTIVE{TEXT-DECORATION:UNDERLINE}.GB_JD{POSITION:ABSOLUTE;BACKGROUND:TRANSPARENT;TOP:-999PX;Z-INDEX:-1;VISIBILITY:HIDDEN;MARGIN-TOP:1PX;MARGIN-RIGHT:1PX}#GB .GB_OD{MARGIN:0}.GB_OD .GB_6C{BACKGROUND:#4D90FE;BORDER:2PX SOLID TRANSPARENT;BOX-SIZING:BORDER-BOX;FONT-WEIGHT:500;MARGIN-TOP:21PX;MIN-WIDTH:70PX;TEXT-ALIGN:CENTER}.GB_OD A.GB_4{BACKGROUND:#1A73E8;BORDER-RADIUS:4PX;COLOR:#FFFFFF;FONT-FAMILY:GOOGLE SANS,ROBOTO,ROBOTODRAFT,HELVETICA,ARIAL,SANS-SERIF;FONT-SIZE:14PX;FONT-WEIGHT:500;LETTER-SPACING:.25PX;LINE-HEIGHT:16PX;PADDING:8PX 22PX}.GB_OD A.GB_4.GB_KD{BACKGROUND:#D93025}.GB_OD A.GB_4.GB_KD:HOVER{BACKGROUND-COLOR:#CC3127}.GB_OD A.GB_4.GB_KD:FOCUS,.GB_OD A.GB_4.GB_KD:FOCUS:HOVER{BACKGROUND-COLOR:#B3332C}.GB_OD A.GB_4.GB_KD:ACTIVE,.GB_OD A.GB_4.GB_KD:FOCUS:ACTIVE{BACKGROUND-COLOR:#A6342E}.GB_OD.GB_LD A.GB_4{FLOAT:LEFT}#GB .GB_OD A.GB_6C.GB_6C{COLOR:#FFFFFF;CURSOR:POINTER}.GB_OD .GB_6C:HOVER{BACKGROUND:#357AE8;BORDER-COLOR:#2F5BB7}.GB_MD,.GB_CD{DISPLAY:TABLE-CELL}.GB_MD{VERTICAL-ALIGN:MIDDLE}.GB_MD IMG{HEIGHT:48PX;PADDING-RIGHT:4PX;PADDING-LEFT:20PX;WIDTH:48PX}.GB_CD{PADDING-RIGHT:13PX;WIDTH:100%}.GB_OD .GB_CD{PADDING-TOP:4PX;MIN-WIDTH:326PX;PADDING-RIGHT:0;WIDTH:326PX}.GB_OD.GB_ND .GB_CD{MIN-WIDTH:254PX;WIDTH:254PX}.GB_OD.GB_LD .GB_CD{PADDING-TOP:32PX}.GB_OD{DISPLAY:BLOCK;DISPLAY:INLINE-BLOCK;PADDING:1EM 0 0 0;POSITION:RELATIVE;WIDTH:100%}.GB_PD{COLOR:#FF0000;FONT-STYLE:ITALIC;MARGIN:0;PADDING-RIGHT:46PX}.GB_OD .GB_QD{FLOAT:LEFT;MARGIN:-20PX 0;WIDTH:CALC(100% - 46PX)}.GB_RD SVG{FILL:GREY}.GB_RD.GB_SD SVG{FILL:#4285F4}.GB_OD .GB_QD LABEL:AFTER{BACKGROUND-COLOR:#4285F4}.GB_RD{DISPLAY:INLINE;FLOAT:LEFT;MARGIN-LEFT:22PX;POSITION:RELATIVE;TOP:2PX}.GB_VD{COLOR:#FFFFFF;FONT-SIZE:13PX;FONT-WEIGHT:BOLD;HEIGHT:25PX;LINE-HEIGHT:19PX;PADDING-TOP:5PX;PADDING-RIGHT:12PX;POSITION:RELATIVE;BACKGROUND-COLOR:#4D90FE}.GB_VD .GB_WD{COLOR:#FFFFFF;CURSOR:DEFAULT;FONT-SIZE:22PX;FONT-WEIGHT:NORMAL;POSITION:ABSOLUTE;LEFT:12PX;TOP:5PX}.GB_VD .GB_YD,.GB_VD .GB_WD{COLOR:#FFFFFF;DISPLAY:INLINE-BLOCK;FONT-SIZE:11PX;MARGIN-RIGHT:16PX;PADDING:0 8PX;WHITE-SPACE:NOWRAP}.GB_XD{BACKGROUND:NONE;BACKGROUND-IMAGE:LINEAR-GRADIENT(TOP,RGBA(0,0,0,0.16),RGBA(0,0,0,0.2));BORDER-RADIUS:2PX;BORDER:1PX SOLID #DCDCDC;BORDER:1PX SOLID RGBA(0,0,0,0.1);CURSOR:DEFAULT!IMPORTANT;FILTER:PROGID:DXIMAGETRANSFORM.MICROSOFT.GRADIENT(STARTCOLORSTR=#160000FF,ENDCOLORSTR=#220000FF);TEXT-DECORATION:NONE!IMPORTANT}.GB_XD:HOVER{BACKGROUND:NONE;BACKGROUND-IMAGE:LINEAR-GRADIENT(TOP,RGBA(0,0,0,0.14),RGBA(0,0,0,0.2));BORDER:1PX SOLID RGBA(0,0,0,0.2);BOX-SHADOW:0 1PX 1PX RGBA(0,0,0,0.1);FILTER:PROGID:DXIMAGETRANSFORM.MICROSOFT.GRADIENT(STARTCOLORSTR=#14000000,ENDCOLORSTR=#22000000)}.GB_XD:ACTIVE{BOX-SHADOW:INSET 0 1PX 2PX RGBA(0,0,0,0.3)}.GB_SA .GB_0{COLOR:#4285F4}.GB_SA .GB_1{COLOR:#FFF}.GB_SA .GB_6C:NOT(.GB_6E):FOCUS{OUTLINE:NONE}SENTINEL{}</STYLE></HEAD><BODY DIR="RTL" ROLE="APPLICATION" ITEMSCOPE ITEMTYPE="HTTP://SCHEMA.ORG/CREATIVEWORK/FILEOBJECT"><DIV STYLE="DISPLAY:NONE"><DIV ID="ONE-GOOGLE-BAR" CLASS="NDFHFB-C4YZDC-WOAL0C-JCJZYE-ZMV3U NDFHFB-C4YZDC-N1UUX-BZ112C"><DIV CLASS="GB_SA GB_GE GB_4A" ID="GB"><DIV CLASS="GB_3C GB_0A GB_2C" NG-NON-BINDABLE="" DATA-OGSR-UP="" STYLE="PADDING:0"><DIV CLASS="GB_4C" STYLE="DISPLAY:BLOCK"><DIV CLASS="GB_UC"></DIV><A CLASS="GB_4 GB_5 GB_QE GB_6C" HREF="HTTPS://ACCOUNTS.GOOGLE.COM/SERVICELOGIN?SERVICE=WISE&AMP;PASSIVE=1209600&AMP;CONTINUE=HTTPS://DRIVE.GOOGLE.COM/FILE/D/1GMIQ25SH98LTCYTICKPLSCR8DMO4GWBH/VIEW?USP%3DSHARING&AMP;FOLLOWUP=HTTPS://DRIVE.GOOGLE.COM/FILE/D/1GMIQ25SH98LTCYTICKPLSCR8DMO4GWBH/VIEW?USP%3DSHARING" TARGET="_TOP"> </A></DIV></DIV></DIV><SCRIPT>THIS.GBAR_=THIS.GBAR_||{};(FUNCTION(_){VAR WINDOW=THIS;
20200713.1630.38 info  Import         Just eating: TRY{
20200713.1630.38 info  Import         Just eating: /*
20200713.1630.38 info  Import         Just eating: 
20200713.1630.38 info  Import         Just eating: COPYRIGHT THE CLOSURE LIBRARY AUTHORS.
20200713.1630.38 info  Import         Just eating: SPDX-LICENSE-IDENTIFIER: APACHE-2.0
20200713.1630.38 info  Import         Just eating: */
20200713.1630.38 info  Import         Just eating: _.HD=!_.X||_.FC(9);_.ID=!_.X||_.FC(9);_.JD=_.X&&!_.DC("9");_.KD=FUNCTION(){IF(!_.P.ADDEVENTLISTENER||!OBJECT.DEFINEPROPERTY)RETURN!1;VAR A=!1,B=OBJECT.DEFINEPROPERTY({},"PASSIVE",{GET:FUNCTION(){A=!0}});TRY{_.P.ADDEVENTLISTENER("TEST",_.VA,B),_.P.REMOVEEVENTLISTENER("TEST",_.VA,B)}CATCH(C){}RETURN A}();
20200713.1630.38 info  Import         Just eating: _.LD=_.PB?"WEBKITTRANSITIONEND":_.LB?"OTRANSITIONEND":"TRANSITIONEND";
20200713.1630.38 info  Import         Just eating: 
20200713.1630.38 info  Import         Just eating: }CATCH(E){_._DUMPEXCEPTION(E)}
20200713.1630.38 info  Import         Just eating: TRY{
20200713.1630.38 info  Import         Just eating: _.MD=FUNCTION(A,B,C){IF(!A.O)IF(C INSTANCEOF ARRAY){C=_.IA(C);FOR(VAR D=C.NEXT();!D.DONE;D=C.NEXT())_.MD(A,B,D.VALUE)}ELSE{D=(0,_.Q)(A.F,A,B);VAR E=A.D+C;A.D++;B.SETATTRIBUTE("DATA-EQID",E);A.B[E]=D;B&&B.ADDEVENTLISTENER?B.ADDEVENTLISTENER(C,D,!1):B&&B.ATTACHEVENT?B.ATTACHEVENT("ON"+C,D):A.C.LOG(ERROR("M`"+B))}};
20200713.1630.38 info  Import         Just eating: 
20200713.1630.38 info  Import         Just eating: }CATCH(E){_._DUMPEXCEPTION(E)}
20200713.1630.38 info  Import         Just eating: TRY{
20200713.1630.38 info  Import         Just eating: VAR ND=DOCUMENT.QUERYSELECTOR(".GB_C .GB_D"),OD=DOCUMENT.QUERYSELECTOR("#GB.GB_LC");ND&&!OD&&_.MD(_.XD,ND,"CLICK");
20200713.1630.38 info  Import         Just eating: 
20200713.1630.38 info  Import         Just eating: }CATCH(E){_._DUMPEXCEPTION(E)}
20200713.1630.38 info  Import         Just eating: TRY{
20200713.1630.38 info  Import         Just eating: VAR XH=FUNCTION(A){_.I.CALL(THIS);THIS.D=A;THIS.A=NULL;THIS.O={};THIS.F={};THIS.J={}};_.N(XH,_.I);_.YH=FUNCTION(A){IF(A.A)RETURN A.A;FOR(VAR B IN A.J)IF(A.J[B].YE()&&A.J[B].TB())RETURN A.J[B];RETURN NULL};XH.PROTOTYPE.C=FUNCTION(A){THIS.J[A]&&(_.YH(THIS)&&_.YH(THIS).VC()==A||THIS.J[A].VE(!0))};XH.PROTOTYPE.HB=FUNCTION(A){FOR(VAR B IN THIS.J)THIS.J[B].YE()&&THIS.J[B].HB(A)};XH.PROTOTYPE.B=FUNCTION(A){THIS.J[A.VC()]=A};VAR ZH=NEW XH(_.VD);_.JC("DD",ZH);
20200713.1630.38 info  Import         Just eating: 
20200713.1630.38 info  Import         Just eating: }CATCH(E){_._DUMPEXCEPTION(E)}
20200713.1630.38 info  Import         Just eating: TRY{
20200713.1630.38 info  Import         Just eating: VAR LJ=DOCUMENT.QUERYSELECTOR(".GB_UA .GB_D"),MJ=DOCUMENT.QUERYSELECTOR("#GB.GB_LC");LJ&&!MJ&&_.MD(_.XD,LJ,"CLICK");
20200713.1630.38 info  Import         Just eating: 
20200713.1630.38 info  Import         Just eating: }CATCH(E){_._DUMPEXCEPTION(E)}
20200713.1630.38 info  Import         Just eating: })(THIS.GBAR_);
20200713.1630.38 info  Import         Just eating: // GOOGLE INC.
20200713.1630.38 info  Import         Just eating: </SCRIPT></DIV></DIV><META ITEMPROP="NAME" CONTENT="MSCHOOL.CMARE"><META ITEMPROP="FAVICONURL" CONTENT="HTTPS://SSL.GSTATIC.COM/DOCS/DOCLIST/IMAGES/ICON_14_GENERIC_FAVICON.ICO"><META ITEMPROP="URL" CONTENT="HTTPS://DRIVE.GOOGLE.COM/FILE/D/1GMIQ25SH98LTCYTICKPLSCR8DMO4GWBH/VIEW?USP=SHARING&AMP;USP=EMBED_GOOGLEPLUS"><DIV NG-NON-BINDABLE=""></DIV><SCRIPT>THIS.GBAR_=THIS.GBAR_||{};(FUNCTION(_){VAR WINDOW=THIS;
20200713.1630.38 info  Import         Just eating: TRY{
20200713.1630.38 info  Import         Just eating: /*
20200713.1630.38 info  Import         Just eating: 
20200713.1630.38 info  Import         Just eating: COPYRIGHT THE CLOSURE LIBRARY AUTHORS.
20200713.1630.38 info  Import         Just eating: SPDX-LICENSE-IDENTIFIER: APACHE-2.0
20200713.1630.38 info  Import         Just eating: */
20200713.1630.38 info  Import         Just eating: VAR QD,RD,SD,WD,XD,YD,ZD,$D,AE,BE,GE;_.PD=FUNCTION(A,B){VAR C=ARRAY.PROTOTYPE.SLICE.CALL(ARGUMENTS,1);RETURN FUNCTION(){VAR D=C.SLICE();D.PUSH.APPLY(D,ARGUMENTS);RETURN A.APPLY(THIS,D)}};QD=NULL;RD=/^[\W+/_-]+[=]{0,2}$/;SD=FUNCTION(A){RETURN(A=A.QUERYSELECTOR&&A.QUERYSELECTOR("SCRIPT[NONCE]"))&&(A=A.NONCE||A.GETATTRIBUTE("NONCE"))&&RD.TEST(A)?A:""};_.TD=FUNCTION(A){VAR B=_.YA(A);RETURN"ARRAY"==B||"OBJECT"==B&&"NUMBER"==TYPEOF A.LENGTH};
20200713.1630.38 info  Import         Just eating: _.UD=FUNCTION(A){VAR B=A.LENGTH;IF(0<B){FOR(VAR C=ARRAY(B),D=0;D<B;D++)C[D]=A[D];RETURN C}RETURN[]};_.VD=FUNCTION(A,B){RETURN 0==A.LASTINDEXOF(B,0)};WD=/&/G;XD=/</G;YD=/>/G;ZD=/"/G;$D=/'/G;AE=/\X00/G;BE=/[\X00&<>"']/;
20200713.1630.38 info  Import         Just eating: _.CE=FUNCTION(A,B){IF(B)A=A.REPLACE(WD,"&AMP;").REPLACE(XD,"&LT;").REPLACE(YD,"&GT;").REPLACE(ZD,"&QUOT;").REPLACE($D,"&#39;").REPLACE(AE,"&#0;");ELSE{IF(!BE.TEST(A))RETURN A;-1!=A.INDEXOF("&")&&(A=A.REPLACE(WD,"&AMP;"));-1!=A.INDEXOF("<")&&(A=A.REPLACE(XD,"&LT;"));-1!=A.INDEXOF(">")&&(A=A.REPLACE(YD,"&GT;"));-1!=A.INDEXOF('"')&&(A=A.REPLACE(ZD,"&QUOT;"));-1!=A.INDEXOF("'")&&(A=A.REPLACE($D,"&#39;"));-1!=A.INDEXOF("\X00")&&(A=A.REPLACE(AE,"&#0;"))}RETURN A};
20200713.1630.38 info  Import         Just eating: _.DE=FUNCTION(A){VAR B;(B=A.OWNERDOCUMENT&&A.OWNERDOCUMENT.DEFAULTVIEW)&&B!=_.P?B=SD(B.DOCUMENT):(NULL===QD&&(QD=SD(_.P.DOCUMENT)),B=QD);B&&A.SETATTRIBUTE("NONCE",B)};_.EE=FUNCTION(A,B){A.SRC=_.$A(B);_.DE(A)};_.FE=FUNCTION(A){RETURN A=_.CE(A,VOID 0)};GE=!_.X||_.FC(9);_.HE=!_.OB&&!_.X||_.X&&_.FC(9)||_.OB&&_.DC("1.9.1");_.IE=_.X&&!_.DC("9");_.JE=_.X||_.LB||_.PB;
20200713.1630.38 info  Import         Just eating: _.KE=FUNCTION(A,B){THIS.WIDTH=A;THIS.HEIGHT=B};_.H=_.KE.PROTOTYPE;_.H.ASPECTRATIO=FUNCTION(){RETURN THIS.WIDTH/THIS.HEIGHT};_.H.AC=FUNCTION(){RETURN!(THIS.WIDTH*THIS.HEIGHT)};_.H.CEIL=FUNCTION(){THIS.WIDTH=MATH.CEIL(THIS.WIDTH);THIS.HEIGHT=MATH.CEIL(THIS.HEIGHT);RETURN THIS};_.H.FLOOR=FUNCTION(){THIS.WIDTH=MATH.FLOOR(THIS.WIDTH);THIS.HEIGHT=MATH.FLOOR(THIS.HEIGHT);RETURN THIS};_.H.ROUND=FUNCTION(){THIS.WIDTH=MATH.ROUND(THIS.WIDTH);THIS.HEIGHT=MATH.ROUND(THIS.HEIGHT);RETURN THIS};
20200713.1630.38 info  Import         Just eating: VAR NE;_.LE=FUNCTION(A,B){RETURN(B||DOCUMENT).GETELEMENTSBYTAGNAME(STRING(A))};_.N=FUNCTION(A,B){VAR C=B||DOCUMENT;IF(C.GETELEMENTSBYCLASSNAME)A=C.GETELEMENTSBYCLASSNAME(A)[0];ELSE{C=DOCUMENT;VAR D=B||C;A=D.QUERYSELECTORALL&&D.QUERYSELECTOR&&A?D.QUERYSELECTOR(A?"."+A:""):_.ME(C,"*",A,B)[0]||NULL}RETURN A||NULL};
20200713.1630.38 info  Import         Just eating: _.ME=FUNCTION(A,B,C,D){A=D||A;B=B&&"*"!=B?STRING(B).TOUPPERCASE():"";IF(A.QUERYSELECTORALL&&A.QUERYSELECTOR&&(B||C))RETURN A.QUERYSELECTORALL(B+(C?"."+C:""));IF(C&&A.GETELEMENTSBYCLASSNAME){A=A.GETELEMENTSBYCLASSNAME(C);IF(B){D={};FOR(VAR E=0,F=0,G;G=A[F];F++)B==G.NODENAME&&(D[E++]=G);D.LENGTH=E;RETURN D}RETURN A}A=A.GETELEMENTSBYTAGNAME(B||"*");IF(C){D={};FOR(F=E=0;G=A[F];F++)B=G.CLASSNAME,"FUNCTION"==TYPEOF B.SPLIT&&_.NA(B.SPLIT(/\S+/),C)&&(D[E++]=G);D.LENGTH=E;RETURN D}RETURN A};
20200713.1630.38 info  Import         Just eating: _.OE=FUNCTION(A,B){_.OA(B,FUNCTION(C,D){C&&"OBJECT"==TYPEOF C&&C.QB&&(C=C.FB());"STYLE"==D?A.STYLE.CSSTEXT=C:"CLASS"==D?A.CLASSNAME=C:"FOR"==D?A.HTMLFOR=C:NE.HASOWNPROPERTY(D)?A.SETATTRIBUTE(NE[D],C):_.VD(D,"ARIA-")||_.VD(D,"DATA-")?A.SETATTRIBUTE(D,C):A[D]=C})};NE={CELLPADDING:"CELLPADDING",CELLSPACING:"CELLSPACING",COLSPAN:"COLSPAN",FRAMEBORDER:"FRAMEBORDER",HEIGHT:"HEIGHT",MAXLENGTH:"MAXLENGTH",NONCE:"NONCE",ROLE:"ROLE",ROWSPAN:"ROWSPAN",TYPE:"TYPE",USEMAP:"USEMAP",VALIGN:"VALIGN",WIDTH:"WIDTH"};
20200713.1630.38 info  Import         Just eating: _.RE=FUNCTION(A,B){VAR C=STRING(B[0]),D=B[1];IF(!GE&&D&&(D.NAME||D.TYPE)){C=["<",C];D.NAME&&C.PUSH(' NAME="',_.FE(D.NAME),'"');IF(D.TYPE){C.PUSH(' TYPE="',_.FE(D.TYPE),'"');VAR E={};_.QA(E,D);DELETE E.TYPE;D=E}C.PUSH(">");C=C.JOIN("")}C=_.PE(A,C);D&&("STRING"===TYPEOF D?C.CLASSNAME=D:ARRAY.ISARRAY(D)?C.CLASSNAME=D.JOIN(" "):_.OE(C,D));2<B.LENGTH&&_.QE(A,C,B,2);RETURN C};
20200713.1630.38 info  Import         Just eating: _.QE=FUNCTION(A,B,C,D){FUNCTION E(K){K&&B.APPENDCHILD("STRING"===TYPEOF K?A.CREATETEXTNODE(K):K)}FOR(;D<C.LENGTH;D++){VAR F=C[D];IF(!_.TD(F)||_.AA(F)&&0<F.NODETYPE)E(F);ELSE{A:{IF(F&&"NUMBER"==TYPEOF F.LENGTH){IF(_.AA(F)){VAR G="FUNCTION"==TYPEOF F.ITEM||"STRING"==TYPEOF F.ITEM;BREAK A}IF(_.ZA(F)){G="FUNCTION"==TYPEOF F.ITEM;BREAK A}}G=!1}(0,_.JA)(G?_.UD(F):F,E)}}};_.SE=FUNCTION(A){RETURN _.PE(DOCUMENT,A)};
20200713.1630.38 info  Import         Just eating: _.PE=FUNCTION(A,B){B=STRING(B);"APPLICATION/XHTML+XML"===A.CONTENTTYPE&&(B=B.TOLOWERCASE());RETURN A.CREATEELEMENT(B)};_.TE=FUNCTION(A){FOR(VAR B;B=A.FIRSTCHILD;)A.REMOVECHILD(B)};_.UE=FUNCTION(A){RETURN A&&A.PARENTNODE?A.PARENTNODE.REMOVECHILD(A):NULL};_.VE=FUNCTION(A){RETURN _.AA(A)&&1==A.NODETYPE};_.WE=FUNCTION(A){RETURN 9==A.NODETYPE?A:A.OWNERDOCUMENT||A.DOCUMENT};_.XE=FUNCTION(A,B,C){FOR(VAR D=0;A&&(NULL==C||D<=C);){IF(B(A))RETURN A;A=A.PARENTNODE;D++}RETURN NULL};
20200713.1630.38 info  Import         Just eating: 
20200713.1630.38 info  Import         Just eating: }CATCH(E){_._DUMPEXCEPTION(E)}
20200713.1630.38 info  Import         Just eating: TRY{
20200713.1630.38 info  Import         Just eating: _.QJ=FUNCTION(A){_.Z(THIS,A,0,-1,NULL,NULL)};_.V(_.QJ,_.Y);_.RJ=FUNCTION(A,B,C){A.REL=C;A.HREF=-1!=C.TOLOWERCASE().INDEXOF("STYLESHEET")?_.AB(B):B INSTANCEOF _.ZA?_.AB(B):B INSTANCEOF _.HB?_.IB(B):_.IB(_.LB(B))};
20200713.1630.38 info  Import         Just eating: _.SJ=FUNCTION(A){RETURN _.BB(_.A(A,4)||"")};
20200713.1630.38 info  Import         Just eating: 
20200713.1630.38 info  Import         Just eating: }CATCH(E){_._DUMPEXCEPTION(E)}
20200713.1630.38 info  Import         Just eating: TRY{
20200713.1630.38 info  Import         Just eating: VAR TJ=FUNCTION(A,B,C){_.WD.LOG(46,{ATT:A,MAX:B,URL:C})},VJ=FUNCTION(A,B,C){_.WD.LOG(47,{ATT:A,MAX:B,URL:C});A<B?UJ(A+1,B):_.VD.LOG(ERROR("Q`"+A+"`"+B),{URL:C})},UJ=FUNCTION(A,B){IF(WJ){VAR C=_.SE("SCRIPT");C.ASYNC=!0;C.TYPE="TEXT/JAVASCRIPT";C.CHARSET="UTF-8";_.EE(C,WJ);C.ONLOAD=_.PD(TJ,A,B,C.SRC);C.ONERROR=_.PD(VJ,A,B,C.SRC);_.WD.LOG(45,{ATT:A,MAX:B,URL:C.SRC});_.LE("HEAD")[0].APPENDCHILD(C)}},XJ=FUNCTION(A){_.Z(THIS,A,0,-1,NULL,NULL)};_.V(XJ,_.Y);
20200713.1630.38 info  Import         Just eating: VAR YJ=_.G(_.RD,XJ,17)||NEW XJ,ZJ,WJ=(ZJ=_.G(YJ,_.QJ,1))?_.SJ(ZJ):NULL,AJ,BJ=(AJ=_.G(YJ,_.QJ,2))?_.SJ(AJ):NULL,CJ=FUNCTION(){UJ(1,2);IF(BJ){VAR A=_.SE("LINK");A.SETATTRIBUTE("TYPE","TEXT/CSS");_.RJ(A,BJ,"STYLESHEET");_.LE("HEAD")[0].APPENDCHILD(A)}};
20200713.1630.38 info  Import         Just eating: (FUNCTION(){VAR A=_.SD();IF(_.B(A,18))CJ();ELSE{VAR B=_.A(A,19)||0;WINDOW.ADDEVENTLISTENER("LOAD",FUNCTION(){WINDOW.SETTIMEOUT(CJ,B)})}})();
20200713.1630.38 info  Import         Just eating: 
20200713.1630.38 info  Import         Just eating: }CATCH(E){_._DUMPEXCEPTION(E)}
20200713.1630.38 info  Import         Just eating: })(THIS.GBAR_);
20200713.1630.38 info  Import         Just eating: // GOOGLE INC.
20200713.1630.38 info  Import         Just eating: </SCRIPT><SCRIPT ID="BASE-JS" ASYNC TYPE="TEXT/JAVASCRIPT" SRC="HTTPS://WWW.GSTATIC.COM/_/APPS-FILEVIEW/_/JS/K=APPS-FILEVIEW.V.AR.FXEPSVNVE_M.O/D=1/CT=ZGMS/RS=AO0039TCSKS92MUGIQJK9XZ0YO2ITHLOIA/M=V"></SCRIPT></BODY></HTML>
20200713.1630.38 error Import         Missing data! It is very unlikely this is an .are file.
20200713.1728.41 error I3SaveTick     No I3 response received in 1 hour, 74 milliseconds. Connected=true
20200713.1728.41 info  Intermud       Shutdown!!!
20200713.1728.42 info  I3Server       InterMud3 Core (c)1996 George Reese
20200713.1728.42 error Intermud       Please set ADMINEMAIL in your coffeemud.ini file.
20200713.1728.42 info  Intermud3      I3 client connection: 204.209.44.3@8080
20200713.1728.42 info  I3Server       InterMud3 Server started on port 27766
20200713.1728.42 error I3SaveTick     Restarted your Intermud system.  To stop receiving these messages, DISABLE the I3 system.
20200713.1828.42 error I3SaveTick     No I3 response received in 1 hour, 258 milliseconds. Connected=true
20200713.1828.42 info  Intermud       Shutdown!!!
20200713.1828.42 info  I3Server       InterMud3 Core (c)1996 George Reese
20200713.1828.42 error Intermud       Please set ADMINEMAIL in your coffeemud.ini file.
20200713.1828.42 info  Intermud3      I3 client connection: 204.209.44.3@8080
20200713.1828.42 info  I3Server       InterMud3 Server started on port 27766
20200713.1828.42 error I3SaveTick     Restarted your Intermud system.  To stop receiving these messages, DISABLE the I3 system.
20200713.1911.02 info  Worker0#5      Connection from 185.176.221.168
20200713.1911.08 info  Worker0#5      Disconnect: 185.176.221.168 (5s)
